[0.066s] DEBUG:colcon:Command line arguments: ['/usr/bin/colcon', 'build']
[0.066s] DEBUG:colcon:Parsed command line arguments: Namespace(log_base=None, log_level=None, verb_name='build', build_base='build', install_base='install', merge_install=False, symlink_install=False, test_result_base=None, continue_on_error=False, executor='parallel', parallel_workers=20, event_handlers=None, ignore_user_meta=False, metas=['./colcon.meta'], base_paths=['.'], packages_ignore=None, packages_ignore_regex=None, paths=None, packages_up_to=None, packages_up_to_regex=None, packages_above=None, packages_above_and_dependencies=None, packages_above_depth=None, packages_select_by_dep=None, packages_skip_by_dep=None, packages_skip_up_to=None, packages_select_build_failed=False, packages_skip_build_finished=False, packages_select_test_failures=False, packages_skip_test_passed=False, packages_select=None, packages_skip=None, packages_select_regex=None, packages_skip_regex=None, packages_start=None, packages_end=None, allow_overriding=[], cmake_args=None, cmake_target=None, cmake_target_skip_unavailable=False, cmake_clean_cache=False, cmake_clean_first=False, cmake_force_configure=False, ament_cmake_args=None, catkin_cmake_args=None, catkin_skip_building_tests=False, verb_parser=<colcon_defaults.argument_parser.defaults.DefaultArgumentsDecorator object at 0x72cdb4243700>, verb_extension=<colcon_core.verb.build.BuildVerb object at 0x72cdb42431c0>, main=<bound method BuildVerb.main of <colcon_core.verb.build.BuildVerb object at 0x72cdb42431c0>>)
[0.164s] Level 1:colcon.colcon_core.package_discovery:discover_packages(colcon_meta) check parameters
[0.164s] Level 1:colcon.colcon_core.package_discovery:discover_packages(recursive) check parameters
[0.164s] Level 1:colcon.colcon_core.package_discovery:discover_packages(ignore) check parameters
[0.164s] Level 1:colcon.colcon_core.package_discovery:discover_packages(path) check parameters
[0.164s] Level 1:colcon.colcon_core.package_discovery:discover_packages(colcon_meta) discover
[0.164s] Level 1:colcon.colcon_core.package_discovery:discover_packages(recursive) discover
[0.164s] INFO:colcon.colcon_core.package_discovery:Crawling recursively for packages in '/home/amiro/Daniel/galil test/galil RSP/galil-RSP'
[0.164s] Level 1:colcon.colcon_core.package_identification:_identify(.) by extensions ['ignore', 'ignore_ament_install']
[0.164s] Level 1:colcon.colcon_core.package_identification:_identify(.) by extension 'ignore'
[0.164s] Level 1:colcon.colcon_core.package_identification:_identify(.) by extension 'ignore_ament_install'
[0.164s] Level 1:colcon.colcon_core.package_identification:_identify(.) by extensions ['colcon_pkg']
[0.164s] Level 1:colcon.colcon_core.package_identification:_identify(.) by extension 'colcon_pkg'
[0.164s] Level 1:colcon.colcon_core.package_identification:_identify(.) by extensions ['colcon_meta']
[0.164s] Level 1:colcon.colcon_core.package_identification:_identify(.) by extension 'colcon_meta'
[0.164s] Level 1:colcon.colcon_core.package_identification:_identify(.) by extensions ['ros']
[0.164s] Level 1:colcon.colcon_core.package_identification:_identify(.) by extension 'ros'
[0.172s] Level 1:colcon.colcon_core.package_identification:_identify(.) by extensions ['cmake', 'python']
[0.172s] Level 1:colcon.colcon_core.package_identification:_identify(.) by extension 'cmake'
[0.172s] Level 1:colcon.colcon_core.package_identification:_identify(.) by extension 'python'
[0.172s] Level 1:colcon.colcon_core.package_identification:_identify(.) by extensions ['python_setup_py']
[0.172s] Level 1:colcon.colcon_core.package_identification:_identify(.) by extension 'python_setup_py'
[0.172s] Level 1:colcon.colcon_core.package_identification:_identify(build) by extensions ['ignore', 'ignore_ament_install']
[0.172s] Level 1:colcon.colcon_core.package_identification:_identify(build) by extension 'ignore'
[0.172s] Level 1:colcon.colcon_core.package_identification:_identify(build) ignored
[0.172s] Level 1:colcon.colcon_core.package_identification:_identify(galil_description) by extensions ['ignore', 'ignore_ament_install']
[0.172s] Level 1:colcon.colcon_core.package_identification:_identify(galil_description) by extension 'ignore'
[0.173s] Level 1:colcon.colcon_core.package_identification:_identify(galil_description) by extension 'ignore_ament_install'
[0.173s] Level 1:colcon.colcon_core.package_identification:_identify(galil_description) by extensions ['colcon_pkg']
[0.173s] Level 1:colcon.colcon_core.package_identification:_identify(galil_description) by extension 'colcon_pkg'
[0.173s] Level 1:colcon.colcon_core.package_identification:_identify(galil_description) by extensions ['colcon_meta']
[0.173s] Level 1:colcon.colcon_core.package_identification:_identify(galil_description) by extension 'colcon_meta'
[0.173s] Level 1:colcon.colcon_core.package_identification:_identify(galil_description) by extensions ['ros']
[0.173s] Level 1:colcon.colcon_core.package_identification:_identify(galil_description) by extension 'ros'
[0.174s] DEBUG:colcon.colcon_core.package_identification:Package 'galil_description' with type 'ros.ament_cmake' and name 'galil_description'
[0.175s] Level 1:colcon.colcon_core.package_identification:_identify(galil_driver) by extensions ['ignore', 'ignore_ament_install']
[0.175s] Level 1:colcon.colcon_core.package_identification:_identify(galil_driver) by extension 'ignore'
[0.175s] Level 1:colcon.colcon_core.package_identification:_identify(galil_driver) by extension 'ignore_ament_install'
[0.175s] Level 1:colcon.colcon_core.package_identification:_identify(galil_driver) by extensions ['colcon_pkg']
[0.175s] Level 1:colcon.colcon_core.package_identification:_identify(galil_driver) by extension 'colcon_pkg'
[0.175s] Level 1:colcon.colcon_core.package_identification:_identify(galil_driver) by extensions ['colcon_meta']
[0.175s] Level 1:colcon.colcon_core.package_identification:_identify(galil_driver) by extension 'colcon_meta'
[0.175s] Level 1:colcon.colcon_core.package_identification:_identify(galil_driver) by extensions ['ros']
[0.175s] Level 1:colcon.colcon_core.package_identification:_identify(galil_driver) by extension 'ros'
[0.176s] DEBUG:colcon.colcon_core.package_identification:Package 'galil_driver' with type 'ros.ament_cmake' and name 'galil_driver'
[0.176s] Level 1:colcon.colcon_core.package_identification:_identify(install) by extensions ['ignore', 'ignore_ament_install']
[0.176s] Level 1:colcon.colcon_core.package_identification:_identify(install) by extension 'ignore'
[0.176s] Level 1:colcon.colcon_core.package_identification:_identify(install) ignored
[0.176s] Level 1:colcon.colcon_core.package_identification:_identify(internal) by extensions ['ignore', 'ignore_ament_install']
[0.176s] Level 1:colcon.colcon_core.package_identification:_identify(internal) by extension 'ignore'
[0.176s] Level 1:colcon.colcon_core.package_identification:_identify(internal) by extension 'ignore_ament_install'
[0.176s] Level 1:colcon.colcon_core.package_identification:_identify(internal) by extensions ['colcon_pkg']
[0.176s] Level 1:colcon.colcon_core.package_identification:_identify(internal) by extension 'colcon_pkg'
[0.176s] Level 1:colcon.colcon_core.package_identification:_identify(internal) by extensions ['colcon_meta']
[0.176s] Level 1:colcon.colcon_core.package_identification:_identify(internal) by extension 'colcon_meta'
[0.176s] Level 1:colcon.colcon_core.package_identification:_identify(internal) by extensions ['ros']
[0.176s] Level 1:colcon.colcon_core.package_identification:_identify(internal) by extension 'ros'
[0.176s] Level 1:colcon.colcon_core.package_identification:_identify(internal) by extensions ['cmake', 'python']
[0.176s] Level 1:colcon.colcon_core.package_identification:_identify(internal) by extension 'cmake'
[0.176s] Level 1:colcon.colcon_core.package_identification:_identify(internal) by extension 'python'
[0.176s] Level 1:colcon.colcon_core.package_identification:_identify(internal) by extensions ['python_setup_py']
[0.176s] Level 1:colcon.colcon_core.package_identification:_identify(internal) by extension 'python_setup_py'
[0.176s] Level 1:colcon.colcon_core.package_identification:_identify(log) by extensions ['ignore', 'ignore_ament_install']
[0.176s] Level 1:colcon.colcon_core.package_identification:_identify(log) by extension 'ignore'
[0.176s] Level 1:colcon.colcon_core.package_identification:_identify(log) ignored
[0.176s] Level 1:colcon.colcon_core.package_discovery:discover_packages(recursive) using defaults
[0.176s] Level 1:colcon.colcon_core.package_discovery:discover_packages(ignore) discover
[0.176s] Level 1:colcon.colcon_core.package_discovery:discover_packages(ignore) using defaults
[0.176s] Level 1:colcon.colcon_core.package_discovery:discover_packages(path) discover
[0.176s] Level 1:colcon.colcon_core.package_discovery:discover_packages(path) using defaults
[0.198s] Level 1:colcon.colcon_core.package_discovery:discover_packages(prefix_path) check parameters
[0.198s] Level 1:colcon.colcon_core.package_discovery:discover_packages(prefix_path) discover
[0.199s] DEBUG:colcon.colcon_installed_package_information.package_discovery:Found 339 installed packages in /opt/ros/humble
[0.200s] Level 1:colcon.colcon_core.package_discovery:discover_packages(prefix_path) using defaults
[0.226s] Level 5:colcon.colcon_core.verb:set package 'galil_description' build argument 'cmake_args' from command line to 'None'
[0.226s] Level 5:colcon.colcon_core.verb:set package 'galil_description' build argument 'cmake_target' from command line to 'None'
[0.227s] Level 5:colcon.colcon_core.verb:set package 'galil_description' build argument 'cmake_target_skip_unavailable' from command line to 'False'
[0.227s] Level 5:colcon.colcon_core.verb:set package 'galil_description' build argument 'cmake_clean_cache' from command line to 'False'
[0.227s] Level 5:colcon.colcon_core.verb:set package 'galil_description' build argument 'cmake_clean_first' from command line to 'False'
[0.227s] Level 5:colcon.colcon_core.verb:set package 'galil_description' build argument 'cmake_force_configure' from command line to 'False'
[0.227s] Level 5:colcon.colcon_core.verb:set package 'galil_description' build argument 'ament_cmake_args' from command line to 'None'
[0.227s] Level 5:colcon.colcon_core.verb:set package 'galil_description' build argument 'catkin_cmake_args' from command line to 'None'
[0.227s] Level 5:colcon.colcon_core.verb:set package 'galil_description' build argument 'catkin_skip_building_tests' from command line to 'False'
[0.227s] DEBUG:colcon.colcon_core.verb:Building package 'galil_description' with the following arguments: {'ament_cmake_args': None, 'build_base': '/home/amiro/Daniel/galil test/galil RSP/galil-RSP/build/galil_description', 'catkin_cmake_args': None, 'catkin_skip_building_tests': False, 'cmake_args': None, 'cmake_clean_cache': False, 'cmake_clean_first': False, 'cmake_force_configure': False, 'cmake_target': None, 'cmake_target_skip_unavailable': False, 'install_base': '/home/amiro/Daniel/galil test/galil RSP/galil-RSP/install/galil_description', 'merge_install': False, 'path': '/home/amiro/Daniel/galil test/galil RSP/galil-RSP/galil_description', 'symlink_install': False, 'test_result_base': None}
[0.227s] Level 5:colcon.colcon_core.verb:set package 'galil_driver' build argument 'cmake_args' from command line to 'None'
[0.227s] Level 5:colcon.colcon_core.verb:set package 'galil_driver' build argument 'cmake_target' from command line to 'None'
[0.227s] Level 5:colcon.colcon_core.verb:set package 'galil_driver' build argument 'cmake_target_skip_unavailable' from command line to 'False'
[0.227s] Level 5:colcon.colcon_core.verb:set package 'galil_driver' build argument 'cmake_clean_cache' from command line to 'False'
[0.227s] Level 5:colcon.colcon_core.verb:set package 'galil_driver' build argument 'cmake_clean_first' from command line to 'False'
[0.227s] Level 5:colcon.colcon_core.verb:set package 'galil_driver' build argument 'cmake_force_configure' from command line to 'False'
[0.227s] Level 5:colcon.colcon_core.verb:set package 'galil_driver' build argument 'ament_cmake_args' from command line to 'None'
[0.227s] Level 5:colcon.colcon_core.verb:set package 'galil_driver' build argument 'catkin_cmake_args' from command line to 'None'
[0.227s] Level 5:colcon.colcon_core.verb:set package 'galil_driver' build argument 'catkin_skip_building_tests' from command line to 'False'
[0.227s] DEBUG:colcon.colcon_core.verb:Building package 'galil_driver' with the following arguments: {'ament_cmake_args': None, 'build_base': '/home/amiro/Daniel/galil test/galil RSP/galil-RSP/build/galil_driver', 'catkin_cmake_args': None, 'catkin_skip_building_tests': False, 'cmake_args': None, 'cmake_clean_cache': False, 'cmake_clean_first': False, 'cmake_force_configure': False, 'cmake_target': None, 'cmake_target_skip_unavailable': False, 'install_base': '/home/amiro/Daniel/galil test/galil RSP/galil-RSP/install/galil_driver', 'merge_install': False, 'path': '/home/amiro/Daniel/galil test/galil RSP/galil-RSP/galil_driver', 'symlink_install': False, 'test_result_base': None}
[0.227s] INFO:colcon.colcon_core.executor:Executing jobs using 'parallel' executor
[0.228s] DEBUG:colcon.colcon_parallel_executor.executor.parallel:run_until_complete
[0.228s] INFO:colcon.colcon_ros.task.ament_cmake.build:Building ROS package in '/home/amiro/Daniel/galil test/galil RSP/galil-RSP/galil_description' with build type 'ament_cmake'
[0.228s] INFO:colcon.colcon_cmake.task.cmake.build:Building CMake package in '/home/amiro/Daniel/galil test/galil RSP/galil-RSP/galil_description'
[0.229s] INFO:colcon.colcon_core.plugin_system:Skipping extension 'colcon_core.shell.bat': Not used on non-Windows systems
[0.230s] INFO:colcon.colcon_core.shell:Skip shell extension 'powershell' for command environment: Not usable outside of PowerShell
[0.230s] DEBUG:colcon.colcon_core.shell:Skip shell extension 'dsv' for command environment
[0.232s] INFO:colcon.colcon_ros.task.ament_cmake.build:Building ROS package in '/home/amiro/Daniel/galil test/galil RSP/galil-RSP/galil_driver' with build type 'ament_cmake'
[0.232s] INFO:colcon.colcon_cmake.task.cmake.build:Building CMake package in '/home/amiro/Daniel/galil test/galil RSP/galil-RSP/galil_driver'
[0.232s] INFO:colcon.colcon_core.shell:Skip shell extension 'powershell' for command environment: Not usable outside of PowerShell
[0.232s] DEBUG:colcon.colcon_core.shell:Skip shell extension 'dsv' for command environment
[0.237s] DEBUG:colcon.colcon_core.event_handler.log_command:Invoking command in '/home/amiro/Daniel/galil test/galil RSP/galil-RSP/build/galil_description': CMAKE_PREFIX_PATH=/opt/ros/humble /usr/bin/cmake /home/amiro/Daniel/galil test/galil RSP/galil-RSP/galil_description -DCMAKE_INSTALL_PREFIX=/home/amiro/Daniel/galil test/galil RSP/galil-RSP/install/galil_description
[0.238s] DEBUG:colcon.colcon_core.event_handler.log_command:Invoking command in '/home/amiro/Daniel/galil test/galil RSP/galil-RSP/build/galil_driver': CMAKE_PREFIX_PATH=/opt/ros/humble /usr/bin/cmake /home/amiro/Daniel/galil test/galil RSP/galil-RSP/galil_driver -DCMAKE_INSTALL_PREFIX=/home/amiro/Daniel/galil test/galil RSP/galil-RSP/install/galil_driver
[1.224s] DEBUG:colcon.colcon_core.event_handler.log_command:Invoked command in '/home/amiro/Daniel/galil test/galil RSP/galil-RSP/build/galil_description' returned '0': CMAKE_PREFIX_PATH=/opt/ros/humble /usr/bin/cmake /home/amiro/Daniel/galil test/galil RSP/galil-RSP/galil_description -DCMAKE_INSTALL_PREFIX=/home/amiro/Daniel/galil test/galil RSP/galil-RSP/install/galil_description
[1.224s] DEBUG:colcon.colcon_core.event_handler.log_command:Invoking command in '/home/amiro/Daniel/galil test/galil RSP/galil-RSP/build/galil_description': CMAKE_PREFIX_PATH=/opt/ros/humble /usr/bin/cmake --build /home/amiro/Daniel/galil test/galil RSP/galil-RSP/build/galil_description -- -j20 -l20
[1.262s] DEBUG:colcon.colcon_core.event_handler.log_command:Invoked command in '/home/amiro/Daniel/galil test/galil RSP/galil-RSP/build/galil_description' returned '0': CMAKE_PREFIX_PATH=/opt/ros/humble /usr/bin/cmake --build /home/amiro/Daniel/galil test/galil RSP/galil-RSP/build/galil_description -- -j20 -l20
[1.268s] DEBUG:colcon.colcon_core.event_handler.log_command:Invoking command in '/home/amiro/Daniel/galil test/galil RSP/galil-RSP/build/galil_description': CMAKE_PREFIX_PATH=/opt/ros/humble /usr/bin/cmake --install /home/amiro/Daniel/galil test/galil RSP/galil-RSP/build/galil_description
[1.276s] Level 1:colcon.colcon_core.environment:create_environment_scripts_only(galil_description)
[1.277s] DEBUG:colcon.colcon_core.event_handler.log_command:Invoked command in '/home/amiro/Daniel/galil test/galil RSP/galil-RSP/build/galil_description' returned '0': CMAKE_PREFIX_PATH=/opt/ros/humble /usr/bin/cmake --install /home/amiro/Daniel/galil test/galil RSP/galil-RSP/build/galil_description
[1.278s] Level 1:colcon.colcon_core.environment:checking '/home/amiro/Daniel/galil test/galil RSP/galil-RSP/install/galil_description' for CMake module files
[1.278s] Level 1:colcon.colcon_core.environment:checking '/home/amiro/Daniel/galil test/galil RSP/galil-RSP/install/galil_description' for CMake config files
[1.279s] Level 1:colcon.colcon_core.shell:create_environment_hook('galil_description', 'cmake_prefix_path')
[1.279s] INFO:colcon.colcon_core.shell:Creating environment hook '/home/amiro/Daniel/galil test/galil RSP/galil-RSP/install/galil_description/share/galil_description/hook/cmake_prefix_path.ps1'
[1.280s] INFO:colcon.colcon_core.shell:Creating environment descriptor '/home/amiro/Daniel/galil test/galil RSP/galil-RSP/install/galil_description/share/galil_description/hook/cmake_prefix_path.dsv'
[1.280s] INFO:colcon.colcon_core.shell:Creating environment hook '/home/amiro/Daniel/galil test/galil RSP/galil-RSP/install/galil_description/share/galil_description/hook/cmake_prefix_path.sh'
[1.281s] Level 1:colcon.colcon_core.environment:checking '/home/amiro/Daniel/galil test/galil RSP/galil-RSP/install/galil_description/bin'
[1.281s] Level 1:colcon.colcon_core.environment:checking '/home/amiro/Daniel/galil test/galil RSP/galil-RSP/install/galil_description/lib/pkgconfig/galil_description.pc'
[1.281s] Level 1:colcon.colcon_core.environment:checking '/home/amiro/Daniel/galil test/galil RSP/galil-RSP/install/galil_description/lib/python3.10/site-packages'
[1.281s] Level 1:colcon.colcon_core.environment:checking '/home/amiro/Daniel/galil test/galil RSP/galil-RSP/install/galil_description/bin'
[1.281s] INFO:colcon.colcon_core.shell:Creating package script '/home/amiro/Daniel/galil test/galil RSP/galil-RSP/install/galil_description/share/galil_description/package.ps1'
[1.282s] INFO:colcon.colcon_core.shell:Creating package descriptor '/home/amiro/Daniel/galil test/galil RSP/galil-RSP/install/galil_description/share/galil_description/package.dsv'
[1.282s] INFO:colcon.colcon_core.shell:Creating package script '/home/amiro/Daniel/galil test/galil RSP/galil-RSP/install/galil_description/share/galil_description/package.sh'
[1.283s] INFO:colcon.colcon_core.shell:Creating package script '/home/amiro/Daniel/galil test/galil RSP/galil-RSP/install/galil_description/share/galil_description/package.bash'
[1.283s] INFO:colcon.colcon_core.shell:Creating package script '/home/amiro/Daniel/galil test/galil RSP/galil-RSP/install/galil_description/share/galil_description/package.zsh'
[1.284s] Level 1:colcon.colcon_core.environment:create_file_with_runtime_dependencies(/home/amiro/Daniel/galil test/galil RSP/galil-RSP/install/galil_description/share/colcon-core/packages/galil_description)
[1.285s] Level 1:colcon.colcon_core.environment:create_environment_scripts_only(galil_description)
[1.285s] Level 1:colcon.colcon_core.environment:checking '/home/amiro/Daniel/galil test/galil RSP/galil-RSP/install/galil_description' for CMake module files
[1.285s] Level 1:colcon.colcon_core.environment:checking '/home/amiro/Daniel/galil test/galil RSP/galil-RSP/install/galil_description' for CMake config files
[1.286s] Level 1:colcon.colcon_core.shell:create_environment_hook('galil_description', 'cmake_prefix_path')
[1.286s] INFO:colcon.colcon_core.shell:Creating environment hook '/home/amiro/Daniel/galil test/galil RSP/galil-RSP/install/galil_description/share/galil_description/hook/cmake_prefix_path.ps1'
[1.286s] INFO:colcon.colcon_core.shell:Creating environment descriptor '/home/amiro/Daniel/galil test/galil RSP/galil-RSP/install/galil_description/share/galil_description/hook/cmake_prefix_path.dsv'
[1.286s] INFO:colcon.colcon_core.shell:Creating environment hook '/home/amiro/Daniel/galil test/galil RSP/galil-RSP/install/galil_description/share/galil_description/hook/cmake_prefix_path.sh'
[1.287s] Level 1:colcon.colcon_core.environment:checking '/home/amiro/Daniel/galil test/galil RSP/galil-RSP/install/galil_description/bin'
[1.287s] Level 1:colcon.colcon_core.environment:checking '/home/amiro/Daniel/galil test/galil RSP/galil-RSP/install/galil_description/lib/pkgconfig/galil_description.pc'
[1.287s] Level 1:colcon.colcon_core.environment:checking '/home/amiro/Daniel/galil test/galil RSP/galil-RSP/install/galil_description/lib/python3.10/site-packages'
[1.287s] Level 1:colcon.colcon_core.environment:checking '/home/amiro/Daniel/galil test/galil RSP/galil-RSP/install/galil_description/bin'
[1.287s] INFO:colcon.colcon_core.shell:Creating package script '/home/amiro/Daniel/galil test/galil RSP/galil-RSP/install/galil_description/share/galil_description/package.ps1'
[1.288s] INFO:colcon.colcon_core.shell:Creating package descriptor '/home/amiro/Daniel/galil test/galil RSP/galil-RSP/install/galil_description/share/galil_description/package.dsv'
[1.288s] INFO:colcon.colcon_core.shell:Creating package script '/home/amiro/Daniel/galil test/galil RSP/galil-RSP/install/galil_description/share/galil_description/package.sh'
[1.288s] INFO:colcon.colcon_core.shell:Creating package script '/home/amiro/Daniel/galil test/galil RSP/galil-RSP/install/galil_description/share/galil_description/package.bash'
[1.288s] INFO:colcon.colcon_core.shell:Creating package script '/home/amiro/Daniel/galil test/galil RSP/galil-RSP/install/galil_description/share/galil_description/package.zsh'
[1.288s] Level 1:colcon.colcon_core.environment:create_file_with_runtime_dependencies(/home/amiro/Daniel/galil test/galil RSP/galil-RSP/install/galil_description/share/colcon-core/packages/galil_description)
[1.299s] DEBUG:colcon.colcon_core.event_handler.log_command:Invoked command in '/home/amiro/Daniel/galil test/galil RSP/galil-RSP/build/galil_driver' returned '0': CMAKE_PREFIX_PATH=/opt/ros/humble /usr/bin/cmake /home/amiro/Daniel/galil test/galil RSP/galil-RSP/galil_driver -DCMAKE_INSTALL_PREFIX=/home/amiro/Daniel/galil test/galil RSP/galil-RSP/install/galil_driver
[1.300s] DEBUG:colcon.colcon_core.event_handler.log_command:Invoking command in '/home/amiro/Daniel/galil test/galil RSP/galil-RSP/build/galil_driver': CMAKE_PREFIX_PATH=/opt/ros/humble /usr/bin/cmake --build /home/amiro/Daniel/galil test/galil RSP/galil-RSP/build/galil_driver -- -j20 -l20
[4.208s] DEBUG:colcon.colcon_core.event_handler.log_command:Invoked command in '/home/amiro/Daniel/galil test/galil RSP/galil-RSP/build/galil_driver' returned '0': CMAKE_PREFIX_PATH=/opt/ros/humble /usr/bin/cmake --build /home/amiro/Daniel/galil test/galil RSP/galil-RSP/build/galil_driver -- -j20 -l20
[4.209s] DEBUG:colcon.colcon_core.event_handler.log_command:Invoking command in '/home/amiro/Daniel/galil test/galil RSP/galil-RSP/build/galil_driver': CMAKE_PREFIX_PATH=/opt/ros/humble /usr/bin/cmake --install /home/amiro/Daniel/galil test/galil RSP/galil-RSP/build/galil_driver
[4.219s] Level 1:colcon.colcon_core.environment:create_environment_scripts_only(galil_driver)
[4.219s] Level 1:colcon.colcon_core.environment:checking '/home/amiro/Daniel/galil test/galil RSP/galil-RSP/install/galil_driver' for CMake module files
[4.220s] DEBUG:colcon.colcon_core.event_handler.log_command:Invoked command in '/home/amiro/Daniel/galil test/galil RSP/galil-RSP/build/galil_driver' returned '0': CMAKE_PREFIX_PATH=/opt/ros/humble /usr/bin/cmake --install /home/amiro/Daniel/galil test/galil RSP/galil-RSP/build/galil_driver
[4.220s] Level 1:colcon.colcon_core.environment:checking '/home/amiro/Daniel/galil test/galil RSP/galil-RSP/install/galil_driver' for CMake config files
[4.221s] Level 1:colcon.colcon_core.shell:create_environment_hook('galil_driver', 'cmake_prefix_path')
[4.221s] INFO:colcon.colcon_core.shell:Creating environment hook '/home/amiro/Daniel/galil test/galil RSP/galil-RSP/install/galil_driver/share/galil_driver/hook/cmake_prefix_path.ps1'
[4.222s] INFO:colcon.colcon_core.shell:Creating environment descriptor '/home/amiro/Daniel/galil test/galil RSP/galil-RSP/install/galil_driver/share/galil_driver/hook/cmake_prefix_path.dsv'
[4.222s] INFO:colcon.colcon_core.shell:Creating environment hook '/home/amiro/Daniel/galil test/galil RSP/galil-RSP/install/galil_driver/share/galil_driver/hook/cmake_prefix_path.sh'
[4.223s] Level 1:colcon.colcon_core.environment:checking '/home/amiro/Daniel/galil test/galil RSP/galil-RSP/install/galil_driver/lib'
[4.223s] Level 1:colcon.colcon_core.shell:create_environment_hook('galil_driver', 'ld_library_path_lib')
[4.223s] INFO:colcon.colcon_core.shell:Creating environment hook '/home/amiro/Daniel/galil test/galil RSP/galil-RSP/install/galil_driver/share/galil_driver/hook/ld_library_path_lib.ps1'
[4.224s] INFO:colcon.colcon_core.shell:Creating environment descriptor '/home/amiro/Daniel/galil test/galil RSP/galil-RSP/install/galil_driver/share/galil_driver/hook/ld_library_path_lib.dsv'
[4.224s] INFO:colcon.colcon_core.shell:Creating environment hook '/home/amiro/Daniel/galil test/galil RSP/galil-RSP/install/galil_driver/share/galil_driver/hook/ld_library_path_lib.sh'
[4.224s] Level 1:colcon.colcon_core.environment:checking '/home/amiro/Daniel/galil test/galil RSP/galil-RSP/install/galil_driver/bin'
[4.224s] Level 1:colcon.colcon_core.environment:checking '/home/amiro/Daniel/galil test/galil RSP/galil-RSP/install/galil_driver/lib/pkgconfig/galil_driver.pc'
[4.224s] Level 1:colcon.colcon_core.environment:checking '/home/amiro/Daniel/galil test/galil RSP/galil-RSP/install/galil_driver/lib/python3.10/site-packages'
[4.224s] Level 1:colcon.colcon_core.environment:checking '/home/amiro/Daniel/galil test/galil RSP/galil-RSP/install/galil_driver/bin'
[4.225s] INFO:colcon.colcon_core.shell:Creating package script '/home/amiro/Daniel/galil test/galil RSP/galil-RSP/install/galil_driver/share/galil_driver/package.ps1'
[4.225s] INFO:colcon.colcon_core.shell:Creating package descriptor '/home/amiro/Daniel/galil test/galil RSP/galil-RSP/install/galil_driver/share/galil_driver/package.dsv'
[4.225s] INFO:colcon.colcon_core.shell:Creating package script '/home/amiro/Daniel/galil test/galil RSP/galil-RSP/install/galil_driver/share/galil_driver/package.sh'
[4.225s] INFO:colcon.colcon_core.shell:Creating package script '/home/amiro/Daniel/galil test/galil RSP/galil-RSP/install/galil_driver/share/galil_driver/package.bash'
[4.226s] INFO:colcon.colcon_core.shell:Creating package script '/home/amiro/Daniel/galil test/galil RSP/galil-RSP/install/galil_driver/share/galil_driver/package.zsh'
[4.226s] Level 1:colcon.colcon_core.environment:create_file_with_runtime_dependencies(/home/amiro/Daniel/galil test/galil RSP/galil-RSP/install/galil_driver/share/colcon-core/packages/galil_driver)
[4.226s] Level 1:colcon.colcon_core.environment:create_environment_scripts_only(galil_driver)
[4.226s] Level 1:colcon.colcon_core.environment:checking '/home/amiro/Daniel/galil test/galil RSP/galil-RSP/install/galil_driver' for CMake module files
[4.227s] Level 1:colcon.colcon_core.environment:checking '/home/amiro/Daniel/galil test/galil RSP/galil-RSP/install/galil_driver' for CMake config files
[4.227s] Level 1:colcon.colcon_core.shell:create_environment_hook('galil_driver', 'cmake_prefix_path')
[4.227s] INFO:colcon.colcon_core.shell:Creating environment hook '/home/amiro/Daniel/galil test/galil RSP/galil-RSP/install/galil_driver/share/galil_driver/hook/cmake_prefix_path.ps1'
[4.227s] INFO:colcon.colcon_core.shell:Creating environment descriptor '/home/amiro/Daniel/galil test/galil RSP/galil-RSP/install/galil_driver/share/galil_driver/hook/cmake_prefix_path.dsv'
[4.227s] INFO:colcon.colcon_core.shell:Creating environment hook '/home/amiro/Daniel/galil test/galil RSP/galil-RSP/install/galil_driver/share/galil_driver/hook/cmake_prefix_path.sh'
[4.228s] Level 1:colcon.colcon_core.environment:checking '/home/amiro/Daniel/galil test/galil RSP/galil-RSP/install/galil_driver/lib'
[4.228s] Level 1:colcon.colcon_core.shell:create_environment_hook('galil_driver', 'ld_library_path_lib')
[4.228s] INFO:colcon.colcon_core.shell:Creating environment hook '/home/amiro/Daniel/galil test/galil RSP/galil-RSP/install/galil_driver/share/galil_driver/hook/ld_library_path_lib.ps1'
[4.228s] INFO:colcon.colcon_core.shell:Creating environment descriptor '/home/amiro/Daniel/galil test/galil RSP/galil-RSP/install/galil_driver/share/galil_driver/hook/ld_library_path_lib.dsv'
[4.228s] INFO:colcon.colcon_core.shell:Creating environment hook '/home/amiro/Daniel/galil test/galil RSP/galil-RSP/install/galil_driver/share/galil_driver/hook/ld_library_path_lib.sh'
[4.228s] Level 1:colcon.colcon_core.environment:checking '/home/amiro/Daniel/galil test/galil RSP/galil-RSP/install/galil_driver/bin'
[4.228s] Level 1:colcon.colcon_core.environment:checking '/home/amiro/Daniel/galil test/galil RSP/galil-RSP/install/galil_driver/lib/pkgconfig/galil_driver.pc'
[4.229s] Level 1:colcon.colcon_core.environment:checking '/home/amiro/Daniel/galil test/galil RSP/galil-RSP/install/galil_driver/lib/python3.10/site-packages'
[4.229s] Level 1:colcon.colcon_core.environment:checking '/home/amiro/Daniel/galil test/galil RSP/galil-RSP/install/galil_driver/bin'
[4.229s] INFO:colcon.colcon_core.shell:Creating package script '/home/amiro/Daniel/galil test/galil RSP/galil-RSP/install/galil_driver/share/galil_driver/package.ps1'
[4.229s] INFO:colcon.colcon_core.shell:Creating package descriptor '/home/amiro/Daniel/galil test/galil RSP/galil-RSP/install/galil_driver/share/galil_driver/package.dsv'
[4.230s] INFO:colcon.colcon_core.shell:Creating package script '/home/amiro/Daniel/galil test/galil RSP/galil-RSP/install/galil_driver/share/galil_driver/package.sh'
[4.230s] INFO:colcon.colcon_core.shell:Creating package script '/home/amiro/Daniel/galil test/galil RSP/galil-RSP/install/galil_driver/share/galil_driver/package.bash'
[4.230s] INFO:colcon.colcon_core.shell:Creating package script '/home/amiro/Daniel/galil test/galil RSP/galil-RSP/install/galil_driver/share/galil_driver/package.zsh'
[4.230s] Level 1:colcon.colcon_core.environment:create_file_with_runtime_dependencies(/home/amiro/Daniel/galil test/galil RSP/galil-RSP/install/galil_driver/share/colcon-core/packages/galil_driver)
[4.231s] DEBUG:colcon.colcon_parallel_executor.executor.parallel:closing loop
[4.231s] DEBUG:colcon.colcon_parallel_executor.executor.parallel:loop closed
[4.231s] DEBUG:colcon.colcon_parallel_executor.executor.parallel:run_until_complete finished with '0'
[4.231s] DEBUG:colcon.colcon_core.event_reactor:joining thread
[4.235s] INFO:colcon.colcon_core.plugin_system:Skipping extension 'colcon_notification.desktop_notification.terminal_notifier': Not used on non-Darwin systems
[4.235s] INFO:colcon.colcon_core.plugin_system:Skipping extension 'colcon_notification.desktop_notification.win32': Not used on non-Windows systems
[4.235s] INFO:colcon.colcon_notification.desktop_notification:Sending desktop notification using 'notify2'
[4.244s] DEBUG:colcon.colcon_core.event_reactor:joined thread
[4.245s] INFO:colcon.colcon_core.shell:Creating prefix script '/home/amiro/Daniel/galil test/galil RSP/galil-RSP/install/local_setup.ps1'
[4.246s] INFO:colcon.colcon_core.shell:Creating prefix util module '/home/amiro/Daniel/galil test/galil RSP/galil-RSP/install/_local_setup_util_ps1.py'
[4.248s] INFO:colcon.colcon_core.shell:Creating prefix chain script '/home/amiro/Daniel/galil test/galil RSP/galil-RSP/install/setup.ps1'
[4.249s] INFO:colcon.colcon_core.shell:Creating prefix script '/home/amiro/Daniel/galil test/galil RSP/galil-RSP/install/local_setup.sh'
[4.250s] INFO:colcon.colcon_core.shell:Creating prefix util module '/home/amiro/Daniel/galil test/galil RSP/galil-RSP/install/_local_setup_util_sh.py'
[4.250s] INFO:colcon.colcon_core.shell:Creating prefix chain script '/home/amiro/Daniel/galil test/galil RSP/galil-RSP/install/setup.sh'
[4.251s] INFO:colcon.colcon_core.shell:Creating prefix script '/home/amiro/Daniel/galil test/galil RSP/galil-RSP/install/local_setup.bash'
[4.252s] INFO:colcon.colcon_core.shell:Creating prefix chain script '/home/amiro/Daniel/galil test/galil RSP/galil-RSP/install/setup.bash'
[4.252s] INFO:colcon.colcon_core.shell:Creating prefix script '/home/amiro/Daniel/galil test/galil RSP/galil-RSP/install/local_setup.zsh'
[4.253s] INFO:colcon.colcon_core.shell:Creating prefix chain script '/home/amiro/Daniel/galil test/galil RSP/galil-RSP/install/setup.zsh'
