[0.212s] DEBUG:colcon:Command line arguments: ['/usr/bin/colcon', 'build']
[0.212s] DEBUG:colcon:Parsed command line arguments: Namespace(log_base=None, log_level=None, verb_name='build', build_base='build', install_base='install', merge_install=False, symlink_install=False, test_result_base=None, continue_on_error=False, executor='parallel', parallel_workers=8, event_handlers=None, ignore_user_meta=False, metas=['./colcon.meta'], base_paths=['.'], packages_ignore=None, packages_ignore_regex=None, paths=None, packages_up_to=None, packages_up_to_regex=None, packages_above=None, packages_above_and_dependencies=None, packages_above_depth=None, packages_select_by_dep=None, packages_skip_by_dep=None, packages_skip_up_to=None, packages_select_build_failed=False, packages_skip_build_finished=False, packages_select_test_failures=False, packages_skip_test_passed=False, packages_select=None, packages_skip=None, packages_select_regex=None, packages_skip_regex=None, packages_start=None, packages_end=None, allow_overriding=[], cmake_args=None, cmake_target=None, cmake_target_skip_unavailable=False, cmake_clean_cache=False, cmake_clean_first=False, cmake_force_configure=False, ament_cmake_args=None, catkin_cmake_args=None, catkin_skip_building_tests=False, mixin_files=None, mixin=None, verb_parser=<colcon_mixin.mixin.mixin_argument.MixinArgumentDecorator object at 0x7cd18be65db0>, verb_extension=<colcon_core.verb.build.BuildVerb object at 0x7cd18bfe3610>, main=<bound method BuildVerb.main of <colcon_core.verb.build.BuildVerb object at 0x7cd18bfe3610>>, mixin_verb=('build',))
[0.540s] Level 1:colcon.colcon_core.package_discovery:discover_packages(colcon_meta) check parameters
[0.541s] Level 1:colcon.colcon_core.package_discovery:discover_packages(recursive) check parameters
[0.541s] Level 1:colcon.colcon_core.package_discovery:discover_packages(ignore) check parameters
[0.541s] Level 1:colcon.colcon_core.package_discovery:discover_packages(path) check parameters
[0.541s] Level 1:colcon.colcon_core.package_discovery:discover_packages(colcon_meta) discover
[0.541s] Level 1:colcon.colcon_core.package_discovery:discover_packages(recursive) discover
[0.541s] INFO:colcon.colcon_core.package_discovery:Crawling recursively for packages in '/home/yujie/Daniel_ws/galil_test/galil-amiro'
[0.541s] Level 1:colcon.colcon_core.package_identification:_identify(.) by extensions ['ignore', 'ignore_ament_install']
[0.541s] Level 1:colcon.colcon_core.package_identification:_identify(.) by extension 'ignore'
[0.541s] Level 1:colcon.colcon_core.package_identification:_identify(.) by extension 'ignore_ament_install'
[0.542s] Level 1:colcon.colcon_core.package_identification:_identify(.) by extensions ['colcon_pkg']
[0.542s] Level 1:colcon.colcon_core.package_identification:_identify(.) by extension 'colcon_pkg'
[0.542s] Level 1:colcon.colcon_core.package_identification:_identify(.) by extensions ['colcon_meta']
[0.542s] Level 1:colcon.colcon_core.package_identification:_identify(.) by extension 'colcon_meta'
[0.542s] Level 1:colcon.colcon_core.package_identification:_identify(.) by extensions ['ros']
[0.542s] Level 1:colcon.colcon_core.package_identification:_identify(.) by extension 'ros'
[0.563s] Level 1:colcon.colcon_core.package_identification:_identify(.) by extensions ['cmake', 'python']
[0.563s] Level 1:colcon.colcon_core.package_identification:_identify(.) by extension 'cmake'
[0.563s] Level 1:colcon.colcon_core.package_identification:_identify(.) by extension 'python'
[0.563s] Level 1:colcon.colcon_core.package_identification:_identify(.) by extensions ['python_setup_py']
[0.563s] Level 1:colcon.colcon_core.package_identification:_identify(.) by extension 'python_setup_py'
[0.563s] Level 1:colcon.colcon_core.package_identification:_identify(build) by extensions ['ignore', 'ignore_ament_install']
[0.564s] Level 1:colcon.colcon_core.package_identification:_identify(build) by extension 'ignore'
[0.564s] Level 1:colcon.colcon_core.package_identification:_identify(build) ignored
[0.564s] Level 1:colcon.colcon_core.package_identification:_identify(galil_description) by extensions ['ignore', 'ignore_ament_install']
[0.564s] Level 1:colcon.colcon_core.package_identification:_identify(galil_description) by extension 'ignore'
[0.564s] Level 1:colcon.colcon_core.package_identification:_identify(galil_description) by extension 'ignore_ament_install'
[0.564s] Level 1:colcon.colcon_core.package_identification:_identify(galil_description) by extensions ['colcon_pkg']
[0.564s] Level 1:colcon.colcon_core.package_identification:_identify(galil_description) by extension 'colcon_pkg'
[0.564s] Level 1:colcon.colcon_core.package_identification:_identify(galil_description) by extensions ['colcon_meta']
[0.564s] Level 1:colcon.colcon_core.package_identification:_identify(galil_description) by extension 'colcon_meta'
[0.564s] Level 1:colcon.colcon_core.package_identification:_identify(galil_description) by extensions ['ros']
[0.564s] Level 1:colcon.colcon_core.package_identification:_identify(galil_description) by extension 'ros'
[0.569s] DEBUG:colcon.colcon_core.package_identification:Package 'galil_description' with type 'ros.ament_cmake' and name 'galil_description'
[0.569s] Level 1:colcon.colcon_core.package_identification:_identify(galil_driver) by extensions ['ignore', 'ignore_ament_install']
[0.569s] Level 1:colcon.colcon_core.package_identification:_identify(galil_driver) by extension 'ignore'
[0.570s] Level 1:colcon.colcon_core.package_identification:_identify(galil_driver) by extension 'ignore_ament_install'
[0.570s] Level 1:colcon.colcon_core.package_identification:_identify(galil_driver) by extensions ['colcon_pkg']
[0.570s] Level 1:colcon.colcon_core.package_identification:_identify(galil_driver) by extension 'colcon_pkg'
[0.570s] Level 1:colcon.colcon_core.package_identification:_identify(galil_driver) by extensions ['colcon_meta']
[0.570s] Level 1:colcon.colcon_core.package_identification:_identify(galil_driver) by extension 'colcon_meta'
[0.570s] Level 1:colcon.colcon_core.package_identification:_identify(galil_driver) by extensions ['ros']
[0.570s] Level 1:colcon.colcon_core.package_identification:_identify(galil_driver) by extension 'ros'
[0.572s] DEBUG:colcon.colcon_core.package_identification:Package 'galil_driver' with type 'ros.ament_cmake' and name 'galil_driver'
[0.572s] Level 1:colcon.colcon_core.package_identification:_identify(install) by extensions ['ignore', 'ignore_ament_install']
[0.573s] Level 1:colcon.colcon_core.package_identification:_identify(install) by extension 'ignore'
[0.573s] Level 1:colcon.colcon_core.package_identification:_identify(install) ignored
[0.573s] Level 1:colcon.colcon_core.package_identification:_identify(log) by extensions ['ignore', 'ignore_ament_install']
[0.573s] Level 1:colcon.colcon_core.package_identification:_identify(log) by extension 'ignore'
[0.573s] Level 1:colcon.colcon_core.package_identification:_identify(log) ignored
[0.573s] Level 1:colcon.colcon_core.package_discovery:discover_packages(recursive) using defaults
[0.573s] Level 1:colcon.colcon_core.package_discovery:discover_packages(ignore) discover
[0.573s] Level 1:colcon.colcon_core.package_discovery:discover_packages(ignore) using defaults
[0.573s] Level 1:colcon.colcon_core.package_discovery:discover_packages(path) discover
[0.573s] Level 1:colcon.colcon_core.package_discovery:discover_packages(path) using defaults
[0.628s] Level 1:colcon.colcon_core.package_discovery:discover_packages(prefix_path) check parameters
[0.628s] Level 1:colcon.colcon_core.package_discovery:discover_packages(prefix_path) discover
[0.632s] DEBUG:colcon.colcon_installed_package_information.package_discovery:Found 2 installed packages in /home/yujie/Daniel_ws/galil_test/galil-amiro/install
[0.632s] DEBUG:colcon.colcon_installed_package_information.package_discovery:Found 4 installed packages in /home/yujie/camera_ros2_ws/install
[0.633s] DEBUG:colcon.colcon_installed_package_information.package_discovery:Found 4 installed packages in /home/yujie/ros2_ws/install
[0.636s] DEBUG:colcon.colcon_installed_package_information.package_discovery:Found 268 installed packages in /opt/ros/humble
[0.639s] Level 1:colcon.colcon_core.package_discovery:discover_packages(prefix_path) using defaults
[0.705s] Level 5:colcon.colcon_core.verb:set package 'galil_description' build argument 'cmake_args' from command line to 'None'
[0.705s] Level 5:colcon.colcon_core.verb:set package 'galil_description' build argument 'cmake_target' from command line to 'None'
[0.705s] Level 5:colcon.colcon_core.verb:set package 'galil_description' build argument 'cmake_target_skip_unavailable' from command line to 'False'
[0.705s] Level 5:colcon.colcon_core.verb:set package 'galil_description' build argument 'cmake_clean_cache' from command line to 'False'
[0.705s] Level 5:colcon.colcon_core.verb:set package 'galil_description' build argument 'cmake_clean_first' from command line to 'False'
[0.705s] Level 5:colcon.colcon_core.verb:set package 'galil_description' build argument 'cmake_force_configure' from command line to 'False'
[0.705s] Level 5:colcon.colcon_core.verb:set package 'galil_description' build argument 'ament_cmake_args' from command line to 'None'
[0.705s] Level 5:colcon.colcon_core.verb:set package 'galil_description' build argument 'catkin_cmake_args' from command line to 'None'
[0.705s] Level 5:colcon.colcon_core.verb:set package 'galil_description' build argument 'catkin_skip_building_tests' from command line to 'False'
[0.705s] DEBUG:colcon.colcon_core.verb:Building package 'galil_description' with the following arguments: {'ament_cmake_args': None, 'build_base': '/home/yujie/Daniel_ws/galil_test/galil-amiro/build/galil_description', 'catkin_cmake_args': None, 'catkin_skip_building_tests': False, 'cmake_args': None, 'cmake_clean_cache': False, 'cmake_clean_first': False, 'cmake_force_configure': False, 'cmake_target': None, 'cmake_target_skip_unavailable': False, 'install_base': '/home/yujie/Daniel_ws/galil_test/galil-amiro/install/galil_description', 'merge_install': False, 'path': '/home/yujie/Daniel_ws/galil_test/galil-amiro/galil_description', 'symlink_install': False, 'test_result_base': None}
[0.706s] Level 5:colcon.colcon_core.verb:set package 'galil_driver' build argument 'cmake_args' from command line to 'None'
[0.706s] Level 5:colcon.colcon_core.verb:set package 'galil_driver' build argument 'cmake_target' from command line to 'None'
[0.706s] Level 5:colcon.colcon_core.verb:set package 'galil_driver' build argument 'cmake_target_skip_unavailable' from command line to 'False'
[0.706s] Level 5:colcon.colcon_core.verb:set package 'galil_driver' build argument 'cmake_clean_cache' from command line to 'False'
[0.706s] Level 5:colcon.colcon_core.verb:set package 'galil_driver' build argument 'cmake_clean_first' from command line to 'False'
[0.706s] Level 5:colcon.colcon_core.verb:set package 'galil_driver' build argument 'cmake_force_configure' from command line to 'False'
[0.706s] Level 5:colcon.colcon_core.verb:set package 'galil_driver' build argument 'ament_cmake_args' from command line to 'None'
[0.706s] Level 5:colcon.colcon_core.verb:set package 'galil_driver' build argument 'catkin_cmake_args' from command line to 'None'
[0.706s] Level 5:colcon.colcon_core.verb:set package 'galil_driver' build argument 'catkin_skip_building_tests' from command line to 'False'
[0.706s] DEBUG:colcon.colcon_core.verb:Building package 'galil_driver' with the following arguments: {'ament_cmake_args': None, 'build_base': '/home/yujie/Daniel_ws/galil_test/galil-amiro/build/galil_driver', 'catkin_cmake_args': None, 'catkin_skip_building_tests': False, 'cmake_args': None, 'cmake_clean_cache': False, 'cmake_clean_first': False, 'cmake_force_configure': False, 'cmake_target': None, 'cmake_target_skip_unavailable': False, 'install_base': '/home/yujie/Daniel_ws/galil_test/galil-amiro/install/galil_driver', 'merge_install': False, 'path': '/home/yujie/Daniel_ws/galil_test/galil-amiro/galil_driver', 'symlink_install': False, 'test_result_base': None}
[0.707s] INFO:colcon.colcon_core.executor:Executing jobs using 'parallel' executor
[0.708s] DEBUG:colcon.colcon_parallel_executor.executor.parallel:run_until_complete
[0.709s] INFO:colcon.colcon_ros.task.ament_cmake.build:Building ROS package in '/home/yujie/Daniel_ws/galil_test/galil-amiro/galil_description' with build type 'ament_cmake'
[0.709s] INFO:colcon.colcon_cmake.task.cmake.build:Building CMake package in '/home/yujie/Daniel_ws/galil_test/galil-amiro/galil_description'
[0.712s] INFO:colcon.colcon_core.plugin_system:Skipping extension 'colcon_core.shell.bat': Not used on non-Windows systems
[0.713s] INFO:colcon.colcon_core.shell:Skip shell extension 'powershell' for command environment: Not usable outside of PowerShell
[0.713s] DEBUG:colcon.colcon_core.shell:Skip shell extension 'dsv' for command environment
[0.721s] INFO:colcon.colcon_ros.task.ament_cmake.build:Building ROS package in '/home/yujie/Daniel_ws/galil_test/galil-amiro/galil_driver' with build type 'ament_cmake'
[0.721s] INFO:colcon.colcon_cmake.task.cmake.build:Building CMake package in '/home/yujie/Daniel_ws/galil_test/galil-amiro/galil_driver'
[0.722s] INFO:colcon.colcon_core.shell:Skip shell extension 'powershell' for command environment: Not usable outside of PowerShell
[0.722s] DEBUG:colcon.colcon_core.shell:Skip shell extension 'dsv' for command environment
[0.737s] DEBUG:colcon.colcon_core.event_handler.log_command:Invoking command in '/home/yujie/Daniel_ws/galil_test/galil-amiro/build/galil_description': CMAKE_PREFIX_PATH=/home/yujie/Daniel_ws/galil_test/galil-amiro/install/galil_driver:/home/yujie/Daniel_ws/galil_test/galil-amiro/install/galil_description:/home/yujie/camera_ros2_ws/install/spinnaker_synchronized_camera_driver:/home/yujie/camera_ros2_ws/install/spinnaker_camera_driver:/home/yujie/camera_ros2_ws/install/flir_camera_msgs:/home/yujie/camera_ros2_ws/install/flir_camera_description:/home/yujie/ros2_ws/install/spinnaker_synchronized_camera_driver:/opt/ros/humble:/home/yujie/ros2_ws/install/spinnaker_camera_driver:/home/yujie/ros2_ws/install/flir_camera_msgs:/home/yujie/ros2_ws/install/flir_camera_description /usr/bin/cmake --build /home/yujie/Daniel_ws/galil_test/galil-amiro/build/galil_description -- -j8 -l8
[0.743s] DEBUG:colcon.colcon_core.event_handler.log_command:Invoking command in '/home/yujie/Daniel_ws/galil_test/galil-amiro/build/galil_driver': CMAKE_PREFIX_PATH=/home/yujie/Daniel_ws/galil_test/galil-amiro/install/galil_driver:/home/yujie/Daniel_ws/galil_test/galil-amiro/install/galil_description:/home/yujie/camera_ros2_ws/install/spinnaker_synchronized_camera_driver:/home/yujie/camera_ros2_ws/install/spinnaker_camera_driver:/home/yujie/camera_ros2_ws/install/flir_camera_msgs:/home/yujie/camera_ros2_ws/install/flir_camera_description:/home/yujie/ros2_ws/install/spinnaker_synchronized_camera_driver:/opt/ros/humble:/home/yujie/ros2_ws/install/spinnaker_camera_driver:/home/yujie/ros2_ws/install/flir_camera_msgs:/home/yujie/ros2_ws/install/flir_camera_description /usr/bin/cmake --build /home/yujie/Daniel_ws/galil_test/galil-amiro/build/galil_driver -- -j8 -l8
[0.826s] DEBUG:colcon.colcon_core.event_handler.log_command:Invoked command in '/home/yujie/Daniel_ws/galil_test/galil-amiro/build/galil_description' returned '0': CMAKE_PREFIX_PATH=/home/yujie/Daniel_ws/galil_test/galil-amiro/install/galil_driver:/home/yujie/Daniel_ws/galil_test/galil-amiro/install/galil_description:/home/yujie/camera_ros2_ws/install/spinnaker_synchronized_camera_driver:/home/yujie/camera_ros2_ws/install/spinnaker_camera_driver:/home/yujie/camera_ros2_ws/install/flir_camera_msgs:/home/yujie/camera_ros2_ws/install/flir_camera_description:/home/yujie/ros2_ws/install/spinnaker_synchronized_camera_driver:/opt/ros/humble:/home/yujie/ros2_ws/install/spinnaker_camera_driver:/home/yujie/ros2_ws/install/flir_camera_msgs:/home/yujie/ros2_ws/install/flir_camera_description /usr/bin/cmake --build /home/yujie/Daniel_ws/galil_test/galil-amiro/build/galil_description -- -j8 -l8
[0.847s] DEBUG:colcon.colcon_core.event_handler.log_command:Invoking command in '/home/yujie/Daniel_ws/galil_test/galil-amiro/build/galil_description': CMAKE_PREFIX_PATH=/home/yujie/Daniel_ws/galil_test/galil-amiro/install/galil_driver:/home/yujie/Daniel_ws/galil_test/galil-amiro/install/galil_description:/home/yujie/camera_ros2_ws/install/spinnaker_synchronized_camera_driver:/home/yujie/camera_ros2_ws/install/spinnaker_camera_driver:/home/yujie/camera_ros2_ws/install/flir_camera_msgs:/home/yujie/camera_ros2_ws/install/flir_camera_description:/home/yujie/ros2_ws/install/spinnaker_synchronized_camera_driver:/opt/ros/humble:/home/yujie/ros2_ws/install/spinnaker_camera_driver:/home/yujie/ros2_ws/install/flir_camera_msgs:/home/yujie/ros2_ws/install/flir_camera_description /usr/bin/cmake --install /home/yujie/Daniel_ws/galil_test/galil-amiro/build/galil_description
[0.867s] Level 1:colcon.colcon_core.environment:create_environment_scripts_only(galil_description)
[0.868s] DEBUG:colcon.colcon_core.event_handler.log_command:Invoked command in '/home/yujie/Daniel_ws/galil_test/galil-amiro/build/galil_description' returned '0': CMAKE_PREFIX_PATH=/home/yujie/Daniel_ws/galil_test/galil-amiro/install/galil_driver:/home/yujie/Daniel_ws/galil_test/galil-amiro/install/galil_description:/home/yujie/camera_ros2_ws/install/spinnaker_synchronized_camera_driver:/home/yujie/camera_ros2_ws/install/spinnaker_camera_driver:/home/yujie/camera_ros2_ws/install/flir_camera_msgs:/home/yujie/camera_ros2_ws/install/flir_camera_description:/home/yujie/ros2_ws/install/spinnaker_synchronized_camera_driver:/opt/ros/humble:/home/yujie/ros2_ws/install/spinnaker_camera_driver:/home/yujie/ros2_ws/install/flir_camera_msgs:/home/yujie/ros2_ws/install/flir_camera_description /usr/bin/cmake --install /home/yujie/Daniel_ws/galil_test/galil-amiro/build/galil_description
[0.872s] Level 1:colcon.colcon_core.environment:checking '/home/yujie/Daniel_ws/galil_test/galil-amiro/install/galil_description' for CMake module files
[0.873s] Level 1:colcon.colcon_core.environment:checking '/home/yujie/Daniel_ws/galil_test/galil-amiro/install/galil_description' for CMake config files
[0.873s] Level 1:colcon.colcon_core.shell:create_environment_hook('galil_description', 'cmake_prefix_path')
[0.874s] INFO:colcon.colcon_core.shell:Creating environment hook '/home/yujie/Daniel_ws/galil_test/galil-amiro/install/galil_description/share/galil_description/hook/cmake_prefix_path.ps1'
[0.875s] INFO:colcon.colcon_core.shell:Creating environment descriptor '/home/yujie/Daniel_ws/galil_test/galil-amiro/install/galil_description/share/galil_description/hook/cmake_prefix_path.dsv'
[0.876s] INFO:colcon.colcon_core.shell:Creating environment hook '/home/yujie/Daniel_ws/galil_test/galil-amiro/install/galil_description/share/galil_description/hook/cmake_prefix_path.sh'
[0.877s] Level 1:colcon.colcon_core.environment:checking '/home/yujie/Daniel_ws/galil_test/galil-amiro/install/galil_description/bin'
[0.877s] Level 1:colcon.colcon_core.environment:checking '/home/yujie/Daniel_ws/galil_test/galil-amiro/install/galil_description/lib/pkgconfig/galil_description.pc'
[0.878s] Level 1:colcon.colcon_core.environment:checking '/home/yujie/Daniel_ws/galil_test/galil-amiro/install/galil_description/lib/python3.10/site-packages'
[0.878s] Level 1:colcon.colcon_core.environment:checking '/home/yujie/Daniel_ws/galil_test/galil-amiro/install/galil_description/bin'
[0.879s] INFO:colcon.colcon_core.shell:Creating package script '/home/yujie/Daniel_ws/galil_test/galil-amiro/install/galil_description/share/galil_description/package.ps1'
[0.880s] INFO:colcon.colcon_core.shell:Creating package descriptor '/home/yujie/Daniel_ws/galil_test/galil-amiro/install/galil_description/share/galil_description/package.dsv'
[0.881s] INFO:colcon.colcon_core.shell:Creating package script '/home/yujie/Daniel_ws/galil_test/galil-amiro/install/galil_description/share/galil_description/package.sh'
[0.883s] INFO:colcon.colcon_core.shell:Creating package script '/home/yujie/Daniel_ws/galil_test/galil-amiro/install/galil_description/share/galil_description/package.bash'
[0.884s] INFO:colcon.colcon_core.shell:Creating package script '/home/yujie/Daniel_ws/galil_test/galil-amiro/install/galil_description/share/galil_description/package.zsh'
[0.885s] Level 1:colcon.colcon_core.environment:create_file_with_runtime_dependencies(/home/yujie/Daniel_ws/galil_test/galil-amiro/install/galil_description/share/colcon-core/packages/galil_description)
[0.886s] Level 1:colcon.colcon_core.environment:create_environment_scripts_only(galil_description)
[0.887s] Level 1:colcon.colcon_core.environment:checking '/home/yujie/Daniel_ws/galil_test/galil-amiro/install/galil_description' for CMake module files
[0.888s] Level 1:colcon.colcon_core.environment:checking '/home/yujie/Daniel_ws/galil_test/galil-amiro/install/galil_description' for CMake config files
[0.888s] Level 1:colcon.colcon_core.shell:create_environment_hook('galil_description', 'cmake_prefix_path')
[0.888s] INFO:colcon.colcon_core.shell:Creating environment hook '/home/yujie/Daniel_ws/galil_test/galil-amiro/install/galil_description/share/galil_description/hook/cmake_prefix_path.ps1'
[0.889s] INFO:colcon.colcon_core.shell:Creating environment descriptor '/home/yujie/Daniel_ws/galil_test/galil-amiro/install/galil_description/share/galil_description/hook/cmake_prefix_path.dsv'
[0.890s] INFO:colcon.colcon_core.shell:Creating environment hook '/home/yujie/Daniel_ws/galil_test/galil-amiro/install/galil_description/share/galil_description/hook/cmake_prefix_path.sh'
[0.891s] Level 1:colcon.colcon_core.environment:checking '/home/yujie/Daniel_ws/galil_test/galil-amiro/install/galil_description/bin'
[0.891s] Level 1:colcon.colcon_core.environment:checking '/home/yujie/Daniel_ws/galil_test/galil-amiro/install/galil_description/lib/pkgconfig/galil_description.pc'
[0.891s] Level 1:colcon.colcon_core.environment:checking '/home/yujie/Daniel_ws/galil_test/galil-amiro/install/galil_description/lib/python3.10/site-packages'
[0.892s] Level 1:colcon.colcon_core.environment:checking '/home/yujie/Daniel_ws/galil_test/galil-amiro/install/galil_description/bin'
[0.892s] INFO:colcon.colcon_core.shell:Creating package script '/home/yujie/Daniel_ws/galil_test/galil-amiro/install/galil_description/share/galil_description/package.ps1'
[0.893s] INFO:colcon.colcon_core.shell:Creating package descriptor '/home/yujie/Daniel_ws/galil_test/galil-amiro/install/galil_description/share/galil_description/package.dsv'
[0.894s] INFO:colcon.colcon_core.shell:Creating package script '/home/yujie/Daniel_ws/galil_test/galil-amiro/install/galil_description/share/galil_description/package.sh'
[0.895s] INFO:colcon.colcon_core.shell:Creating package script '/home/yujie/Daniel_ws/galil_test/galil-amiro/install/galil_description/share/galil_description/package.bash'
[0.896s] INFO:colcon.colcon_core.shell:Creating package script '/home/yujie/Daniel_ws/galil_test/galil-amiro/install/galil_description/share/galil_description/package.zsh'
[0.896s] Level 1:colcon.colcon_core.environment:create_file_with_runtime_dependencies(/home/yujie/Daniel_ws/galil_test/galil-amiro/install/galil_description/share/colcon-core/packages/galil_description)
[0.899s] DEBUG:colcon.colcon_core.event_handler.log_command:Invoked command in '/home/yujie/Daniel_ws/galil_test/galil-amiro/build/galil_driver' returned '0': CMAKE_PREFIX_PATH=/home/yujie/Daniel_ws/galil_test/galil-amiro/install/galil_driver:/home/yujie/Daniel_ws/galil_test/galil-amiro/install/galil_description:/home/yujie/camera_ros2_ws/install/spinnaker_synchronized_camera_driver:/home/yujie/camera_ros2_ws/install/spinnaker_camera_driver:/home/yujie/camera_ros2_ws/install/flir_camera_msgs:/home/yujie/camera_ros2_ws/install/flir_camera_description:/home/yujie/ros2_ws/install/spinnaker_synchronized_camera_driver:/opt/ros/humble:/home/yujie/ros2_ws/install/spinnaker_camera_driver:/home/yujie/ros2_ws/install/flir_camera_msgs:/home/yujie/ros2_ws/install/flir_camera_description /usr/bin/cmake --build /home/yujie/Daniel_ws/galil_test/galil-amiro/build/galil_driver -- -j8 -l8
[0.901s] DEBUG:colcon.colcon_core.event_handler.log_command:Invoking command in '/home/yujie/Daniel_ws/galil_test/galil-amiro/build/galil_driver': CMAKE_PREFIX_PATH=/home/yujie/Daniel_ws/galil_test/galil-amiro/install/galil_driver:/home/yujie/Daniel_ws/galil_test/galil-amiro/install/galil_description:/home/yujie/camera_ros2_ws/install/spinnaker_synchronized_camera_driver:/home/yujie/camera_ros2_ws/install/spinnaker_camera_driver:/home/yujie/camera_ros2_ws/install/flir_camera_msgs:/home/yujie/camera_ros2_ws/install/flir_camera_description:/home/yujie/ros2_ws/install/spinnaker_synchronized_camera_driver:/opt/ros/humble:/home/yujie/ros2_ws/install/spinnaker_camera_driver:/home/yujie/ros2_ws/install/flir_camera_msgs:/home/yujie/ros2_ws/install/flir_camera_description /usr/bin/cmake --install /home/yujie/Daniel_ws/galil_test/galil-amiro/build/galil_driver
[0.924s] Level 1:colcon.colcon_core.environment:create_environment_scripts_only(galil_driver)
[0.924s] DEBUG:colcon.colcon_core.event_handler.log_command:Invoked command in '/home/yujie/Daniel_ws/galil_test/galil-amiro/build/galil_driver' returned '0': CMAKE_PREFIX_PATH=/home/yujie/Daniel_ws/galil_test/galil-amiro/install/galil_driver:/home/yujie/Daniel_ws/galil_test/galil-amiro/install/galil_description:/home/yujie/camera_ros2_ws/install/spinnaker_synchronized_camera_driver:/home/yujie/camera_ros2_ws/install/spinnaker_camera_driver:/home/yujie/camera_ros2_ws/install/flir_camera_msgs:/home/yujie/camera_ros2_ws/install/flir_camera_description:/home/yujie/ros2_ws/install/spinnaker_synchronized_camera_driver:/opt/ros/humble:/home/yujie/ros2_ws/install/spinnaker_camera_driver:/home/yujie/ros2_ws/install/flir_camera_msgs:/home/yujie/ros2_ws/install/flir_camera_description /usr/bin/cmake --install /home/yujie/Daniel_ws/galil_test/galil-amiro/build/galil_driver
[0.925s] Level 1:colcon.colcon_core.environment:checking '/home/yujie/Daniel_ws/galil_test/galil-amiro/install/galil_driver' for CMake module files
[0.926s] Level 1:colcon.colcon_core.environment:checking '/home/yujie/Daniel_ws/galil_test/galil-amiro/install/galil_driver' for CMake config files
[0.926s] Level 1:colcon.colcon_core.shell:create_environment_hook('galil_driver', 'cmake_prefix_path')
[0.927s] INFO:colcon.colcon_core.shell:Creating environment hook '/home/yujie/Daniel_ws/galil_test/galil-amiro/install/galil_driver/share/galil_driver/hook/cmake_prefix_path.ps1'
[0.927s] INFO:colcon.colcon_core.shell:Creating environment descriptor '/home/yujie/Daniel_ws/galil_test/galil-amiro/install/galil_driver/share/galil_driver/hook/cmake_prefix_path.dsv'
[0.928s] INFO:colcon.colcon_core.shell:Creating environment hook '/home/yujie/Daniel_ws/galil_test/galil-amiro/install/galil_driver/share/galil_driver/hook/cmake_prefix_path.sh'
[0.929s] Level 1:colcon.colcon_core.environment:checking '/home/yujie/Daniel_ws/galil_test/galil-amiro/install/galil_driver/lib'
[0.929s] Level 1:colcon.colcon_core.shell:create_environment_hook('galil_driver', 'ld_library_path_lib')
[0.930s] INFO:colcon.colcon_core.shell:Creating environment hook '/home/yujie/Daniel_ws/galil_test/galil-amiro/install/galil_driver/share/galil_driver/hook/ld_library_path_lib.ps1'
[0.930s] INFO:colcon.colcon_core.shell:Creating environment descriptor '/home/yujie/Daniel_ws/galil_test/galil-amiro/install/galil_driver/share/galil_driver/hook/ld_library_path_lib.dsv'
[0.931s] INFO:colcon.colcon_core.shell:Creating environment hook '/home/yujie/Daniel_ws/galil_test/galil-amiro/install/galil_driver/share/galil_driver/hook/ld_library_path_lib.sh'
[0.932s] Level 1:colcon.colcon_core.environment:checking '/home/yujie/Daniel_ws/galil_test/galil-amiro/install/galil_driver/bin'
[0.932s] Level 1:colcon.colcon_core.environment:checking '/home/yujie/Daniel_ws/galil_test/galil-amiro/install/galil_driver/lib/pkgconfig/galil_driver.pc'
[0.932s] Level 1:colcon.colcon_core.environment:checking '/home/yujie/Daniel_ws/galil_test/galil-amiro/install/galil_driver/lib/python3.10/site-packages'
[0.933s] Level 1:colcon.colcon_core.environment:checking '/home/yujie/Daniel_ws/galil_test/galil-amiro/install/galil_driver/bin'
[0.934s] INFO:colcon.colcon_core.shell:Creating package script '/home/yujie/Daniel_ws/galil_test/galil-amiro/install/galil_driver/share/galil_driver/package.ps1'
[0.934s] INFO:colcon.colcon_core.shell:Creating package descriptor '/home/yujie/Daniel_ws/galil_test/galil-amiro/install/galil_driver/share/galil_driver/package.dsv'
[0.935s] INFO:colcon.colcon_core.shell:Creating package script '/home/yujie/Daniel_ws/galil_test/galil-amiro/install/galil_driver/share/galil_driver/package.sh'
[0.936s] INFO:colcon.colcon_core.shell:Creating package script '/home/yujie/Daniel_ws/galil_test/galil-amiro/install/galil_driver/share/galil_driver/package.bash'
[0.937s] INFO:colcon.colcon_core.shell:Creating package script '/home/yujie/Daniel_ws/galil_test/galil-amiro/install/galil_driver/share/galil_driver/package.zsh'
[0.937s] Level 1:colcon.colcon_core.environment:create_file_with_runtime_dependencies(/home/yujie/Daniel_ws/galil_test/galil-amiro/install/galil_driver/share/colcon-core/packages/galil_driver)
[0.938s] Level 1:colcon.colcon_core.environment:create_environment_scripts_only(galil_driver)
[0.939s] Level 1:colcon.colcon_core.environment:checking '/home/yujie/Daniel_ws/galil_test/galil-amiro/install/galil_driver' for CMake module files
[0.939s] Level 1:colcon.colcon_core.environment:checking '/home/yujie/Daniel_ws/galil_test/galil-amiro/install/galil_driver' for CMake config files
[0.940s] Level 1:colcon.colcon_core.shell:create_environment_hook('galil_driver', 'cmake_prefix_path')
[0.940s] INFO:colcon.colcon_core.shell:Creating environment hook '/home/yujie/Daniel_ws/galil_test/galil-amiro/install/galil_driver/share/galil_driver/hook/cmake_prefix_path.ps1'
[0.941s] INFO:colcon.colcon_core.shell:Creating environment descriptor '/home/yujie/Daniel_ws/galil_test/galil-amiro/install/galil_driver/share/galil_driver/hook/cmake_prefix_path.dsv'
[0.942s] INFO:colcon.colcon_core.shell:Creating environment hook '/home/yujie/Daniel_ws/galil_test/galil-amiro/install/galil_driver/share/galil_driver/hook/cmake_prefix_path.sh'
[0.943s] Level 1:colcon.colcon_core.environment:checking '/home/yujie/Daniel_ws/galil_test/galil-amiro/install/galil_driver/lib'
[0.943s] Level 1:colcon.colcon_core.shell:create_environment_hook('galil_driver', 'ld_library_path_lib')
[0.943s] INFO:colcon.colcon_core.shell:Creating environment hook '/home/yujie/Daniel_ws/galil_test/galil-amiro/install/galil_driver/share/galil_driver/hook/ld_library_path_lib.ps1'
[0.944s] INFO:colcon.colcon_core.shell:Creating environment descriptor '/home/yujie/Daniel_ws/galil_test/galil-amiro/install/galil_driver/share/galil_driver/hook/ld_library_path_lib.dsv'
[0.944s] INFO:colcon.colcon_core.shell:Creating environment hook '/home/yujie/Daniel_ws/galil_test/galil-amiro/install/galil_driver/share/galil_driver/hook/ld_library_path_lib.sh'
[0.945s] Level 1:colcon.colcon_core.environment:checking '/home/yujie/Daniel_ws/galil_test/galil-amiro/install/galil_driver/bin'
[0.945s] Level 1:colcon.colcon_core.environment:checking '/home/yujie/Daniel_ws/galil_test/galil-amiro/install/galil_driver/lib/pkgconfig/galil_driver.pc'
[0.946s] Level 1:colcon.colcon_core.environment:checking '/home/yujie/Daniel_ws/galil_test/galil-amiro/install/galil_driver/lib/python3.10/site-packages'
[0.946s] Level 1:colcon.colcon_core.environment:checking '/home/yujie/Daniel_ws/galil_test/galil-amiro/install/galil_driver/bin'
[0.947s] INFO:colcon.colcon_core.shell:Creating package script '/home/yujie/Daniel_ws/galil_test/galil-amiro/install/galil_driver/share/galil_driver/package.ps1'
[0.948s] INFO:colcon.colcon_core.shell:Creating package descriptor '/home/yujie/Daniel_ws/galil_test/galil-amiro/install/galil_driver/share/galil_driver/package.dsv'
[0.949s] INFO:colcon.colcon_core.shell:Creating package script '/home/yujie/Daniel_ws/galil_test/galil-amiro/install/galil_driver/share/galil_driver/package.sh'
[0.949s] INFO:colcon.colcon_core.shell:Creating package script '/home/yujie/Daniel_ws/galil_test/galil-amiro/install/galil_driver/share/galil_driver/package.bash'
[0.950s] INFO:colcon.colcon_core.shell:Creating package script '/home/yujie/Daniel_ws/galil_test/galil-amiro/install/galil_driver/share/galil_driver/package.zsh'
[0.951s] Level 1:colcon.colcon_core.environment:create_file_with_runtime_dependencies(/home/yujie/Daniel_ws/galil_test/galil-amiro/install/galil_driver/share/colcon-core/packages/galil_driver)
[0.951s] DEBUG:colcon.colcon_parallel_executor.executor.parallel:closing loop
[0.952s] DEBUG:colcon.colcon_parallel_executor.executor.parallel:loop closed
[0.952s] DEBUG:colcon.colcon_parallel_executor.executor.parallel:run_until_complete finished with '0'
[0.952s] DEBUG:colcon.colcon_core.event_reactor:joining thread
[0.961s] INFO:colcon.colcon_core.plugin_system:Skipping extension 'colcon_notification.desktop_notification.terminal_notifier': Not used on non-Darwin systems
[0.961s] INFO:colcon.colcon_core.plugin_system:Skipping extension 'colcon_notification.desktop_notification.win32': Not used on non-Windows systems
[0.961s] INFO:colcon.colcon_notification.desktop_notification:Sending desktop notification using 'notify2'
[0.980s] DEBUG:colcon.colcon_core.event_reactor:joined thread
[0.980s] INFO:colcon.colcon_core.shell:Creating prefix script '/home/yujie/Daniel_ws/galil_test/galil-amiro/install/local_setup.ps1'
[0.982s] INFO:colcon.colcon_core.shell:Creating prefix util module '/home/yujie/Daniel_ws/galil_test/galil-amiro/install/_local_setup_util_ps1.py'
[0.985s] INFO:colcon.colcon_core.shell:Creating prefix chain script '/home/yujie/Daniel_ws/galil_test/galil-amiro/install/setup.ps1'
[0.987s] INFO:colcon.colcon_core.shell:Creating prefix script '/home/yujie/Daniel_ws/galil_test/galil-amiro/install/local_setup.sh'
[0.988s] INFO:colcon.colcon_core.shell:Creating prefix util module '/home/yujie/Daniel_ws/galil_test/galil-amiro/install/_local_setup_util_sh.py'
[0.989s] INFO:colcon.colcon_core.shell:Creating prefix chain script '/home/yujie/Daniel_ws/galil_test/galil-amiro/install/setup.sh'
[0.992s] INFO:colcon.colcon_core.shell:Creating prefix script '/home/yujie/Daniel_ws/galil_test/galil-amiro/install/local_setup.bash'
[0.993s] INFO:colcon.colcon_core.shell:Creating prefix chain script '/home/yujie/Daniel_ws/galil_test/galil-amiro/install/setup.bash'
[0.995s] INFO:colcon.colcon_core.shell:Creating prefix script '/home/yujie/Daniel_ws/galil_test/galil-amiro/install/local_setup.zsh'
[0.996s] INFO:colcon.colcon_core.shell:Creating prefix chain script '/home/yujie/Daniel_ws/galil_test/galil-amiro/install/setup.zsh'
