-- The C compiler identification is GNU 11.4.0
-- The CXX compiler identification is GNU 11.4.0
-- Detecting C compiler ABI info
-- Detecting C compiler ABI info - done
-- Check for working C compiler: /usr/bin/cc - skipped
-- Detecting C compile features
-- Detecting C compile features - done
-- Detecting CXX compiler ABI info
-- Detecting CXX compiler ABI info - done
-- Check for working CXX compiler: /usr/bin/c++ - skipped
-- Detecting CXX compile features
-- Detecting CXX compile features - done
-- Found ament_cmake: 1.3.12 (/opt/ros/humble/share/ament_cmake/cmake)
-- Found Python3: /usr/bin/python3 (found version "3.10.12") found components: Interpreter 
-- Found controller_manager: 2.53.0 (/opt/ros/humble/share/controller_manager/cmake)
-- Found rosidl_generator_c: 3.1.8 (/opt/ros/humble/share/rosidl_generator_c/cmake)
-- Found rosidl_adapter: 3.1.8 (/opt/ros/humble/share/rosidl_adapter/cmake)
-- Found rosidl_generator_cpp: 3.1.8 (/opt/ros/humble/share/rosidl_generator_cpp/cmake)
-- Using all available rosidl_typesupport_c: rosidl_typesupport_fastrtps_c;rosidl_typesupport_introspection_c
-- Using all available rosidl_typesupport_cpp: rosidl_typesupport_fastrtps_cpp;rosidl_typesupport_introspection_cpp
-- Found rmw_implementation_cmake: 6.1.2 (/opt/ros/humble/share/rmw_implementation_cmake/cmake)
-- Found rmw_fastrtps_cpp: 6.2.9 (/opt/ros/humble/share/rmw_fastrtps_cpp/cmake)
-- Found TinyXML2 via Config file: TinyXML2_DIR-NOTFOUND
-- Found OpenSSL: /usr/lib/x86_64-linux-gnu/libcrypto.so (found version "3.0.2")  
-- Found TinyXML2 via Config file: TinyXML2_DIR-NOTFOUND
-- Found FastRTPS: /opt/ros/humble/include  
-- Found TinyXML2 via Config file: TinyXML2_DIR-NOTFOUND
-- Found TinyXML2 via Config file: TinyXML2_DIR-NOTFOUND
-- Using RMW implementation 'rmw_fastrtps_cpp' as default
-- Looking for pthread.h
-- Looking for pthread.h - found
-- Performing Test CMAKE_HAVE_LIBC_PTHREAD
-- Performing Test CMAKE_HAVE_LIBC_PTHREAD - Success
-- Found Threads: TRUE  
-- Found std_srvs: 4.9.0 (/opt/ros/humble/share/std_srvs/cmake)
-- Found tf2_geometry_msgs: 0.25.18 (/opt/ros/humble/share/tf2_geometry_msgs/cmake)
-- Found eigen3_cmake_module: 0.1.1 (/opt/ros/humble/share/eigen3_cmake_module/cmake)
-- Found Eigen3: TRUE (found version "3.4.0") 
-- Ensuring Eigen3 include directory is part of orocos-kdl CMake target
-- Found ament_lint_auto: 0.12.14 (/opt/ros/humble/share/ament_lint_auto/cmake)
-- Added test 'cppcheck' to perform static code analysis on C / C++ code
-- Configured cppcheck include dirs: /home/yujie/Daniel_ws/galil_test/galil-amiro/galil_driver/include
-- Configured cppcheck exclude dirs and/or files: 
-- Added test 'flake8' to check Python code syntax and style conventions
-- Added test 'lint_cmake' to check CMake code style
-- Added test 'pep257' to check Python code against some of the docstring style conventions in PEP 257
-- Added test 'uncrustify' to check C / C++ code style
-- Configured uncrustify additional arguments: 
-- Added test 'xmllint' to check XML markup files
-- Configuring done
-- Generating done
-- Build files have been written to: /home/yujie/Daniel_ws/galil_test/galil-amiro/build/galil_driver
[ 50%] [32mBuilding CXX object CMakeFiles/galil_driver_plugin.dir/src/hardware_interface.cpp.o[0m
[100%] [32m[1mLinking CXX shared library libgalil_driver_plugin.so[0m
[100%] Built target galil_driver_plugin
-- Install configuration: ""
-- Installing: /home/yujie/Daniel_ws/galil_test/galil-amiro/install/galil_driver/share/galil_driver/hardware_interface_plugin.xml
-- Installing: /home/yujie/Daniel_ws/galil_test/galil-amiro/install/galil_driver/lib/libgalil_driver_plugin.so
-- Set runtime path of "/home/yujie/Daniel_ws/galil_test/galil-amiro/install/galil_driver/lib/libgalil_driver_plugin.so" to ""
-- Installing: /home/yujie/Daniel_ws/galil_test/galil-amiro/install/galil_driver/share/galil_driver/launch
-- Installing: /home/yujie/Daniel_ws/galil_test/galil-amiro/install/galil_driver/share/galil_driver/launch/mariana_view.launch.py
-- Installing: /home/yujie/Daniel_ws/galil_test/galil-amiro/install/galil_driver/share/galil_driver/launch/view.launch.py
-- Installing: /home/yujie/Daniel_ws/galil_test/galil-amiro/install/galil_driver/share/galil_driver/launch/demo.launch.py
-- Installing: /home/yujie/Daniel_ws/galil_test/galil-amiro/install/galil_driver/share/galil_driver/config
-- Installing: /home/yujie/Daniel_ws/galil_test/galil-amiro/install/galil_driver/share/galil_driver/config/galil_controllers.yaml
-- Installing: /home/yujie/Daniel_ws/galil_test/galil-amiro/install/galil_driver/include/include
-- Installing: /home/yujie/Daniel_ws/galil_test/galil-amiro/install/galil_driver/include/include/galil_driver
-- Installing: /home/yujie/Daniel_ws/galil_test/galil-amiro/install/galil_driver/include/include/galil_driver/hardware_interface.hpp
-- Installing: /home/yujie/Daniel_ws/galil_test/galil-amiro/install/galil_driver/share/galil_driver/environment/library_path.sh
-- Installing: /home/yujie/Daniel_ws/galil_test/galil-amiro/install/galil_driver/share/galil_driver/environment/library_path.dsv
-- Installing: /home/yujie/Daniel_ws/galil_test/galil-amiro/install/galil_driver/share/ament_index/resource_index/package_run_dependencies/galil_driver
-- Installing: /home/yujie/Daniel_ws/galil_test/galil-amiro/install/galil_driver/share/ament_index/resource_index/parent_prefix_path/galil_driver
-- Installing: /home/yujie/Daniel_ws/galil_test/galil-amiro/install/galil_driver/share/galil_driver/environment/ament_prefix_path.sh
-- Installing: /home/yujie/Daniel_ws/galil_test/galil-amiro/install/galil_driver/share/galil_driver/environment/ament_prefix_path.dsv
-- Installing: /home/yujie/Daniel_ws/galil_test/galil-amiro/install/galil_driver/share/galil_driver/environment/path.sh
-- Installing: /home/yujie/Daniel_ws/galil_test/galil-amiro/install/galil_driver/share/galil_driver/environment/path.dsv
-- Installing: /home/yujie/Daniel_ws/galil_test/galil-amiro/install/galil_driver/share/galil_driver/local_setup.bash
-- Installing: /home/yujie/Daniel_ws/galil_test/galil-amiro/install/galil_driver/share/galil_driver/local_setup.sh
-- Installing: /home/yujie/Daniel_ws/galil_test/galil-amiro/install/galil_driver/share/galil_driver/local_setup.zsh
-- Installing: /home/yujie/Daniel_ws/galil_test/galil-amiro/install/galil_driver/share/galil_driver/local_setup.dsv
-- Installing: /home/yujie/Daniel_ws/galil_test/galil-amiro/install/galil_driver/share/galil_driver/package.dsv
-- Installing: /home/yujie/Daniel_ws/galil_test/galil-amiro/install/galil_driver/share/ament_index/resource_index/packages/galil_driver
-- Installing: /home/yujie/Daniel_ws/galil_test/galil-amiro/install/galil_driver/share/ament_index/resource_index/hardware_interface__pluginlib__plugin/galil_driver
-- Installing: /home/yujie/Daniel_ws/galil_test/galil-amiro/install/galil_driver/share/galil_driver/cmake/ament_cmake_export_include_directories-extras.cmake
-- Installing: /home/yujie/Daniel_ws/galil_test/galil-amiro/install/galil_driver/share/galil_driver/cmake/ament_cmake_export_libraries-extras.cmake
-- Installing: /home/yujie/Daniel_ws/galil_test/galil-amiro/install/galil_driver/share/galil_driver/cmake/ament_cmake_export_dependencies-extras.cmake
-- Installing: /home/yujie/Daniel_ws/galil_test/galil-amiro/install/galil_driver/share/galil_driver/cmake/galil_driverConfig.cmake
-- Installing: /home/yujie/Daniel_ws/galil_test/galil-amiro/install/galil_driver/share/galil_driver/cmake/galil_driverConfig-version.cmake
-- Installing: /home/yujie/Daniel_ws/galil_test/galil-amiro/install/galil_driver/share/galil_driver/package.xml
