-- Install configuration: ""
-- Up-to-date: /home/yujie/Daniel_ws/galil_test/galil-amiro/install/galil_description/share/galil_description/urdf
-- Up-to-date: /home/yujie/Daniel_ws/galil_test/galil-amiro/install/galil_description/share/galil_description/urdf/materials.xacro
-- Up-to-date: /home/yujie/Daniel_ws/galil_test/galil-amiro/install/galil_description/share/galil_description/urdf/galil.xacro
-- Up-to-date: /home/yujie/Daniel_ws/galil_test/galil-amiro/install/galil_description/share/galil_description/urdf/galil.ros2_control.xacro
-- Up-to-date: /home/yujie/Daniel_ws/galil_test/galil-amiro/install/galil_description/share/galil_description/urdf/galil.urdf.xacro
-- Up-to-date: /home/yujie/Daniel_ws/galil_test/galil-amiro/install/galil_description/share/galil_description/meshes
-- Up-to-date: /home/yujie/Daniel_ws/galil_test/galil-amiro/install/galil_description/share/galil_description/meshes/needle_link.stl
-- Up-to-date: /home/yujie/Daniel_ws/galil_test/galil-amiro/install/galil_description/share/galil_description/meshes/horizontal_link.stl
-- Up-to-date: /home/yujie/Daniel_ws/galil_test/galil-amiro/install/galil_description/share/galil_description/meshes/vertical_link.stl
-- Up-to-date: /home/yujie/Daniel_ws/galil_test/galil-amiro/install/galil_description/share/galil_description/meshes/base_link.stl
-- Up-to-date: /home/yujie/Daniel_ws/galil_test/galil-amiro/install/galil_description/share/galil_description/rviz
-- Up-to-date: /home/yujie/Daniel_ws/galil_test/galil-amiro/install/galil_description/share/galil_description/rviz/urdf.rviz
-- Up-to-date: /home/yujie/Daniel_ws/galil_test/galil-amiro/install/galil_description/share/ament_index/resource_index/package_run_dependencies/galil_description
-- Up-to-date: /home/yujie/Daniel_ws/galil_test/galil-amiro/install/galil_description/share/ament_index/resource_index/parent_prefix_path/galil_description
-- Up-to-date: /home/yujie/Daniel_ws/galil_test/galil-amiro/install/galil_description/share/galil_description/environment/ament_prefix_path.sh
-- Up-to-date: /home/yujie/Daniel_ws/galil_test/galil-amiro/install/galil_description/share/galil_description/environment/ament_prefix_path.dsv
-- Up-to-date: /home/yujie/Daniel_ws/galil_test/galil-amiro/install/galil_description/share/galil_description/environment/path.sh
-- Up-to-date: /home/yujie/Daniel_ws/galil_test/galil-amiro/install/galil_description/share/galil_description/environment/path.dsv
-- Up-to-date: /home/yujie/Daniel_ws/galil_test/galil-amiro/install/galil_description/share/galil_description/local_setup.bash
-- Up-to-date: /home/yujie/Daniel_ws/galil_test/galil-amiro/install/galil_description/share/galil_description/local_setup.sh
-- Up-to-date: /home/yujie/Daniel_ws/galil_test/galil-amiro/install/galil_description/share/galil_description/local_setup.zsh
-- Up-to-date: /home/yujie/Daniel_ws/galil_test/galil-amiro/install/galil_description/share/galil_description/local_setup.dsv
-- Installing: /home/yujie/Daniel_ws/galil_test/galil-amiro/install/galil_description/share/galil_description/package.dsv
-- Up-to-date: /home/yujie/Daniel_ws/galil_test/galil-amiro/install/galil_description/share/ament_index/resource_index/packages/galil_description
-- Up-to-date: /home/yujie/Daniel_ws/galil_test/galil-amiro/install/galil_description/share/galil_description/cmake/galil_descriptionConfig.cmake
-- Up-to-date: /home/yujie/Daniel_ws/galil_test/galil-amiro/install/galil_description/share/galil_description/cmake/galil_descriptionConfig-version.cmake
-- Up-to-date: /home/yujie/Daniel_ws/galil_test/galil-amiro/install/galil_description/share/galil_description/package.xml
