[0.028s] Invoking command in '/home/yujie/Daniel_ws/galil_test/galil-amiro/build/galil_description': CMAKE_PREFIX_PATH=/home/yujie/camera_ros2_ws/install/spinnaker_synchronized_camera_driver:/home/yujie/camera_ros2_ws/install/spinnaker_camera_driver:/home/yujie/camera_ros2_ws/install/flir_camera_msgs:/home/yujie/camera_ros2_ws/install/flir_camera_description:/home/yujie/ros2_ws/install/spinnaker_synchronized_camera_driver:/opt/ros/humble:/home/yujie/ros2_ws/install/spinnaker_camera_driver:/home/yujie/ros2_ws/install/flir_camera_msgs:/home/yujie/ros2_ws/install/flir_camera_description /usr/bin/cmake --build /home/yujie/Daniel_ws/galil_test/galil-amiro/build/galil_description -- -j8 -l8
[0.115s] Invoked command in '/home/yujie/Daniel_ws/galil_test/galil-amiro/build/galil_description' returned '0': CMAKE_PREFIX_PATH=/home/yujie/camera_ros2_ws/install/spinnaker_synchronized_camera_driver:/home/yujie/camera_ros2_ws/install/spinnaker_camera_driver:/home/yujie/camera_ros2_ws/install/flir_camera_msgs:/home/yujie/camera_ros2_ws/install/flir_camera_description:/home/yujie/ros2_ws/install/spinnaker_synchronized_camera_driver:/opt/ros/humble:/home/yujie/ros2_ws/install/spinnaker_camera_driver:/home/yujie/ros2_ws/install/flir_camera_msgs:/home/yujie/ros2_ws/install/flir_camera_description /usr/bin/cmake --build /home/yujie/Daniel_ws/galil_test/galil-amiro/build/galil_description -- -j8 -l8
[0.136s] Invoking command in '/home/yujie/Daniel_ws/galil_test/galil-amiro/build/galil_description': CMAKE_PREFIX_PATH=/home/yujie/camera_ros2_ws/install/spinnaker_synchronized_camera_driver:/home/yujie/camera_ros2_ws/install/spinnaker_camera_driver:/home/yujie/camera_ros2_ws/install/flir_camera_msgs:/home/yujie/camera_ros2_ws/install/flir_camera_description:/home/yujie/ros2_ws/install/spinnaker_synchronized_camera_driver:/opt/ros/humble:/home/yujie/ros2_ws/install/spinnaker_camera_driver:/home/yujie/ros2_ws/install/flir_camera_msgs:/home/yujie/ros2_ws/install/flir_camera_description /usr/bin/cmake --install /home/yujie/Daniel_ws/galil_test/galil-amiro/build/galil_description
[0.152s] -- Install configuration: ""
[0.153s] -- Up-to-date: /home/yujie/Daniel_ws/galil_test/galil-amiro/install/galil_description/share/galil_description/urdf
[0.153s] -- Up-to-date: /home/yujie/Daniel_ws/galil_test/galil-amiro/install/galil_description/share/galil_description/urdf/materials.xacro
[0.153s] -- Up-to-date: /home/yujie/Daniel_ws/galil_test/galil-amiro/install/galil_description/share/galil_description/urdf/galil.xacro
[0.153s] -- Up-to-date: /home/yujie/Daniel_ws/galil_test/galil-amiro/install/galil_description/share/galil_description/urdf/galil.ros2_control.xacro
[0.153s] -- Up-to-date: /home/yujie/Daniel_ws/galil_test/galil-amiro/install/galil_description/share/galil_description/urdf/galil.urdf.xacro
[0.153s] -- Up-to-date: /home/yujie/Daniel_ws/galil_test/galil-amiro/install/galil_description/share/galil_description/meshes
[0.153s] -- Up-to-date: /home/yujie/Daniel_ws/galil_test/galil-amiro/install/galil_description/share/galil_description/meshes/needle_link.stl
[0.154s] -- Up-to-date: /home/yujie/Daniel_ws/galil_test/galil-amiro/install/galil_description/share/galil_description/meshes/horizontal_link.stl
[0.154s] -- Up-to-date: /home/yujie/Daniel_ws/galil_test/galil-amiro/install/galil_description/share/galil_description/meshes/vertical_link.stl
[0.154s] -- Up-to-date: /home/yujie/Daniel_ws/galil_test/galil-amiro/install/galil_description/share/galil_description/meshes/base_link.stl
[0.154s] -- Up-to-date: /home/yujie/Daniel_ws/galil_test/galil-amiro/install/galil_description/share/galil_description/rviz
[0.154s] -- Up-to-date: /home/yujie/Daniel_ws/galil_test/galil-amiro/install/galil_description/share/galil_description/rviz/urdf.rviz
[0.154s] -- Up-to-date: /home/yujie/Daniel_ws/galil_test/galil-amiro/install/galil_description/share/ament_index/resource_index/package_run_dependencies/galil_description
[0.154s] -- Up-to-date: /home/yujie/Daniel_ws/galil_test/galil-amiro/install/galil_description/share/ament_index/resource_index/parent_prefix_path/galil_description
[0.154s] -- Up-to-date: /home/yujie/Daniel_ws/galil_test/galil-amiro/install/galil_description/share/galil_description/environment/ament_prefix_path.sh
[0.155s] -- Up-to-date: /home/yujie/Daniel_ws/galil_test/galil-amiro/install/galil_description/share/galil_description/environment/ament_prefix_path.dsv
[0.155s] -- Up-to-date: /home/yujie/Daniel_ws/galil_test/galil-amiro/install/galil_description/share/galil_description/environment/path.sh
[0.155s] -- Up-to-date: /home/yujie/Daniel_ws/galil_test/galil-amiro/install/galil_description/share/galil_description/environment/path.dsv
[0.155s] -- Up-to-date: /home/yujie/Daniel_ws/galil_test/galil-amiro/install/galil_description/share/galil_description/local_setup.bash
[0.155s] -- Up-to-date: /home/yujie/Daniel_ws/galil_test/galil-amiro/install/galil_description/share/galil_description/local_setup.sh
[0.155s] -- Up-to-date: /home/yujie/Daniel_ws/galil_test/galil-amiro/install/galil_description/share/galil_description/local_setup.zsh
[0.155s] -- Up-to-date: /home/yujie/Daniel_ws/galil_test/galil-amiro/install/galil_description/share/galil_description/local_setup.dsv
[0.155s] -- Installing: /home/yujie/Daniel_ws/galil_test/galil-amiro/install/galil_description/share/galil_description/package.dsv
[0.155s] -- Up-to-date: /home/yujie/Daniel_ws/galil_test/galil-amiro/install/galil_description/share/ament_index/resource_index/packages/galil_description
[0.155s] -- Up-to-date: /home/yujie/Daniel_ws/galil_test/galil-amiro/install/galil_description/share/galil_description/cmake/galil_descriptionConfig.cmake
[0.156s] -- Up-to-date: /home/yujie/Daniel_ws/galil_test/galil-amiro/install/galil_description/share/galil_description/cmake/galil_descriptionConfig-version.cmake
[0.156s] -- Up-to-date: /home/yujie/Daniel_ws/galil_test/galil-amiro/install/galil_description/share/galil_description/package.xml
[0.158s] Invoked command in '/home/yujie/Daniel_ws/galil_test/galil-amiro/build/galil_description' returned '0': CMAKE_PREFIX_PATH=/home/yujie/camera_ros2_ws/install/spinnaker_synchronized_camera_driver:/home/yujie/camera_ros2_ws/install/spinnaker_camera_driver:/home/yujie/camera_ros2_ws/install/flir_camera_msgs:/home/yujie/camera_ros2_ws/install/flir_camera_description:/home/yujie/ros2_ws/install/spinnaker_synchronized_camera_driver:/opt/ros/humble:/home/yujie/ros2_ws/install/spinnaker_camera_driver:/home/yujie/ros2_ws/install/flir_camera_msgs:/home/yujie/ros2_ws/install/flir_camera_description /usr/bin/cmake --install /home/yujie/Daniel_ws/galil_test/galil-amiro/build/galil_description
