[0.071s] DEBUG:colcon:Command line arguments: ['/usr/bin/colcon', 'build', '--packages-select', 'galil_description', 'galil_driver']
[0.071s] DEBUG:colcon:Parsed command line arguments: Namespace(log_base=None, log_level=None, verb_name='build', build_base='build', install_base='install', merge_install=False, symlink_install=False, test_result_base=None, continue_on_error=False, executor='parallel', parallel_workers=20, event_handlers=None, ignore_user_meta=False, metas=['./colcon.meta'], base_paths=['.'], packages_ignore=None, packages_ignore_regex=None, paths=None, packages_up_to=None, packages_up_to_regex=None, packages_above=None, packages_above_and_dependencies=None, packages_above_depth=None, packages_select_by_dep=None, packages_skip_by_dep=None, packages_skip_up_to=None, packages_select_build_failed=False, packages_skip_build_finished=False, packages_select_test_failures=False, packages_skip_test_passed=False, packages_select=['galil_description', 'galil_driver'], packages_skip=None, packages_select_regex=None, packages_skip_regex=None, packages_start=None, packages_end=None, allow_overriding=[], cmake_args=None, cmake_target=None, cmake_target_skip_unavailable=False, cmake_clean_cache=False, cmake_clean_first=False, cmake_force_configure=False, ament_cmake_args=None, catkin_cmake_args=None, catkin_skip_building_tests=False, verb_parser=<colcon_defaults.argument_parser.defaults.DefaultArgumentsDecorator object at 0x7a8011c64340>, verb_extension=<colcon_core.verb.build.BuildVerb object at 0x7a8011c37dc0>, main=<bound method BuildVerb.main of <colcon_core.verb.build.BuildVerb object at 0x7a8011c37dc0>>)
[0.183s] Level 1:colcon.colcon_core.package_discovery:discover_packages(colcon_meta) check parameters
[0.184s] Level 1:colcon.colcon_core.package_discovery:discover_packages(recursive) check parameters
[0.184s] Level 1:colcon.colcon_core.package_discovery:discover_packages(ignore) check parameters
[0.184s] Level 1:colcon.colcon_core.package_discovery:discover_packages(path) check parameters
[0.184s] Level 1:colcon.colcon_core.package_discovery:discover_packages(colcon_meta) discover
[0.184s] Level 1:colcon.colcon_core.package_discovery:discover_packages(recursive) discover
[0.184s] INFO:colcon.colcon_core.package_discovery:Crawling recursively for packages in '/home/amiro/Daniel/galil test/galil RSP/galil-RSP'
[0.184s] Level 1:colcon.colcon_core.package_identification:_identify(.) by extensions ['ignore', 'ignore_ament_install']
[0.184s] Level 1:colcon.colcon_core.package_identification:_identify(.) by extension 'ignore'
[0.184s] Level 1:colcon.colcon_core.package_identification:_identify(.) by extension 'ignore_ament_install'
[0.184s] Level 1:colcon.colcon_core.package_identification:_identify(.) by extensions ['colcon_pkg']
[0.184s] Level 1:colcon.colcon_core.package_identification:_identify(.) by extension 'colcon_pkg'
[0.184s] Level 1:colcon.colcon_core.package_identification:_identify(.) by extensions ['colcon_meta']
[0.184s] Level 1:colcon.colcon_core.package_identification:_identify(.) by extension 'colcon_meta'
[0.184s] Level 1:colcon.colcon_core.package_identification:_identify(.) by extensions ['ros']
[0.184s] Level 1:colcon.colcon_core.package_identification:_identify(.) by extension 'ros'
[0.192s] Level 1:colcon.colcon_core.package_identification:_identify(.) by extensions ['cmake', 'python']
[0.192s] Level 1:colcon.colcon_core.package_identification:_identify(.) by extension 'cmake'
[0.192s] Level 1:colcon.colcon_core.package_identification:_identify(.) by extension 'python'
[0.192s] Level 1:colcon.colcon_core.package_identification:_identify(.) by extensions ['python_setup_py']
[0.192s] Level 1:colcon.colcon_core.package_identification:_identify(.) by extension 'python_setup_py'
[0.192s] Level 1:colcon.colcon_core.package_identification:_identify(build) by extensions ['ignore', 'ignore_ament_install']
[0.192s] Level 1:colcon.colcon_core.package_identification:_identify(build) by extension 'ignore'
[0.192s] Level 1:colcon.colcon_core.package_identification:_identify(build) ignored
[0.192s] Level 1:colcon.colcon_core.package_identification:_identify(galil_description) by extensions ['ignore', 'ignore_ament_install']
[0.192s] Level 1:colcon.colcon_core.package_identification:_identify(galil_description) by extension 'ignore'
[0.192s] Level 1:colcon.colcon_core.package_identification:_identify(galil_description) by extension 'ignore_ament_install'
[0.192s] Level 1:colcon.colcon_core.package_identification:_identify(galil_description) by extensions ['colcon_pkg']
[0.193s] Level 1:colcon.colcon_core.package_identification:_identify(galil_description) by extension 'colcon_pkg'
[0.193s] Level 1:colcon.colcon_core.package_identification:_identify(galil_description) by extensions ['colcon_meta']
[0.193s] Level 1:colcon.colcon_core.package_identification:_identify(galil_description) by extension 'colcon_meta'
[0.193s] Level 1:colcon.colcon_core.package_identification:_identify(galil_description) by extensions ['ros']
[0.193s] Level 1:colcon.colcon_core.package_identification:_identify(galil_description) by extension 'ros'
[0.194s] DEBUG:colcon.colcon_core.package_identification:Package 'galil_description' with type 'ros.ament_cmake' and name 'galil_description'
[0.195s] Level 1:colcon.colcon_core.package_identification:_identify(galil_driver) by extensions ['ignore', 'ignore_ament_install']
[0.195s] Level 1:colcon.colcon_core.package_identification:_identify(galil_driver) by extension 'ignore'
[0.195s] Level 1:colcon.colcon_core.package_identification:_identify(galil_driver) by extension 'ignore_ament_install'
[0.195s] Level 1:colcon.colcon_core.package_identification:_identify(galil_driver) by extensions ['colcon_pkg']
[0.195s] Level 1:colcon.colcon_core.package_identification:_identify(galil_driver) by extension 'colcon_pkg'
[0.195s] Level 1:colcon.colcon_core.package_identification:_identify(galil_driver) by extensions ['colcon_meta']
[0.195s] Level 1:colcon.colcon_core.package_identification:_identify(galil_driver) by extension 'colcon_meta'
[0.195s] Level 1:colcon.colcon_core.package_identification:_identify(galil_driver) by extensions ['ros']
[0.195s] Level 1:colcon.colcon_core.package_identification:_identify(galil_driver) by extension 'ros'
[0.196s] DEBUG:colcon.colcon_core.package_identification:Package 'galil_driver' with type 'ros.ament_cmake' and name 'galil_driver'
[0.196s] Level 1:colcon.colcon_core.package_identification:_identify(install) by extensions ['ignore', 'ignore_ament_install']
[0.196s] Level 1:colcon.colcon_core.package_identification:_identify(install) by extension 'ignore'
[0.196s] Level 1:colcon.colcon_core.package_identification:_identify(install) ignored
[0.196s] Level 1:colcon.colcon_core.package_identification:_identify(internal) by extensions ['ignore', 'ignore_ament_install']
[0.196s] Level 1:colcon.colcon_core.package_identification:_identify(internal) by extension 'ignore'
[0.196s] Level 1:colcon.colcon_core.package_identification:_identify(internal) by extension 'ignore_ament_install'
[0.196s] Level 1:colcon.colcon_core.package_identification:_identify(internal) by extensions ['colcon_pkg']
[0.196s] Level 1:colcon.colcon_core.package_identification:_identify(internal) by extension 'colcon_pkg'
[0.196s] Level 1:colcon.colcon_core.package_identification:_identify(internal) by extensions ['colcon_meta']
[0.196s] Level 1:colcon.colcon_core.package_identification:_identify(internal) by extension 'colcon_meta'
[0.196s] Level 1:colcon.colcon_core.package_identification:_identify(internal) by extensions ['ros']
[0.196s] Level 1:colcon.colcon_core.package_identification:_identify(internal) by extension 'ros'
[0.196s] Level 1:colcon.colcon_core.package_identification:_identify(internal) by extensions ['cmake', 'python']
[0.196s] Level 1:colcon.colcon_core.package_identification:_identify(internal) by extension 'cmake'
[0.196s] Level 1:colcon.colcon_core.package_identification:_identify(internal) by extension 'python'
[0.196s] Level 1:colcon.colcon_core.package_identification:_identify(internal) by extensions ['python_setup_py']
[0.196s] Level 1:colcon.colcon_core.package_identification:_identify(internal) by extension 'python_setup_py'
[0.196s] Level 1:colcon.colcon_core.package_identification:_identify(log) by extensions ['ignore', 'ignore_ament_install']
[0.196s] Level 1:colcon.colcon_core.package_identification:_identify(log) by extension 'ignore'
[0.196s] Level 1:colcon.colcon_core.package_identification:_identify(log) ignored
[0.196s] Level 1:colcon.colcon_core.package_discovery:discover_packages(recursive) using defaults
[0.196s] Level 1:colcon.colcon_core.package_discovery:discover_packages(ignore) discover
[0.196s] Level 1:colcon.colcon_core.package_discovery:discover_packages(ignore) using defaults
[0.196s] Level 1:colcon.colcon_core.package_discovery:discover_packages(path) discover
[0.196s] Level 1:colcon.colcon_core.package_discovery:discover_packages(path) using defaults
[0.218s] Level 1:colcon.colcon_core.package_discovery:discover_packages(prefix_path) check parameters
[0.218s] Level 1:colcon.colcon_core.package_discovery:discover_packages(prefix_path) discover
[0.220s] DEBUG:colcon.colcon_installed_package_information.package_discovery:Found 339 installed packages in /opt/ros/humble
[0.221s] Level 1:colcon.colcon_core.package_discovery:discover_packages(prefix_path) using defaults
[0.247s] Level 5:colcon.colcon_core.verb:set package 'galil_description' build argument 'cmake_args' from command line to 'None'
[0.247s] Level 5:colcon.colcon_core.verb:set package 'galil_description' build argument 'cmake_target' from command line to 'None'
[0.247s] Level 5:colcon.colcon_core.verb:set package 'galil_description' build argument 'cmake_target_skip_unavailable' from command line to 'False'
[0.247s] Level 5:colcon.colcon_core.verb:set package 'galil_description' build argument 'cmake_clean_cache' from command line to 'False'
[0.247s] Level 5:colcon.colcon_core.verb:set package 'galil_description' build argument 'cmake_clean_first' from command line to 'False'
[0.247s] Level 5:colcon.colcon_core.verb:set package 'galil_description' build argument 'cmake_force_configure' from command line to 'False'
[0.247s] Level 5:colcon.colcon_core.verb:set package 'galil_description' build argument 'ament_cmake_args' from command line to 'None'
[0.247s] Level 5:colcon.colcon_core.verb:set package 'galil_description' build argument 'catkin_cmake_args' from command line to 'None'
[0.247s] Level 5:colcon.colcon_core.verb:set package 'galil_description' build argument 'catkin_skip_building_tests' from command line to 'False'
[0.247s] DEBUG:colcon.colcon_core.verb:Building package 'galil_description' with the following arguments: {'ament_cmake_args': None, 'build_base': '/home/amiro/Daniel/galil test/galil RSP/galil-RSP/build/galil_description', 'catkin_cmake_args': None, 'catkin_skip_building_tests': False, 'cmake_args': None, 'cmake_clean_cache': False, 'cmake_clean_first': False, 'cmake_force_configure': False, 'cmake_target': None, 'cmake_target_skip_unavailable': False, 'install_base': '/home/amiro/Daniel/galil test/galil RSP/galil-RSP/install/galil_description', 'merge_install': False, 'path': '/home/amiro/Daniel/galil test/galil RSP/galil-RSP/galil_description', 'symlink_install': False, 'test_result_base': None}
[0.248s] Level 5:colcon.colcon_core.verb:set package 'galil_driver' build argument 'cmake_args' from command line to 'None'
[0.248s] Level 5:colcon.colcon_core.verb:set package 'galil_driver' build argument 'cmake_target' from command line to 'None'
[0.248s] Level 5:colcon.colcon_core.verb:set package 'galil_driver' build argument 'cmake_target_skip_unavailable' from command line to 'False'
[0.248s] Level 5:colcon.colcon_core.verb:set package 'galil_driver' build argument 'cmake_clean_cache' from command line to 'False'
[0.248s] Level 5:colcon.colcon_core.verb:set package 'galil_driver' build argument 'cmake_clean_first' from command line to 'False'
[0.248s] Level 5:colcon.colcon_core.verb:set package 'galil_driver' build argument 'cmake_force_configure' from command line to 'False'
[0.248s] Level 5:colcon.colcon_core.verb:set package 'galil_driver' build argument 'ament_cmake_args' from command line to 'None'
[0.248s] Level 5:colcon.colcon_core.verb:set package 'galil_driver' build argument 'catkin_cmake_args' from command line to 'None'
[0.248s] Level 5:colcon.colcon_core.verb:set package 'galil_driver' build argument 'catkin_skip_building_tests' from command line to 'False'
[0.248s] DEBUG:colcon.colcon_core.verb:Building package 'galil_driver' with the following arguments: {'ament_cmake_args': None, 'build_base': '/home/amiro/Daniel/galil test/galil RSP/galil-RSP/build/galil_driver', 'catkin_cmake_args': None, 'catkin_skip_building_tests': False, 'cmake_args': None, 'cmake_clean_cache': False, 'cmake_clean_first': False, 'cmake_force_configure': False, 'cmake_target': None, 'cmake_target_skip_unavailable': False, 'install_base': '/home/amiro/Daniel/galil test/galil RSP/galil-RSP/install/galil_driver', 'merge_install': False, 'path': '/home/amiro/Daniel/galil test/galil RSP/galil-RSP/galil_driver', 'symlink_install': False, 'test_result_base': None}
[0.248s] INFO:colcon.colcon_core.executor:Executing jobs using 'parallel' executor
[0.249s] DEBUG:colcon.colcon_parallel_executor.executor.parallel:run_until_complete
[0.249s] INFO:colcon.colcon_ros.task.ament_cmake.build:Building ROS package in '/home/amiro/Daniel/galil test/galil RSP/galil-RSP/galil_description' with build type 'ament_cmake'
[0.249s] INFO:colcon.colcon_cmake.task.cmake.build:Building CMake package in '/home/amiro/Daniel/galil test/galil RSP/galil-RSP/galil_description'
[0.250s] INFO:colcon.colcon_core.plugin_system:Skipping extension 'colcon_core.shell.bat': Not used on non-Windows systems
[0.250s] INFO:colcon.colcon_core.shell:Skip shell extension 'powershell' for command environment: Not usable outside of PowerShell
[0.250s] DEBUG:colcon.colcon_core.shell:Skip shell extension 'dsv' for command environment
[0.252s] INFO:colcon.colcon_ros.task.ament_cmake.build:Building ROS package in '/home/amiro/Daniel/galil test/galil RSP/galil-RSP/galil_driver' with build type 'ament_cmake'
[0.252s] INFO:colcon.colcon_cmake.task.cmake.build:Building CMake package in '/home/amiro/Daniel/galil test/galil RSP/galil-RSP/galil_driver'
[0.253s] INFO:colcon.colcon_core.shell:Skip shell extension 'powershell' for command environment: Not usable outside of PowerShell
[0.253s] DEBUG:colcon.colcon_core.shell:Skip shell extension 'dsv' for command environment
[0.260s] DEBUG:colcon.colcon_core.event_handler.log_command:Invoking command in '/home/amiro/Daniel/galil test/galil RSP/galil-RSP/build/galil_description': CMAKE_PREFIX_PATH=/opt/ros/humble /usr/bin/cmake --build /home/amiro/Daniel/galil test/galil RSP/galil-RSP/build/galil_description -- -j20 -l20
[0.262s] DEBUG:colcon.colcon_core.event_handler.log_command:Invoking command in '/home/amiro/Daniel/galil test/galil RSP/galil-RSP/build/galil_driver': CMAKE_PREFIX_PATH=/opt/ros/humble /usr/bin/cmake --build /home/amiro/Daniel/galil test/galil RSP/galil-RSP/build/galil_driver -- -j20 -l20
[0.293s] DEBUG:colcon.colcon_core.event_handler.log_command:Invoked command in '/home/amiro/Daniel/galil test/galil RSP/galil-RSP/build/galil_description' returned '0': CMAKE_PREFIX_PATH=/opt/ros/humble /usr/bin/cmake --build /home/amiro/Daniel/galil test/galil RSP/galil-RSP/build/galil_description -- -j20 -l20
[0.302s] DEBUG:colcon.colcon_core.event_handler.log_command:Invoking command in '/home/amiro/Daniel/galil test/galil RSP/galil-RSP/build/galil_description': CMAKE_PREFIX_PATH=/opt/ros/humble /usr/bin/cmake --install /home/amiro/Daniel/galil test/galil RSP/galil-RSP/build/galil_description
[0.309s] Level 1:colcon.colcon_core.environment:create_environment_scripts_only(galil_description)
[0.313s] DEBUG:colcon.colcon_core.event_handler.log_command:Invoked command in '/home/amiro/Daniel/galil test/galil RSP/galil-RSP/build/galil_description' returned '0': CMAKE_PREFIX_PATH=/opt/ros/humble /usr/bin/cmake --install /home/amiro/Daniel/galil test/galil RSP/galil-RSP/build/galil_description
[0.314s] Level 1:colcon.colcon_core.environment:checking '/home/amiro/Daniel/galil test/galil RSP/galil-RSP/install/galil_description' for CMake module files
[0.314s] Level 1:colcon.colcon_core.environment:checking '/home/amiro/Daniel/galil test/galil RSP/galil-RSP/install/galil_description' for CMake config files
[0.314s] Level 1:colcon.colcon_core.shell:create_environment_hook('galil_description', 'cmake_prefix_path')
[0.314s] INFO:colcon.colcon_core.shell:Creating environment hook '/home/amiro/Daniel/galil test/galil RSP/galil-RSP/install/galil_description/share/galil_description/hook/cmake_prefix_path.ps1'
[0.315s] INFO:colcon.colcon_core.shell:Creating environment descriptor '/home/amiro/Daniel/galil test/galil RSP/galil-RSP/install/galil_description/share/galil_description/hook/cmake_prefix_path.dsv'
[0.315s] INFO:colcon.colcon_core.shell:Creating environment hook '/home/amiro/Daniel/galil test/galil RSP/galil-RSP/install/galil_description/share/galil_description/hook/cmake_prefix_path.sh'
[0.316s] Level 1:colcon.colcon_core.environment:checking '/home/amiro/Daniel/galil test/galil RSP/galil-RSP/install/galil_description/bin'
[0.316s] Level 1:colcon.colcon_core.environment:checking '/home/amiro/Daniel/galil test/galil RSP/galil-RSP/install/galil_description/lib/pkgconfig/galil_description.pc'
[0.316s] Level 1:colcon.colcon_core.environment:checking '/home/amiro/Daniel/galil test/galil RSP/galil-RSP/install/galil_description/lib/python3.10/site-packages'
[0.316s] Level 1:colcon.colcon_core.environment:checking '/home/amiro/Daniel/galil test/galil RSP/galil-RSP/install/galil_description/bin'
[0.317s] INFO:colcon.colcon_core.shell:Creating package script '/home/amiro/Daniel/galil test/galil RSP/galil-RSP/install/galil_description/share/galil_description/package.ps1'
[0.317s] INFO:colcon.colcon_core.shell:Creating package descriptor '/home/amiro/Daniel/galil test/galil RSP/galil-RSP/install/galil_description/share/galil_description/package.dsv'
[0.317s] INFO:colcon.colcon_core.shell:Creating package script '/home/amiro/Daniel/galil test/galil RSP/galil-RSP/install/galil_description/share/galil_description/package.sh'
[0.318s] INFO:colcon.colcon_core.shell:Creating package script '/home/amiro/Daniel/galil test/galil RSP/galil-RSP/install/galil_description/share/galil_description/package.bash'
[0.318s] INFO:colcon.colcon_core.shell:Creating package script '/home/amiro/Daniel/galil test/galil RSP/galil-RSP/install/galil_description/share/galil_description/package.zsh'
[0.319s] Level 1:colcon.colcon_core.environment:create_file_with_runtime_dependencies(/home/amiro/Daniel/galil test/galil RSP/galil-RSP/install/galil_description/share/colcon-core/packages/galil_description)
[0.319s] Level 1:colcon.colcon_core.environment:create_environment_scripts_only(galil_description)
[0.319s] Level 1:colcon.colcon_core.environment:checking '/home/amiro/Daniel/galil test/galil RSP/galil-RSP/install/galil_description' for CMake module files
[0.320s] Level 1:colcon.colcon_core.environment:checking '/home/amiro/Daniel/galil test/galil RSP/galil-RSP/install/galil_description' for CMake config files
[0.320s] Level 1:colcon.colcon_core.shell:create_environment_hook('galil_description', 'cmake_prefix_path')
[0.320s] INFO:colcon.colcon_core.shell:Creating environment hook '/home/amiro/Daniel/galil test/galil RSP/galil-RSP/install/galil_description/share/galil_description/hook/cmake_prefix_path.ps1'
[0.321s] INFO:colcon.colcon_core.shell:Creating environment descriptor '/home/amiro/Daniel/galil test/galil RSP/galil-RSP/install/galil_description/share/galil_description/hook/cmake_prefix_path.dsv'
[0.321s] INFO:colcon.colcon_core.shell:Creating environment hook '/home/amiro/Daniel/galil test/galil RSP/galil-RSP/install/galil_description/share/galil_description/hook/cmake_prefix_path.sh'
[0.321s] Level 1:colcon.colcon_core.environment:checking '/home/amiro/Daniel/galil test/galil RSP/galil-RSP/install/galil_description/bin'
[0.321s] Level 1:colcon.colcon_core.environment:checking '/home/amiro/Daniel/galil test/galil RSP/galil-RSP/install/galil_description/lib/pkgconfig/galil_description.pc'
[0.322s] Level 1:colcon.colcon_core.environment:checking '/home/amiro/Daniel/galil test/galil RSP/galil-RSP/install/galil_description/lib/python3.10/site-packages'
[0.322s] Level 1:colcon.colcon_core.environment:checking '/home/amiro/Daniel/galil test/galil RSP/galil-RSP/install/galil_description/bin'
[0.322s] INFO:colcon.colcon_core.shell:Creating package script '/home/amiro/Daniel/galil test/galil RSP/galil-RSP/install/galil_description/share/galil_description/package.ps1'
[0.323s] INFO:colcon.colcon_core.shell:Creating package descriptor '/home/amiro/Daniel/galil test/galil RSP/galil-RSP/install/galil_description/share/galil_description/package.dsv'
[0.323s] INFO:colcon.colcon_core.shell:Creating package script '/home/amiro/Daniel/galil test/galil RSP/galil-RSP/install/galil_description/share/galil_description/package.sh'
[0.323s] INFO:colcon.colcon_core.shell:Creating package script '/home/amiro/Daniel/galil test/galil RSP/galil-RSP/install/galil_description/share/galil_description/package.bash'
[0.324s] INFO:colcon.colcon_core.shell:Creating package script '/home/amiro/Daniel/galil test/galil RSP/galil-RSP/install/galil_description/share/galil_description/package.zsh'
[0.324s] Level 1:colcon.colcon_core.environment:create_file_with_runtime_dependencies(/home/amiro/Daniel/galil test/galil RSP/galil-RSP/install/galil_description/share/colcon-core/packages/galil_description)
[3.489s] DEBUG:colcon.colcon_core.event_handler.log_command:Invoked command in '/home/amiro/Daniel/galil test/galil RSP/galil-RSP/build/galil_driver' returned '0': CMAKE_PREFIX_PATH=/opt/ros/humble /usr/bin/cmake --build /home/amiro/Daniel/galil test/galil RSP/galil-RSP/build/galil_driver -- -j20 -l20
[3.490s] DEBUG:colcon.colcon_core.event_handler.log_command:Invoking command in '/home/amiro/Daniel/galil test/galil RSP/galil-RSP/build/galil_driver': CMAKE_PREFIX_PATH=/opt/ros/humble /usr/bin/cmake --install /home/amiro/Daniel/galil test/galil RSP/galil-RSP/build/galil_driver
[3.503s] Level 1:colcon.colcon_core.environment:create_environment_scripts_only(galil_driver)
[3.503s] Level 1:colcon.colcon_core.environment:checking '/home/amiro/Daniel/galil test/galil RSP/galil-RSP/install/galil_driver' for CMake module files
[3.504s] DEBUG:colcon.colcon_core.event_handler.log_command:Invoked command in '/home/amiro/Daniel/galil test/galil RSP/galil-RSP/build/galil_driver' returned '0': CMAKE_PREFIX_PATH=/opt/ros/humble /usr/bin/cmake --install /home/amiro/Daniel/galil test/galil RSP/galil-RSP/build/galil_driver
[3.504s] Level 1:colcon.colcon_core.environment:checking '/home/amiro/Daniel/galil test/galil RSP/galil-RSP/install/galil_driver' for CMake config files
[3.504s] Level 1:colcon.colcon_core.shell:create_environment_hook('galil_driver', 'cmake_prefix_path')
[3.504s] INFO:colcon.colcon_core.shell:Creating environment hook '/home/amiro/Daniel/galil test/galil RSP/galil-RSP/install/galil_driver/share/galil_driver/hook/cmake_prefix_path.ps1'
[3.505s] INFO:colcon.colcon_core.shell:Creating environment descriptor '/home/amiro/Daniel/galil test/galil RSP/galil-RSP/install/galil_driver/share/galil_driver/hook/cmake_prefix_path.dsv'
[3.505s] INFO:colcon.colcon_core.shell:Creating environment hook '/home/amiro/Daniel/galil test/galil RSP/galil-RSP/install/galil_driver/share/galil_driver/hook/cmake_prefix_path.sh'
[3.505s] Level 1:colcon.colcon_core.environment:checking '/home/amiro/Daniel/galil test/galil RSP/galil-RSP/install/galil_driver/lib'
[3.505s] Level 1:colcon.colcon_core.shell:create_environment_hook('galil_driver', 'ld_library_path_lib')
[3.505s] INFO:colcon.colcon_core.shell:Creating environment hook '/home/amiro/Daniel/galil test/galil RSP/galil-RSP/install/galil_driver/share/galil_driver/hook/ld_library_path_lib.ps1'
[3.506s] INFO:colcon.colcon_core.shell:Creating environment descriptor '/home/amiro/Daniel/galil test/galil RSP/galil-RSP/install/galil_driver/share/galil_driver/hook/ld_library_path_lib.dsv'
[3.506s] INFO:colcon.colcon_core.shell:Creating environment hook '/home/amiro/Daniel/galil test/galil RSP/galil-RSP/install/galil_driver/share/galil_driver/hook/ld_library_path_lib.sh'
[3.506s] Level 1:colcon.colcon_core.environment:checking '/home/amiro/Daniel/galil test/galil RSP/galil-RSP/install/galil_driver/bin'
[3.506s] Level 1:colcon.colcon_core.environment:checking '/home/amiro/Daniel/galil test/galil RSP/galil-RSP/install/galil_driver/lib/pkgconfig/galil_driver.pc'
[3.506s] Level 1:colcon.colcon_core.environment:checking '/home/amiro/Daniel/galil test/galil RSP/galil-RSP/install/galil_driver/lib/python3.10/site-packages'
[3.507s] Level 1:colcon.colcon_core.environment:checking '/home/amiro/Daniel/galil test/galil RSP/galil-RSP/install/galil_driver/bin'
[3.507s] INFO:colcon.colcon_core.shell:Creating package script '/home/amiro/Daniel/galil test/galil RSP/galil-RSP/install/galil_driver/share/galil_driver/package.ps1'
[3.507s] INFO:colcon.colcon_core.shell:Creating package descriptor '/home/amiro/Daniel/galil test/galil RSP/galil-RSP/install/galil_driver/share/galil_driver/package.dsv'
[3.508s] INFO:colcon.colcon_core.shell:Creating package script '/home/amiro/Daniel/galil test/galil RSP/galil-RSP/install/galil_driver/share/galil_driver/package.sh'
[3.508s] INFO:colcon.colcon_core.shell:Creating package script '/home/amiro/Daniel/galil test/galil RSP/galil-RSP/install/galil_driver/share/galil_driver/package.bash'
[3.508s] INFO:colcon.colcon_core.shell:Creating package script '/home/amiro/Daniel/galil test/galil RSP/galil-RSP/install/galil_driver/share/galil_driver/package.zsh'
[3.508s] Level 1:colcon.colcon_core.environment:create_file_with_runtime_dependencies(/home/amiro/Daniel/galil test/galil RSP/galil-RSP/install/galil_driver/share/colcon-core/packages/galil_driver)
[3.509s] Level 1:colcon.colcon_core.environment:create_environment_scripts_only(galil_driver)
[3.509s] Level 1:colcon.colcon_core.environment:checking '/home/amiro/Daniel/galil test/galil RSP/galil-RSP/install/galil_driver' for CMake module files
[3.509s] Level 1:colcon.colcon_core.environment:checking '/home/amiro/Daniel/galil test/galil RSP/galil-RSP/install/galil_driver' for CMake config files
[3.510s] Level 1:colcon.colcon_core.shell:create_environment_hook('galil_driver', 'cmake_prefix_path')
[3.510s] INFO:colcon.colcon_core.shell:Creating environment hook '/home/amiro/Daniel/galil test/galil RSP/galil-RSP/install/galil_driver/share/galil_driver/hook/cmake_prefix_path.ps1'
[3.510s] INFO:colcon.colcon_core.shell:Creating environment descriptor '/home/amiro/Daniel/galil test/galil RSP/galil-RSP/install/galil_driver/share/galil_driver/hook/cmake_prefix_path.dsv'
[3.510s] INFO:colcon.colcon_core.shell:Creating environment hook '/home/amiro/Daniel/galil test/galil RSP/galil-RSP/install/galil_driver/share/galil_driver/hook/cmake_prefix_path.sh'
[3.511s] Level 1:colcon.colcon_core.environment:checking '/home/amiro/Daniel/galil test/galil RSP/galil-RSP/install/galil_driver/lib'
[3.511s] Level 1:colcon.colcon_core.shell:create_environment_hook('galil_driver', 'ld_library_path_lib')
[3.511s] INFO:colcon.colcon_core.shell:Creating environment hook '/home/amiro/Daniel/galil test/galil RSP/galil-RSP/install/galil_driver/share/galil_driver/hook/ld_library_path_lib.ps1'
[3.511s] INFO:colcon.colcon_core.shell:Creating environment descriptor '/home/amiro/Daniel/galil test/galil RSP/galil-RSP/install/galil_driver/share/galil_driver/hook/ld_library_path_lib.dsv'
[3.511s] INFO:colcon.colcon_core.shell:Creating environment hook '/home/amiro/Daniel/galil test/galil RSP/galil-RSP/install/galil_driver/share/galil_driver/hook/ld_library_path_lib.sh'
[3.511s] Level 1:colcon.colcon_core.environment:checking '/home/amiro/Daniel/galil test/galil RSP/galil-RSP/install/galil_driver/bin'
[3.511s] Level 1:colcon.colcon_core.environment:checking '/home/amiro/Daniel/galil test/galil RSP/galil-RSP/install/galil_driver/lib/pkgconfig/galil_driver.pc'
[3.512s] Level 1:colcon.colcon_core.environment:checking '/home/amiro/Daniel/galil test/galil RSP/galil-RSP/install/galil_driver/lib/python3.10/site-packages'
[3.512s] Level 1:colcon.colcon_core.environment:checking '/home/amiro/Daniel/galil test/galil RSP/galil-RSP/install/galil_driver/bin'
[3.512s] INFO:colcon.colcon_core.shell:Creating package script '/home/amiro/Daniel/galil test/galil RSP/galil-RSP/install/galil_driver/share/galil_driver/package.ps1'
[3.512s] INFO:colcon.colcon_core.shell:Creating package descriptor '/home/amiro/Daniel/galil test/galil RSP/galil-RSP/install/galil_driver/share/galil_driver/package.dsv'
[3.513s] INFO:colcon.colcon_core.shell:Creating package script '/home/amiro/Daniel/galil test/galil RSP/galil-RSP/install/galil_driver/share/galil_driver/package.sh'
[3.514s] INFO:colcon.colcon_core.shell:Creating package script '/home/amiro/Daniel/galil test/galil RSP/galil-RSP/install/galil_driver/share/galil_driver/package.bash'
[3.514s] INFO:colcon.colcon_core.shell:Creating package script '/home/amiro/Daniel/galil test/galil RSP/galil-RSP/install/galil_driver/share/galil_driver/package.zsh'
[3.515s] Level 1:colcon.colcon_core.environment:create_file_with_runtime_dependencies(/home/amiro/Daniel/galil test/galil RSP/galil-RSP/install/galil_driver/share/colcon-core/packages/galil_driver)
[3.515s] DEBUG:colcon.colcon_parallel_executor.executor.parallel:closing loop
[3.515s] DEBUG:colcon.colcon_parallel_executor.executor.parallel:loop closed
[3.516s] DEBUG:colcon.colcon_parallel_executor.executor.parallel:run_until_complete finished with '0'
[3.516s] DEBUG:colcon.colcon_core.event_reactor:joining thread
[3.519s] INFO:colcon.colcon_core.plugin_system:Skipping extension 'colcon_notification.desktop_notification.terminal_notifier': Not used on non-Darwin systems
[3.519s] INFO:colcon.colcon_core.plugin_system:Skipping extension 'colcon_notification.desktop_notification.win32': Not used on non-Windows systems
[3.519s] INFO:colcon.colcon_notification.desktop_notification:Sending desktop notification using 'notify2'
[3.519s] DEBUG:colcon.colcon_notification.desktop_notification.notify2:Failed to initialize notify2: org.freedesktop.DBus.Error.AccessDenied: Failed to connect to socket /run/user/1000/bus: Operation not permitted
[3.519s] DEBUG:colcon.colcon_core.event_reactor:joined thread
[3.520s] INFO:colcon.colcon_core.shell:Creating prefix script '/home/amiro/Daniel/galil test/galil RSP/galil-RSP/install/local_setup.ps1'
[3.521s] INFO:colcon.colcon_core.shell:Creating prefix util module '/home/amiro/Daniel/galil test/galil RSP/galil-RSP/install/_local_setup_util_ps1.py'
[3.523s] INFO:colcon.colcon_core.shell:Creating prefix chain script '/home/amiro/Daniel/galil test/galil RSP/galil-RSP/install/setup.ps1'
[3.524s] INFO:colcon.colcon_core.shell:Creating prefix script '/home/amiro/Daniel/galil test/galil RSP/galil-RSP/install/local_setup.sh'
[3.525s] INFO:colcon.colcon_core.shell:Creating prefix util module '/home/amiro/Daniel/galil test/galil RSP/galil-RSP/install/_local_setup_util_sh.py'
[3.525s] INFO:colcon.colcon_core.shell:Creating prefix chain script '/home/amiro/Daniel/galil test/galil RSP/galil-RSP/install/setup.sh'
[3.527s] INFO:colcon.colcon_core.shell:Creating prefix script '/home/amiro/Daniel/galil test/galil RSP/galil-RSP/install/local_setup.bash'
[3.527s] INFO:colcon.colcon_core.shell:Creating prefix chain script '/home/amiro/Daniel/galil test/galil RSP/galil-RSP/install/setup.bash'
[3.528s] INFO:colcon.colcon_core.shell:Creating prefix script '/home/amiro/Daniel/galil test/galil RSP/galil-RSP/install/local_setup.zsh'
[3.529s] INFO:colcon.colcon_core.shell:Creating prefix chain script '/home/amiro/Daniel/galil test/galil RSP/galil-RSP/install/setup.zsh'
