[0.315s] DEBUG:colcon:Command line arguments: ['/usr/bin/colcon', 'build']
[0.315s] DEBUG:colcon:Parsed command line arguments: Namespace(log_base=None, log_level=None, verb_name='build', build_base='build', install_base='install', merge_install=False, symlink_install=False, test_result_base=None, continue_on_error=False, executor='parallel', parallel_workers=8, event_handlers=None, ignore_user_meta=False, metas=['./colcon.meta'], base_paths=['.'], packages_ignore=None, packages_ignore_regex=None, paths=None, packages_up_to=None, packages_up_to_regex=None, packages_above=None, packages_above_and_dependencies=None, packages_above_depth=None, packages_select_by_dep=None, packages_skip_by_dep=None, packages_skip_up_to=None, packages_select_build_failed=False, packages_skip_build_finished=False, packages_select_test_failures=False, packages_skip_test_passed=False, packages_select=None, packages_skip=None, packages_select_regex=None, packages_skip_regex=None, packages_start=None, packages_end=None, allow_overriding=[], cmake_args=None, cmake_target=None, cmake_target_skip_unavailable=False, cmake_clean_cache=False, cmake_clean_first=False, cmake_force_configure=False, ament_cmake_args=None, catkin_cmake_args=None, catkin_skip_building_tests=False, mixin_files=None, mixin=None, verb_parser=<colcon_mixin.mixin.mixin_argument.MixinArgumentDecorator object at 0x7e18b0d59db0>, verb_extension=<colcon_core.verb.build.BuildVerb object at 0x7e18b0ed7610>, main=<bound method BuildVerb.main of <colcon_core.verb.build.BuildVerb object at 0x7e18b0ed7610>>, mixin_verb=('build',))
[1.814s] Level 1:colcon.colcon_core.package_discovery:discover_packages(colcon_meta) check parameters
[1.814s] Level 1:colcon.colcon_core.package_discovery:discover_packages(recursive) check parameters
[1.814s] Level 1:colcon.colcon_core.package_discovery:discover_packages(ignore) check parameters
[1.814s] Level 1:colcon.colcon_core.package_discovery:discover_packages(path) check parameters
[1.814s] Level 1:colcon.colcon_core.package_discovery:discover_packages(colcon_meta) discover
[1.814s] Level 1:colcon.colcon_core.package_discovery:discover_packages(recursive) discover
[1.814s] INFO:colcon.colcon_core.package_discovery:Crawling recursively for packages in '/home/yujie/Daniel_ws/galil_test/galil-amiro'
[1.815s] Level 1:colcon.colcon_core.package_identification:_identify(.) by extensions ['ignore', 'ignore_ament_install']
[1.815s] Level 1:colcon.colcon_core.package_identification:_identify(.) by extension 'ignore'
[1.815s] Level 1:colcon.colcon_core.package_identification:_identify(.) by extension 'ignore_ament_install'
[1.815s] Level 1:colcon.colcon_core.package_identification:_identify(.) by extensions ['colcon_pkg']
[1.815s] Level 1:colcon.colcon_core.package_identification:_identify(.) by extension 'colcon_pkg'
[1.815s] Level 1:colcon.colcon_core.package_identification:_identify(.) by extensions ['colcon_meta']
[1.815s] Level 1:colcon.colcon_core.package_identification:_identify(.) by extension 'colcon_meta'
[1.815s] Level 1:colcon.colcon_core.package_identification:_identify(.) by extensions ['ros']
[1.815s] Level 1:colcon.colcon_core.package_identification:_identify(.) by extension 'ros'
[1.837s] Level 1:colcon.colcon_core.package_identification:_identify(.) by extensions ['cmake', 'python']
[1.837s] Level 1:colcon.colcon_core.package_identification:_identify(.) by extension 'cmake'
[1.837s] Level 1:colcon.colcon_core.package_identification:_identify(.) by extension 'python'
[1.837s] Level 1:colcon.colcon_core.package_identification:_identify(.) by extensions ['python_setup_py']
[1.837s] Level 1:colcon.colcon_core.package_identification:_identify(.) by extension 'python_setup_py'
[1.837s] Level 1:colcon.colcon_core.package_identification:_identify(build) by extensions ['ignore', 'ignore_ament_install']
[1.837s] Level 1:colcon.colcon_core.package_identification:_identify(build) by extension 'ignore'
[1.837s] Level 1:colcon.colcon_core.package_identification:_identify(build) ignored
[1.838s] Level 1:colcon.colcon_core.package_identification:_identify(galil_description) by extensions ['ignore', 'ignore_ament_install']
[1.838s] Level 1:colcon.colcon_core.package_identification:_identify(galil_description) by extension 'ignore'
[1.838s] Level 1:colcon.colcon_core.package_identification:_identify(galil_description) by extension 'ignore_ament_install'
[1.838s] Level 1:colcon.colcon_core.package_identification:_identify(galil_description) by extensions ['colcon_pkg']
[1.838s] Level 1:colcon.colcon_core.package_identification:_identify(galil_description) by extension 'colcon_pkg'
[1.838s] Level 1:colcon.colcon_core.package_identification:_identify(galil_description) by extensions ['colcon_meta']
[1.838s] Level 1:colcon.colcon_core.package_identification:_identify(galil_description) by extension 'colcon_meta'
[1.838s] Level 1:colcon.colcon_core.package_identification:_identify(galil_description) by extensions ['ros']
[1.838s] Level 1:colcon.colcon_core.package_identification:_identify(galil_description) by extension 'ros'
[1.843s] DEBUG:colcon.colcon_core.package_identification:Package 'galil_description' with type 'ros.ament_cmake' and name 'galil_description'
[1.843s] Level 1:colcon.colcon_core.package_identification:_identify(galil_driver) by extensions ['ignore', 'ignore_ament_install']
[1.843s] Level 1:colcon.colcon_core.package_identification:_identify(galil_driver) by extension 'ignore'
[1.844s] Level 1:colcon.colcon_core.package_identification:_identify(galil_driver) by extension 'ignore_ament_install'
[1.844s] Level 1:colcon.colcon_core.package_identification:_identify(galil_driver) by extensions ['colcon_pkg']
[1.844s] Level 1:colcon.colcon_core.package_identification:_identify(galil_driver) by extension 'colcon_pkg'
[1.844s] Level 1:colcon.colcon_core.package_identification:_identify(galil_driver) by extensions ['colcon_meta']
[1.844s] Level 1:colcon.colcon_core.package_identification:_identify(galil_driver) by extension 'colcon_meta'
[1.844s] Level 1:colcon.colcon_core.package_identification:_identify(galil_driver) by extensions ['ros']
[1.844s] Level 1:colcon.colcon_core.package_identification:_identify(galil_driver) by extension 'ros'
[1.846s] DEBUG:colcon.colcon_core.package_identification:Package 'galil_driver' with type 'ros.ament_cmake' and name 'galil_driver'
[1.846s] Level 1:colcon.colcon_core.package_identification:_identify(install) by extensions ['ignore', 'ignore_ament_install']
[1.847s] Level 1:colcon.colcon_core.package_identification:_identify(install) by extension 'ignore'
[1.847s] Level 1:colcon.colcon_core.package_identification:_identify(install) ignored
[1.847s] Level 1:colcon.colcon_core.package_identification:_identify(log) by extensions ['ignore', 'ignore_ament_install']
[1.847s] Level 1:colcon.colcon_core.package_identification:_identify(log) by extension 'ignore'
[1.847s] Level 1:colcon.colcon_core.package_identification:_identify(log) ignored
[1.847s] Level 1:colcon.colcon_core.package_discovery:discover_packages(recursive) using defaults
[1.847s] Level 1:colcon.colcon_core.package_discovery:discover_packages(ignore) discover
[1.847s] Level 1:colcon.colcon_core.package_discovery:discover_packages(ignore) using defaults
[1.847s] Level 1:colcon.colcon_core.package_discovery:discover_packages(path) discover
[1.847s] Level 1:colcon.colcon_core.package_discovery:discover_packages(path) using defaults
[1.949s] Level 1:colcon.colcon_core.package_discovery:discover_packages(prefix_path) check parameters
[1.949s] Level 1:colcon.colcon_core.package_discovery:discover_packages(prefix_path) discover
[2.018s] DEBUG:colcon.colcon_installed_package_information.package_discovery:Found 2 installed packages in /home/yujie/Daniel_ws/galil_test/galil-amiro/install
[2.019s] DEBUG:colcon.colcon_installed_package_information.package_discovery:Found 4 installed packages in /home/yujie/camera_ros2_ws/install
[2.020s] DEBUG:colcon.colcon_installed_package_information.package_discovery:Found 4 installed packages in /home/yujie/ros2_ws/install
[2.023s] DEBUG:colcon.colcon_installed_package_information.package_discovery:Found 268 installed packages in /opt/ros/humble
[2.025s] Level 1:colcon.colcon_core.package_discovery:discover_packages(prefix_path) using defaults
[2.232s] Level 5:colcon.colcon_core.verb:set package 'galil_description' build argument 'cmake_args' from command line to 'None'
[2.232s] Level 5:colcon.colcon_core.verb:set package 'galil_description' build argument 'cmake_target' from command line to 'None'
[2.232s] Level 5:colcon.colcon_core.verb:set package 'galil_description' build argument 'cmake_target_skip_unavailable' from command line to 'False'
[2.232s] Level 5:colcon.colcon_core.verb:set package 'galil_description' build argument 'cmake_clean_cache' from command line to 'False'
[2.232s] Level 5:colcon.colcon_core.verb:set package 'galil_description' build argument 'cmake_clean_first' from command line to 'False'
[2.232s] Level 5:colcon.colcon_core.verb:set package 'galil_description' build argument 'cmake_force_configure' from command line to 'False'
[2.232s] Level 5:colcon.colcon_core.verb:set package 'galil_description' build argument 'ament_cmake_args' from command line to 'None'
[2.232s] Level 5:colcon.colcon_core.verb:set package 'galil_description' build argument 'catkin_cmake_args' from command line to 'None'
[2.233s] Level 5:colcon.colcon_core.verb:set package 'galil_description' build argument 'catkin_skip_building_tests' from command line to 'False'
[2.233s] DEBUG:colcon.colcon_core.verb:Building package 'galil_description' with the following arguments: {'ament_cmake_args': None, 'build_base': '/home/yujie/Daniel_ws/galil_test/galil-amiro/build/galil_description', 'catkin_cmake_args': None, 'catkin_skip_building_tests': False, 'cmake_args': None, 'cmake_clean_cache': False, 'cmake_clean_first': False, 'cmake_force_configure': False, 'cmake_target': None, 'cmake_target_skip_unavailable': False, 'install_base': '/home/yujie/Daniel_ws/galil_test/galil-amiro/install/galil_description', 'merge_install': False, 'path': '/home/yujie/Daniel_ws/galil_test/galil-amiro/galil_description', 'symlink_install': False, 'test_result_base': None}
[2.233s] Level 5:colcon.colcon_core.verb:set package 'galil_driver' build argument 'cmake_args' from command line to 'None'
[2.233s] Level 5:colcon.colcon_core.verb:set package 'galil_driver' build argument 'cmake_target' from command line to 'None'
[2.233s] Level 5:colcon.colcon_core.verb:set package 'galil_driver' build argument 'cmake_target_skip_unavailable' from command line to 'False'
[2.233s] Level 5:colcon.colcon_core.verb:set package 'galil_driver' build argument 'cmake_clean_cache' from command line to 'False'
[2.233s] Level 5:colcon.colcon_core.verb:set package 'galil_driver' build argument 'cmake_clean_first' from command line to 'False'
[2.234s] Level 5:colcon.colcon_core.verb:set package 'galil_driver' build argument 'cmake_force_configure' from command line to 'False'
[2.234s] Level 5:colcon.colcon_core.verb:set package 'galil_driver' build argument 'ament_cmake_args' from command line to 'None'
[2.234s] Level 5:colcon.colcon_core.verb:set package 'galil_driver' build argument 'catkin_cmake_args' from command line to 'None'
[2.234s] Level 5:colcon.colcon_core.verb:set package 'galil_driver' build argument 'catkin_skip_building_tests' from command line to 'False'
[2.234s] DEBUG:colcon.colcon_core.verb:Building package 'galil_driver' with the following arguments: {'ament_cmake_args': None, 'build_base': '/home/yujie/Daniel_ws/galil_test/galil-amiro/build/galil_driver', 'catkin_cmake_args': None, 'catkin_skip_building_tests': False, 'cmake_args': None, 'cmake_clean_cache': False, 'cmake_clean_first': False, 'cmake_force_configure': False, 'cmake_target': None, 'cmake_target_skip_unavailable': False, 'install_base': '/home/yujie/Daniel_ws/galil_test/galil-amiro/install/galil_driver', 'merge_install': False, 'path': '/home/yujie/Daniel_ws/galil_test/galil-amiro/galil_driver', 'symlink_install': False, 'test_result_base': None}
[2.234s] INFO:colcon.colcon_core.executor:Executing jobs using 'parallel' executor
[2.236s] DEBUG:colcon.colcon_parallel_executor.executor.parallel:run_until_complete
[2.236s] INFO:colcon.colcon_ros.task.ament_cmake.build:Building ROS package in '/home/yujie/Daniel_ws/galil_test/galil-amiro/galil_description' with build type 'ament_cmake'
[2.236s] INFO:colcon.colcon_cmake.task.cmake.build:Building CMake package in '/home/yujie/Daniel_ws/galil_test/galil-amiro/galil_description'
[2.253s] INFO:colcon.colcon_core.plugin_system:Skipping extension 'colcon_core.shell.bat': Not used on non-Windows systems
[2.253s] INFO:colcon.colcon_core.shell:Skip shell extension 'powershell' for command environment: Not usable outside of PowerShell
[2.253s] DEBUG:colcon.colcon_core.shell:Skip shell extension 'dsv' for command environment
[2.261s] INFO:colcon.colcon_ros.task.ament_cmake.build:Building ROS package in '/home/yujie/Daniel_ws/galil_test/galil-amiro/galil_driver' with build type 'ament_cmake'
[2.262s] INFO:colcon.colcon_cmake.task.cmake.build:Building CMake package in '/home/yujie/Daniel_ws/galil_test/galil-amiro/galil_driver'
[2.262s] INFO:colcon.colcon_core.shell:Skip shell extension 'powershell' for command environment: Not usable outside of PowerShell
[2.262s] DEBUG:colcon.colcon_core.shell:Skip shell extension 'dsv' for command environment
[2.311s] DEBUG:colcon.colcon_core.event_handler.log_command:Invoking command in '/home/yujie/Daniel_ws/galil_test/galil-amiro/build/galil_description': CMAKE_PREFIX_PATH=/home/yujie/Daniel_ws/galil_test/galil-amiro/install/galil_driver:/home/yujie/Daniel_ws/galil_test/galil-amiro/install/galil_description:/home/yujie/camera_ros2_ws/install/spinnaker_synchronized_camera_driver:/home/yujie/camera_ros2_ws/install/spinnaker_camera_driver:/home/yujie/camera_ros2_ws/install/flir_camera_msgs:/home/yujie/camera_ros2_ws/install/flir_camera_description:/home/yujie/ros2_ws/install/spinnaker_synchronized_camera_driver:/opt/ros/humble:/home/yujie/ros2_ws/install/spinnaker_camera_driver:/home/yujie/ros2_ws/install/flir_camera_msgs:/home/yujie/ros2_ws/install/flir_camera_description /usr/bin/cmake --build /home/yujie/Daniel_ws/galil_test/galil-amiro/build/galil_description -- -j8 -l8
[2.325s] DEBUG:colcon.colcon_core.event_handler.log_command:Invoking command in '/home/yujie/Daniel_ws/galil_test/galil-amiro/build/galil_driver': CMAKE_PREFIX_PATH=/home/yujie/Daniel_ws/galil_test/galil-amiro/install/galil_driver:/home/yujie/Daniel_ws/galil_test/galil-amiro/install/galil_description:/home/yujie/camera_ros2_ws/install/spinnaker_synchronized_camera_driver:/home/yujie/camera_ros2_ws/install/spinnaker_camera_driver:/home/yujie/camera_ros2_ws/install/flir_camera_msgs:/home/yujie/camera_ros2_ws/install/flir_camera_description:/home/yujie/ros2_ws/install/spinnaker_synchronized_camera_driver:/opt/ros/humble:/home/yujie/ros2_ws/install/spinnaker_camera_driver:/home/yujie/ros2_ws/install/flir_camera_msgs:/home/yujie/ros2_ws/install/flir_camera_description /usr/bin/cmake --build /home/yujie/Daniel_ws/galil_test/galil-amiro/build/galil_driver -- -j8 -l8
[2.423s] DEBUG:colcon.colcon_core.event_handler.log_command:Invoked command in '/home/yujie/Daniel_ws/galil_test/galil-amiro/build/galil_description' returned '0': CMAKE_PREFIX_PATH=/home/yujie/Daniel_ws/galil_test/galil-amiro/install/galil_driver:/home/yujie/Daniel_ws/galil_test/galil-amiro/install/galil_description:/home/yujie/camera_ros2_ws/install/spinnaker_synchronized_camera_driver:/home/yujie/camera_ros2_ws/install/spinnaker_camera_driver:/home/yujie/camera_ros2_ws/install/flir_camera_msgs:/home/yujie/camera_ros2_ws/install/flir_camera_description:/home/yujie/ros2_ws/install/spinnaker_synchronized_camera_driver:/opt/ros/humble:/home/yujie/ros2_ws/install/spinnaker_camera_driver:/home/yujie/ros2_ws/install/flir_camera_msgs:/home/yujie/ros2_ws/install/flir_camera_description /usr/bin/cmake --build /home/yujie/Daniel_ws/galil_test/galil-amiro/build/galil_description -- -j8 -l8
[2.474s] DEBUG:colcon.colcon_core.event_handler.log_command:Invoking command in '/home/yujie/Daniel_ws/galil_test/galil-amiro/build/galil_description': CMAKE_PREFIX_PATH=/home/yujie/Daniel_ws/galil_test/galil-amiro/install/galil_driver:/home/yujie/Daniel_ws/galil_test/galil-amiro/install/galil_description:/home/yujie/camera_ros2_ws/install/spinnaker_synchronized_camera_driver:/home/yujie/camera_ros2_ws/install/spinnaker_camera_driver:/home/yujie/camera_ros2_ws/install/flir_camera_msgs:/home/yujie/camera_ros2_ws/install/flir_camera_description:/home/yujie/ros2_ws/install/spinnaker_synchronized_camera_driver:/opt/ros/humble:/home/yujie/ros2_ws/install/spinnaker_camera_driver:/home/yujie/ros2_ws/install/flir_camera_msgs:/home/yujie/ros2_ws/install/flir_camera_description /usr/bin/cmake --install /home/yujie/Daniel_ws/galil_test/galil-amiro/build/galil_description
[2.521s] Level 1:colcon.colcon_core.environment:create_environment_scripts_only(galil_description)
[2.522s] DEBUG:colcon.colcon_core.event_handler.log_command:Invoked command in '/home/yujie/Daniel_ws/galil_test/galil-amiro/build/galil_description' returned '0': CMAKE_PREFIX_PATH=/home/yujie/Daniel_ws/galil_test/galil-amiro/install/galil_driver:/home/yujie/Daniel_ws/galil_test/galil-amiro/install/galil_description:/home/yujie/camera_ros2_ws/install/spinnaker_synchronized_camera_driver:/home/yujie/camera_ros2_ws/install/spinnaker_camera_driver:/home/yujie/camera_ros2_ws/install/flir_camera_msgs:/home/yujie/camera_ros2_ws/install/flir_camera_description:/home/yujie/ros2_ws/install/spinnaker_synchronized_camera_driver:/opt/ros/humble:/home/yujie/ros2_ws/install/spinnaker_camera_driver:/home/yujie/ros2_ws/install/flir_camera_msgs:/home/yujie/ros2_ws/install/flir_camera_description /usr/bin/cmake --install /home/yujie/Daniel_ws/galil_test/galil-amiro/build/galil_description
[2.562s] Level 1:colcon.colcon_core.environment:checking '/home/yujie/Daniel_ws/galil_test/galil-amiro/install/galil_description' for CMake module files
[2.563s] Level 1:colcon.colcon_core.environment:checking '/home/yujie/Daniel_ws/galil_test/galil-amiro/install/galil_description' for CMake config files
[2.578s] Level 1:colcon.colcon_core.shell:create_environment_hook('galil_description', 'cmake_prefix_path')
[2.579s] INFO:colcon.colcon_core.shell:Creating environment hook '/home/yujie/Daniel_ws/galil_test/galil-amiro/install/galil_description/share/galil_description/hook/cmake_prefix_path.ps1'
[2.580s] INFO:colcon.colcon_core.shell:Creating environment descriptor '/home/yujie/Daniel_ws/galil_test/galil-amiro/install/galil_description/share/galil_description/hook/cmake_prefix_path.dsv'
[2.581s] INFO:colcon.colcon_core.shell:Creating environment hook '/home/yujie/Daniel_ws/galil_test/galil-amiro/install/galil_description/share/galil_description/hook/cmake_prefix_path.sh'
[2.582s] Level 1:colcon.colcon_core.environment:checking '/home/yujie/Daniel_ws/galil_test/galil-amiro/install/galil_description/bin'
[2.582s] Level 1:colcon.colcon_core.environment:checking '/home/yujie/Daniel_ws/galil_test/galil-amiro/install/galil_description/lib/pkgconfig/galil_description.pc'
[2.583s] Level 1:colcon.colcon_core.environment:checking '/home/yujie/Daniel_ws/galil_test/galil-amiro/install/galil_description/lib/python3.10/site-packages'
[2.584s] Level 1:colcon.colcon_core.environment:checking '/home/yujie/Daniel_ws/galil_test/galil-amiro/install/galil_description/bin'
[2.584s] INFO:colcon.colcon_core.shell:Creating package script '/home/yujie/Daniel_ws/galil_test/galil-amiro/install/galil_description/share/galil_description/package.ps1'
[2.585s] INFO:colcon.colcon_core.shell:Creating package descriptor '/home/yujie/Daniel_ws/galil_test/galil-amiro/install/galil_description/share/galil_description/package.dsv'
[2.586s] INFO:colcon.colcon_core.shell:Creating package script '/home/yujie/Daniel_ws/galil_test/galil-amiro/install/galil_description/share/galil_description/package.sh'
[2.588s] INFO:colcon.colcon_core.shell:Creating package script '/home/yujie/Daniel_ws/galil_test/galil-amiro/install/galil_description/share/galil_description/package.bash'
[2.591s] INFO:colcon.colcon_core.shell:Creating package script '/home/yujie/Daniel_ws/galil_test/galil-amiro/install/galil_description/share/galil_description/package.zsh'
[2.592s] Level 1:colcon.colcon_core.environment:create_file_with_runtime_dependencies(/home/yujie/Daniel_ws/galil_test/galil-amiro/install/galil_description/share/colcon-core/packages/galil_description)
[2.593s] Level 1:colcon.colcon_core.environment:create_environment_scripts_only(galil_description)
[2.594s] Level 1:colcon.colcon_core.environment:checking '/home/yujie/Daniel_ws/galil_test/galil-amiro/install/galil_description' for CMake module files
[2.595s] Level 1:colcon.colcon_core.environment:checking '/home/yujie/Daniel_ws/galil_test/galil-amiro/install/galil_description' for CMake config files
[2.595s] Level 1:colcon.colcon_core.shell:create_environment_hook('galil_description', 'cmake_prefix_path')
[2.595s] INFO:colcon.colcon_core.shell:Creating environment hook '/home/yujie/Daniel_ws/galil_test/galil-amiro/install/galil_description/share/galil_description/hook/cmake_prefix_path.ps1'
[2.596s] INFO:colcon.colcon_core.shell:Creating environment descriptor '/home/yujie/Daniel_ws/galil_test/galil-amiro/install/galil_description/share/galil_description/hook/cmake_prefix_path.dsv'
[2.597s] INFO:colcon.colcon_core.shell:Creating environment hook '/home/yujie/Daniel_ws/galil_test/galil-amiro/install/galil_description/share/galil_description/hook/cmake_prefix_path.sh'
[2.598s] Level 1:colcon.colcon_core.environment:checking '/home/yujie/Daniel_ws/galil_test/galil-amiro/install/galil_description/bin'
[2.598s] Level 1:colcon.colcon_core.environment:checking '/home/yujie/Daniel_ws/galil_test/galil-amiro/install/galil_description/lib/pkgconfig/galil_description.pc'
[2.598s] Level 1:colcon.colcon_core.environment:checking '/home/yujie/Daniel_ws/galil_test/galil-amiro/install/galil_description/lib/python3.10/site-packages'
[2.599s] Level 1:colcon.colcon_core.environment:checking '/home/yujie/Daniel_ws/galil_test/galil-amiro/install/galil_description/bin'
[2.599s] INFO:colcon.colcon_core.shell:Creating package script '/home/yujie/Daniel_ws/galil_test/galil-amiro/install/galil_description/share/galil_description/package.ps1'
[2.600s] INFO:colcon.colcon_core.shell:Creating package descriptor '/home/yujie/Daniel_ws/galil_test/galil-amiro/install/galil_description/share/galil_description/package.dsv'
[2.601s] INFO:colcon.colcon_core.shell:Creating package script '/home/yujie/Daniel_ws/galil_test/galil-amiro/install/galil_description/share/galil_description/package.sh'
[2.602s] INFO:colcon.colcon_core.shell:Creating package script '/home/yujie/Daniel_ws/galil_test/galil-amiro/install/galil_description/share/galil_description/package.bash'
[2.603s] INFO:colcon.colcon_core.shell:Creating package script '/home/yujie/Daniel_ws/galil_test/galil-amiro/install/galil_description/share/galil_description/package.zsh'
[2.603s] Level 1:colcon.colcon_core.environment:create_file_with_runtime_dependencies(/home/yujie/Daniel_ws/galil_test/galil-amiro/install/galil_description/share/colcon-core/packages/galil_description)
[11.016s] DEBUG:colcon.colcon_core.event_handler.log_command:Invoked command in '/home/yujie/Daniel_ws/galil_test/galil-amiro/build/galil_driver' returned '0': CMAKE_PREFIX_PATH=/home/yujie/Daniel_ws/galil_test/galil-amiro/install/galil_driver:/home/yujie/Daniel_ws/galil_test/galil-amiro/install/galil_description:/home/yujie/camera_ros2_ws/install/spinnaker_synchronized_camera_driver:/home/yujie/camera_ros2_ws/install/spinnaker_camera_driver:/home/yujie/camera_ros2_ws/install/flir_camera_msgs:/home/yujie/camera_ros2_ws/install/flir_camera_description:/home/yujie/ros2_ws/install/spinnaker_synchronized_camera_driver:/opt/ros/humble:/home/yujie/ros2_ws/install/spinnaker_camera_driver:/home/yujie/ros2_ws/install/flir_camera_msgs:/home/yujie/ros2_ws/install/flir_camera_description /usr/bin/cmake --build /home/yujie/Daniel_ws/galil_test/galil-amiro/build/galil_driver -- -j8 -l8
[11.019s] DEBUG:colcon.colcon_core.event_handler.log_command:Invoking command in '/home/yujie/Daniel_ws/galil_test/galil-amiro/build/galil_driver': CMAKE_PREFIX_PATH=/home/yujie/Daniel_ws/galil_test/galil-amiro/install/galil_driver:/home/yujie/Daniel_ws/galil_test/galil-amiro/install/galil_description:/home/yujie/camera_ros2_ws/install/spinnaker_synchronized_camera_driver:/home/yujie/camera_ros2_ws/install/spinnaker_camera_driver:/home/yujie/camera_ros2_ws/install/flir_camera_msgs:/home/yujie/camera_ros2_ws/install/flir_camera_description:/home/yujie/ros2_ws/install/spinnaker_synchronized_camera_driver:/opt/ros/humble:/home/yujie/ros2_ws/install/spinnaker_camera_driver:/home/yujie/ros2_ws/install/flir_camera_msgs:/home/yujie/ros2_ws/install/flir_camera_description /usr/bin/cmake --install /home/yujie/Daniel_ws/galil_test/galil-amiro/build/galil_driver
[11.088s] Level 1:colcon.colcon_core.environment:create_environment_scripts_only(galil_driver)
[11.088s] Level 1:colcon.colcon_core.environment:checking '/home/yujie/Daniel_ws/galil_test/galil-amiro/install/galil_driver' for CMake module files
[11.089s] DEBUG:colcon.colcon_core.event_handler.log_command:Invoked command in '/home/yujie/Daniel_ws/galil_test/galil-amiro/build/galil_driver' returned '0': CMAKE_PREFIX_PATH=/home/yujie/Daniel_ws/galil_test/galil-amiro/install/galil_driver:/home/yujie/Daniel_ws/galil_test/galil-amiro/install/galil_description:/home/yujie/camera_ros2_ws/install/spinnaker_synchronized_camera_driver:/home/yujie/camera_ros2_ws/install/spinnaker_camera_driver:/home/yujie/camera_ros2_ws/install/flir_camera_msgs:/home/yujie/camera_ros2_ws/install/flir_camera_description:/home/yujie/ros2_ws/install/spinnaker_synchronized_camera_driver:/opt/ros/humble:/home/yujie/ros2_ws/install/spinnaker_camera_driver:/home/yujie/ros2_ws/install/flir_camera_msgs:/home/yujie/ros2_ws/install/flir_camera_description /usr/bin/cmake --install /home/yujie/Daniel_ws/galil_test/galil-amiro/build/galil_driver
[11.090s] Level 1:colcon.colcon_core.environment:checking '/home/yujie/Daniel_ws/galil_test/galil-amiro/install/galil_driver' for CMake config files
[11.126s] Level 1:colcon.colcon_core.shell:create_environment_hook('galil_driver', 'cmake_prefix_path')
[11.126s] INFO:colcon.colcon_core.shell:Creating environment hook '/home/yujie/Daniel_ws/galil_test/galil-amiro/install/galil_driver/share/galil_driver/hook/cmake_prefix_path.ps1'
[11.127s] INFO:colcon.colcon_core.shell:Creating environment descriptor '/home/yujie/Daniel_ws/galil_test/galil-amiro/install/galil_driver/share/galil_driver/hook/cmake_prefix_path.dsv'
[11.128s] INFO:colcon.colcon_core.shell:Creating environment hook '/home/yujie/Daniel_ws/galil_test/galil-amiro/install/galil_driver/share/galil_driver/hook/cmake_prefix_path.sh'
[11.129s] Level 1:colcon.colcon_core.environment:checking '/home/yujie/Daniel_ws/galil_test/galil-amiro/install/galil_driver/lib'
[11.129s] Level 1:colcon.colcon_core.shell:create_environment_hook('galil_driver', 'ld_library_path_lib')
[11.129s] INFO:colcon.colcon_core.shell:Creating environment hook '/home/yujie/Daniel_ws/galil_test/galil-amiro/install/galil_driver/share/galil_driver/hook/ld_library_path_lib.ps1'
[11.130s] INFO:colcon.colcon_core.shell:Creating environment descriptor '/home/yujie/Daniel_ws/galil_test/galil-amiro/install/galil_driver/share/galil_driver/hook/ld_library_path_lib.dsv'
[11.131s] INFO:colcon.colcon_core.shell:Creating environment hook '/home/yujie/Daniel_ws/galil_test/galil-amiro/install/galil_driver/share/galil_driver/hook/ld_library_path_lib.sh'
[11.131s] Level 1:colcon.colcon_core.environment:checking '/home/yujie/Daniel_ws/galil_test/galil-amiro/install/galil_driver/bin'
[11.131s] Level 1:colcon.colcon_core.environment:checking '/home/yujie/Daniel_ws/galil_test/galil-amiro/install/galil_driver/lib/pkgconfig/galil_driver.pc'
[11.132s] Level 1:colcon.colcon_core.environment:checking '/home/yujie/Daniel_ws/galil_test/galil-amiro/install/galil_driver/lib/python3.10/site-packages'
[11.133s] Level 1:colcon.colcon_core.environment:checking '/home/yujie/Daniel_ws/galil_test/galil-amiro/install/galil_driver/bin'
[11.133s] INFO:colcon.colcon_core.shell:Creating package script '/home/yujie/Daniel_ws/galil_test/galil-amiro/install/galil_driver/share/galil_driver/package.ps1'
[11.134s] INFO:colcon.colcon_core.shell:Creating package descriptor '/home/yujie/Daniel_ws/galil_test/galil-amiro/install/galil_driver/share/galil_driver/package.dsv'
[11.135s] INFO:colcon.colcon_core.shell:Creating package script '/home/yujie/Daniel_ws/galil_test/galil-amiro/install/galil_driver/share/galil_driver/package.sh'
[11.135s] INFO:colcon.colcon_core.shell:Creating package script '/home/yujie/Daniel_ws/galil_test/galil-amiro/install/galil_driver/share/galil_driver/package.bash'
[11.136s] INFO:colcon.colcon_core.shell:Creating package script '/home/yujie/Daniel_ws/galil_test/galil-amiro/install/galil_driver/share/galil_driver/package.zsh'
[11.137s] Level 1:colcon.colcon_core.environment:create_file_with_runtime_dependencies(/home/yujie/Daniel_ws/galil_test/galil-amiro/install/galil_driver/share/colcon-core/packages/galil_driver)
[11.138s] Level 1:colcon.colcon_core.environment:create_environment_scripts_only(galil_driver)
[11.138s] Level 1:colcon.colcon_core.environment:checking '/home/yujie/Daniel_ws/galil_test/galil-amiro/install/galil_driver' for CMake module files
[11.139s] Level 1:colcon.colcon_core.environment:checking '/home/yujie/Daniel_ws/galil_test/galil-amiro/install/galil_driver' for CMake config files
[11.139s] Level 1:colcon.colcon_core.shell:create_environment_hook('galil_driver', 'cmake_prefix_path')
[11.140s] INFO:colcon.colcon_core.shell:Creating environment hook '/home/yujie/Daniel_ws/galil_test/galil-amiro/install/galil_driver/share/galil_driver/hook/cmake_prefix_path.ps1'
[11.140s] INFO:colcon.colcon_core.shell:Creating environment descriptor '/home/yujie/Daniel_ws/galil_test/galil-amiro/install/galil_driver/share/galil_driver/hook/cmake_prefix_path.dsv'
[11.141s] INFO:colcon.colcon_core.shell:Creating environment hook '/home/yujie/Daniel_ws/galil_test/galil-amiro/install/galil_driver/share/galil_driver/hook/cmake_prefix_path.sh'
[11.142s] Level 1:colcon.colcon_core.environment:checking '/home/yujie/Daniel_ws/galil_test/galil-amiro/install/galil_driver/lib'
[11.142s] Level 1:colcon.colcon_core.shell:create_environment_hook('galil_driver', 'ld_library_path_lib')
[11.142s] INFO:colcon.colcon_core.shell:Creating environment hook '/home/yujie/Daniel_ws/galil_test/galil-amiro/install/galil_driver/share/galil_driver/hook/ld_library_path_lib.ps1'
[11.143s] INFO:colcon.colcon_core.shell:Creating environment descriptor '/home/yujie/Daniel_ws/galil_test/galil-amiro/install/galil_driver/share/galil_driver/hook/ld_library_path_lib.dsv'
[11.144s] INFO:colcon.colcon_core.shell:Creating environment hook '/home/yujie/Daniel_ws/galil_test/galil-amiro/install/galil_driver/share/galil_driver/hook/ld_library_path_lib.sh'
[11.144s] Level 1:colcon.colcon_core.environment:checking '/home/yujie/Daniel_ws/galil_test/galil-amiro/install/galil_driver/bin'
[11.144s] Level 1:colcon.colcon_core.environment:checking '/home/yujie/Daniel_ws/galil_test/galil-amiro/install/galil_driver/lib/pkgconfig/galil_driver.pc'
[11.145s] Level 1:colcon.colcon_core.environment:checking '/home/yujie/Daniel_ws/galil_test/galil-amiro/install/galil_driver/lib/python3.10/site-packages'
[11.146s] Level 1:colcon.colcon_core.environment:checking '/home/yujie/Daniel_ws/galil_test/galil-amiro/install/galil_driver/bin'
[11.146s] INFO:colcon.colcon_core.shell:Creating package script '/home/yujie/Daniel_ws/galil_test/galil-amiro/install/galil_driver/share/galil_driver/package.ps1'
[11.147s] INFO:colcon.colcon_core.shell:Creating package descriptor '/home/yujie/Daniel_ws/galil_test/galil-amiro/install/galil_driver/share/galil_driver/package.dsv'
[11.148s] INFO:colcon.colcon_core.shell:Creating package script '/home/yujie/Daniel_ws/galil_test/galil-amiro/install/galil_driver/share/galil_driver/package.sh'
[11.149s] INFO:colcon.colcon_core.shell:Creating package script '/home/yujie/Daniel_ws/galil_test/galil-amiro/install/galil_driver/share/galil_driver/package.bash'
[11.149s] INFO:colcon.colcon_core.shell:Creating package script '/home/yujie/Daniel_ws/galil_test/galil-amiro/install/galil_driver/share/galil_driver/package.zsh'
[11.150s] Level 1:colcon.colcon_core.environment:create_file_with_runtime_dependencies(/home/yujie/Daniel_ws/galil_test/galil-amiro/install/galil_driver/share/colcon-core/packages/galil_driver)
[11.151s] DEBUG:colcon.colcon_parallel_executor.executor.parallel:closing loop
[11.151s] DEBUG:colcon.colcon_parallel_executor.executor.parallel:loop closed
[11.151s] DEBUG:colcon.colcon_parallel_executor.executor.parallel:run_until_complete finished with '0'
[11.151s] DEBUG:colcon.colcon_core.event_reactor:joining thread
[11.183s] INFO:colcon.colcon_core.plugin_system:Skipping extension 'colcon_notification.desktop_notification.terminal_notifier': Not used on non-Darwin systems
[11.183s] INFO:colcon.colcon_core.plugin_system:Skipping extension 'colcon_notification.desktop_notification.win32': Not used on non-Windows systems
[11.183s] INFO:colcon.colcon_notification.desktop_notification:Sending desktop notification using 'notify2'
[11.202s] DEBUG:colcon.colcon_core.event_reactor:joined thread
[11.203s] INFO:colcon.colcon_core.shell:Creating prefix script '/home/yujie/Daniel_ws/galil_test/galil-amiro/install/local_setup.ps1'
[11.241s] INFO:colcon.colcon_core.shell:Creating prefix util module '/home/yujie/Daniel_ws/galil_test/galil-amiro/install/_local_setup_util_ps1.py'
[11.255s] INFO:colcon.colcon_core.shell:Creating prefix chain script '/home/yujie/Daniel_ws/galil_test/galil-amiro/install/setup.ps1'
[11.258s] INFO:colcon.colcon_core.shell:Creating prefix script '/home/yujie/Daniel_ws/galil_test/galil-amiro/install/local_setup.sh'
[11.262s] INFO:colcon.colcon_core.shell:Creating prefix util module '/home/yujie/Daniel_ws/galil_test/galil-amiro/install/_local_setup_util_sh.py'
[11.263s] INFO:colcon.colcon_core.shell:Creating prefix chain script '/home/yujie/Daniel_ws/galil_test/galil-amiro/install/setup.sh'
[11.265s] INFO:colcon.colcon_core.shell:Creating prefix script '/home/yujie/Daniel_ws/galil_test/galil-amiro/install/local_setup.bash'
[11.278s] INFO:colcon.colcon_core.shell:Creating prefix chain script '/home/yujie/Daniel_ws/galil_test/galil-amiro/install/setup.bash'
[11.281s] INFO:colcon.colcon_core.shell:Creating prefix script '/home/yujie/Daniel_ws/galil_test/galil-amiro/install/local_setup.zsh'
[11.290s] INFO:colcon.colcon_core.shell:Creating prefix chain script '/home/yujie/Daniel_ws/galil_test/galil-amiro/install/setup.zsh'
