[35m[1mConsolidate compiler generated dependencies of target galil_driver_plugin[0m
[ 50%] [32mBuilding CXX object CMakeFiles/galil_driver_plugin.dir/src/hardware_interface.cpp.o[0m
[100%] [32m[1mLinking CXX shared library libgalil_driver_plugin.so[0m
[100%] Built target galil_driver_plugin
-- Install configuration: ""
-- Up-to-date: /home/yujie/Daniel_ws/galil_test/galil-amiro/install/galil_driver/share/galil_driver/hardware_interface_plugin.xml
-- Installing: /home/yujie/Daniel_ws/galil_test/galil-amiro/install/galil_driver/lib/libgalil_driver_plugin.so
-- Set runtime path of "/home/yujie/Daniel_ws/galil_test/galil-amiro/install/galil_driver/lib/libgalil_driver_plugin.so" to ""
-- Up-to-date: /home/yujie/Daniel_ws/galil_test/galil-amiro/install/galil_driver/share/galil_driver/launch
-- Up-to-date: /home/yujie/Daniel_ws/galil_test/galil-amiro/install/galil_driver/share/galil_driver/launch/mariana_view.launch.py
-- Up-to-date: /home/yujie/Daniel_ws/galil_test/galil-amiro/install/galil_driver/share/galil_driver/launch/view.launch.py
-- Up-to-date: /home/yujie/Daniel_ws/galil_test/galil-amiro/install/galil_driver/share/galil_driver/launch/demo.launch.py
-- Up-to-date: /home/yujie/Daniel_ws/galil_test/galil-amiro/install/galil_driver/share/galil_driver/config
-- Up-to-date: /home/yujie/Daniel_ws/galil_test/galil-amiro/install/galil_driver/share/galil_driver/config/galil_controllers.yaml
-- Up-to-date: /home/yujie/Daniel_ws/galil_test/galil-amiro/install/galil_driver/include/include
-- Up-to-date: /home/yujie/Daniel_ws/galil_test/galil-amiro/install/galil_driver/include/include/galil_driver
-- Up-to-date: /home/yujie/Daniel_ws/galil_test/galil-amiro/install/galil_driver/include/include/galil_driver/hardware_interface.hpp
-- Up-to-date: /home/yujie/Daniel_ws/galil_test/galil-amiro/install/galil_driver/share/galil_driver/environment/library_path.sh
-- Up-to-date: /home/yujie/Daniel_ws/galil_test/galil-amiro/install/galil_driver/share/galil_driver/environment/library_path.dsv
-- Up-to-date: /home/yujie/Daniel_ws/galil_test/galil-amiro/install/galil_driver/share/ament_index/resource_index/package_run_dependencies/galil_driver
-- Up-to-date: /home/yujie/Daniel_ws/galil_test/galil-amiro/install/galil_driver/share/ament_index/resource_index/parent_prefix_path/galil_driver
-- Up-to-date: /home/yujie/Daniel_ws/galil_test/galil-amiro/install/galil_driver/share/galil_driver/environment/ament_prefix_path.sh
-- Up-to-date: /home/yujie/Daniel_ws/galil_test/galil-amiro/install/galil_driver/share/galil_driver/environment/ament_prefix_path.dsv
-- Up-to-date: /home/yujie/Daniel_ws/galil_test/galil-amiro/install/galil_driver/share/galil_driver/environment/path.sh
-- Up-to-date: /home/yujie/Daniel_ws/galil_test/galil-amiro/install/galil_driver/share/galil_driver/environment/path.dsv
-- Up-to-date: /home/yujie/Daniel_ws/galil_test/galil-amiro/install/galil_driver/share/galil_driver/local_setup.bash
-- Up-to-date: /home/yujie/Daniel_ws/galil_test/galil-amiro/install/galil_driver/share/galil_driver/local_setup.sh
-- Up-to-date: /home/yujie/Daniel_ws/galil_test/galil-amiro/install/galil_driver/share/galil_driver/local_setup.zsh
-- Up-to-date: /home/yujie/Daniel_ws/galil_test/galil-amiro/install/galil_driver/share/galil_driver/local_setup.dsv
-- Installing: /home/yujie/Daniel_ws/galil_test/galil-amiro/install/galil_driver/share/galil_driver/package.dsv
-- Up-to-date: /home/yujie/Daniel_ws/galil_test/galil-amiro/install/galil_driver/share/ament_index/resource_index/packages/galil_driver
-- Up-to-date: /home/yujie/Daniel_ws/galil_test/galil-amiro/install/galil_driver/share/ament_index/resource_index/hardware_interface__pluginlib__plugin/galil_driver
-- Up-to-date: /home/yujie/Daniel_ws/galil_test/galil-amiro/install/galil_driver/share/galil_driver/cmake/ament_cmake_export_include_directories-extras.cmake
-- Up-to-date: /home/yujie/Daniel_ws/galil_test/galil-amiro/install/galil_driver/share/galil_driver/cmake/ament_cmake_export_libraries-extras.cmake
-- Up-to-date: /home/yujie/Daniel_ws/galil_test/galil-amiro/install/galil_driver/share/galil_driver/cmake/ament_cmake_export_dependencies-extras.cmake
-- Up-to-date: /home/yujie/Daniel_ws/galil_test/galil-amiro/install/galil_driver/share/galil_driver/cmake/galil_driverConfig.cmake
-- Up-to-date: /home/yujie/Daniel_ws/galil_test/galil-amiro/install/galil_driver/share/galil_driver/cmake/galil_driverConfig-version.cmake
-- Up-to-date: /home/yujie/Daniel_ws/galil_test/galil-amiro/install/galil_driver/share/galil_driver/package.xml
