[0.008s] Invoking command in '/home/amiro/Daniel/galil test/galil RSP/galil-RSP/build/galil_description': CMAKE_PREFIX_PATH=/opt/ros/humble /usr/bin/cmake /home/amiro/Daniel/galil test/galil RSP/galil-RSP/galil_description -DCMAKE_INSTALL_PREFIX=/home/amiro/Daniel/galil test/galil RSP/galil-RSP/install/galil_description
[0.055s] -- The C compiler identification is GNU 11.4.0
[0.104s] -- The CXX compiler identification is GNU 11.4.0
[0.112s] -- Detecting C compiler ABI info
[0.175s] -- Detecting C compiler ABI info - done
[0.189s] -- Check for working C compiler: /usr/bin/cc - skipped
[0.189s] -- Detecting C compile features
[0.189s] -- Detecting C compile features - done
[0.192s] -- Detecting CXX compiler ABI info
[0.251s] -- Detecting CXX compiler ABI info - done
[0.256s] -- Check for working CXX compiler: /usr/bin/c++ - skipped
[0.256s] -- Detecting CXX compile features
[0.257s] -- Detecting CXX compile features - done
[0.258s] -- Found ament_cmake: 1.3.14 (/opt/ros/humble/share/ament_cmake/cmake)
[0.372s] -- Found Python3: /usr/bin/python3 (found version "3.10.12") found components: Interpreter 
[0.434s] -- Found robot_state_publisher: 3.0.3 (/opt/ros/humble/share/robot_state_publisher/cmake)
[0.458s] -- Found rosidl_generator_c: 3.1.8 (/opt/ros/humble/share/rosidl_generator_c/cmake)
[0.461s] -- Found rosidl_adapter: 3.1.8 (/opt/ros/humble/share/rosidl_adapter/cmake)
[0.467s] -- Found rosidl_generator_cpp: 3.1.8 (/opt/ros/humble/share/rosidl_generator_cpp/cmake)
[0.475s] -- Using all available rosidl_typesupport_c: rosidl_typesupport_fastrtps_c;rosidl_typesupport_introspection_c
[0.486s] -- Using all available rosidl_typesupport_cpp: rosidl_typesupport_fastrtps_cpp;rosidl_typesupport_introspection_cpp
[0.522s] -- Found eigen3_cmake_module: 0.1.1 (/opt/ros/humble/share/eigen3_cmake_module/cmake)
[0.523s] -- Found Eigen3: TRUE (found version "3.4.0") 
[0.523s] -- Ensuring Eigen3 include directory is part of orocos-kdl CMake target
[0.550s] -- Found rmw_implementation_cmake: 6.1.2 (/opt/ros/humble/share/rmw_implementation_cmake/cmake)
[0.551s] -- Found rmw_fastrtps_cpp: 6.2.10 (/opt/ros/humble/share/rmw_fastrtps_cpp/cmake)
[0.620s] -- Found OpenSSL: /usr/lib/x86_64-linux-gnu/libcrypto.so (found version "3.0.2")  
[0.647s] -- Found FastRTPS: /opt/ros/humble/include  
[0.680s] -- Using RMW implementation 'rmw_fastrtps_cpp' as default
[0.685s] -- Looking for pthread.h
[0.748s] -- Looking for pthread.h - found
[0.748s] -- Performing Test CMAKE_HAVE_LIBC_PTHREAD
[0.802s] -- Performing Test CMAKE_HAVE_LIBC_PTHREAD - Success
[0.803s] -- Found Threads: TRUE  
[0.923s] -- Found rviz2: 11.2.26 (/opt/ros/humble/share/rviz2/cmake)
[0.924s] -- Found xacro: 2.1.1 (/opt/ros/humble/share/xacro/cmake)
[0.925s] -- Found ament_lint_auto: 0.12.15 (/opt/ros/humble/share/ament_lint_auto/cmake)
[0.981s] -- Added test 'lint_cmake' to check CMake code style
[0.982s] -- Added test 'xmllint' to check XML markup files
[0.982s] -- Configuring done
[0.985s] -- Generating done
[0.987s] -- Build files have been written to: /home/amiro/Daniel/galil test/galil RSP/galil-RSP/build/galil_description
[0.994s] Invoked command in '/home/amiro/Daniel/galil test/galil RSP/galil-RSP/build/galil_description' returned '0': CMAKE_PREFIX_PATH=/opt/ros/humble /usr/bin/cmake /home/amiro/Daniel/galil test/galil RSP/galil-RSP/galil_description -DCMAKE_INSTALL_PREFIX=/home/amiro/Daniel/galil test/galil RSP/galil-RSP/install/galil_description
[0.996s] Invoking command in '/home/amiro/Daniel/galil test/galil RSP/galil-RSP/build/galil_description': CMAKE_PREFIX_PATH=/opt/ros/humble /usr/bin/cmake --build /home/amiro/Daniel/galil test/galil RSP/galil-RSP/build/galil_description -- -j20 -l20
[1.033s] Invoked command in '/home/amiro/Daniel/galil test/galil RSP/galil-RSP/build/galil_description' returned '0': CMAKE_PREFIX_PATH=/opt/ros/humble /usr/bin/cmake --build /home/amiro/Daniel/galil test/galil RSP/galil-RSP/build/galil_description -- -j20 -l20
[1.040s] Invoking command in '/home/amiro/Daniel/galil test/galil RSP/galil-RSP/build/galil_description': CMAKE_PREFIX_PATH=/opt/ros/humble /usr/bin/cmake --install /home/amiro/Daniel/galil test/galil RSP/galil-RSP/build/galil_description
[1.046s] -- Install configuration: ""
[1.046s] -- Up-to-date: /home/amiro/Daniel/galil test/galil RSP/galil-RSP/install/galil_description/share/galil_description/urdf
[1.046s] -- Up-to-date: /home/amiro/Daniel/galil test/galil RSP/galil-RSP/install/galil_description/share/galil_description/urdf/galil.ros2_control.xacro
[1.046s] -- Up-to-date: /home/amiro/Daniel/galil test/galil RSP/galil-RSP/install/galil_description/share/galil_description/urdf/galil.xacro
[1.046s] -- Up-to-date: /home/amiro/Daniel/galil test/galil RSP/galil-RSP/install/galil_description/share/galil_description/urdf/materials.xacro
[1.046s] -- Up-to-date: /home/amiro/Daniel/galil test/galil RSP/galil-RSP/install/galil_description/share/galil_description/urdf/galil.urdf.xacro
[1.046s] -- Up-to-date: /home/amiro/Daniel/galil test/galil RSP/galil-RSP/install/galil_description/share/galil_description/meshes
[1.046s] -- Up-to-date: /home/amiro/Daniel/galil test/galil RSP/galil-RSP/install/galil_description/share/galil_description/meshes/needle_link.stl
[1.046s] -- Up-to-date: /home/amiro/Daniel/galil test/galil RSP/galil-RSP/install/galil_description/share/galil_description/meshes/vertical_link.stl
[1.046s] -- Up-to-date: /home/amiro/Daniel/galil test/galil RSP/galil-RSP/install/galil_description/share/galil_description/meshes/horizontal_link.stl
[1.046s] -- Up-to-date: /home/amiro/Daniel/galil test/galil RSP/galil-RSP/install/galil_description/share/galil_description/meshes/base_link.stl
[1.046s] -- Up-to-date: /home/amiro/Daniel/galil test/galil RSP/galil-RSP/install/galil_description/share/galil_description/rviz
[1.046s] -- Up-to-date: /home/amiro/Daniel/galil test/galil RSP/galil-RSP/install/galil_description/share/galil_description/rviz/urdf.rviz
[1.046s] -- Installing: /home/amiro/Daniel/galil test/galil RSP/galil-RSP/install/galil_description/share/ament_index/resource_index/package_run_dependencies/galil_description
[1.046s] -- Installing: /home/amiro/Daniel/galil test/galil RSP/galil-RSP/install/galil_description/share/ament_index/resource_index/parent_prefix_path/galil_description
[1.046s] -- Installing: /home/amiro/Daniel/galil test/galil RSP/galil-RSP/install/galil_description/share/galil_description/environment/ament_prefix_path.sh
[1.046s] -- Installing: /home/amiro/Daniel/galil test/galil RSP/galil-RSP/install/galil_description/share/galil_description/environment/ament_prefix_path.dsv
[1.046s] -- Installing: /home/amiro/Daniel/galil test/galil RSP/galil-RSP/install/galil_description/share/galil_description/environment/path.sh
[1.047s] -- Installing: /home/amiro/Daniel/galil test/galil RSP/galil-RSP/install/galil_description/share/galil_description/environment/path.dsv
[1.047s] -- Installing: /home/amiro/Daniel/galil test/galil RSP/galil-RSP/install/galil_description/share/galil_description/local_setup.bash
[1.047s] -- Installing: /home/amiro/Daniel/galil test/galil RSP/galil-RSP/install/galil_description/share/galil_description/local_setup.sh
[1.047s] -- Installing: /home/amiro/Daniel/galil test/galil RSP/galil-RSP/install/galil_description/share/galil_description/local_setup.zsh
[1.047s] -- Installing: /home/amiro/Daniel/galil test/galil RSP/galil-RSP/install/galil_description/share/galil_description/local_setup.dsv
[1.047s] -- Installing: /home/amiro/Daniel/galil test/galil RSP/galil-RSP/install/galil_description/share/galil_description/package.dsv
[1.047s] -- Installing: /home/amiro/Daniel/galil test/galil RSP/galil-RSP/install/galil_description/share/ament_index/resource_index/packages/galil_description
[1.047s] -- Installing: /home/amiro/Daniel/galil test/galil RSP/galil-RSP/install/galil_description/share/galil_description/cmake/galil_descriptionConfig.cmake
[1.047s] -- Installing: /home/amiro/Daniel/galil test/galil RSP/galil-RSP/install/galil_description/share/galil_description/cmake/galil_descriptionConfig-version.cmake
[1.047s] -- Up-to-date: /home/amiro/Daniel/galil test/galil RSP/galil-RSP/install/galil_description/share/galil_description/package.xml
[1.048s] Invoked command in '/home/amiro/Daniel/galil test/galil RSP/galil-RSP/build/galil_description' returned '0': CMAKE_PREFIX_PATH=/opt/ros/humble /usr/bin/cmake --install /home/amiro/Daniel/galil test/galil RSP/galil-RSP/build/galil_description
