[0.021s] Invoking command in '/home/yujie/Daniel_ws/galil_test/galil-amiro/build/galil_driver': CMAKE_PREFIX_PATH=/home/yujie/camera_ros2_ws/install/spinnaker_synchronized_camera_driver:/home/yujie/camera_ros2_ws/install/spinnaker_camera_driver:/home/yujie/camera_ros2_ws/install/flir_camera_msgs:/home/yujie/camera_ros2_ws/install/flir_camera_description:/home/yujie/ros2_ws/install/spinnaker_synchronized_camera_driver:/opt/ros/humble:/home/yujie/ros2_ws/install/spinnaker_camera_driver:/home/yujie/ros2_ws/install/flir_camera_msgs:/home/yujie/ros2_ws/install/flir_camera_description /usr/bin/cmake --build /home/yujie/Daniel_ws/galil_test/galil-amiro/build/galil_driver -- -j8 -l8
[0.117s] [35m[1mConsolidate compiler generated dependencies of target galil_driver_plugin[0m
[0.159s] [100%] Built target galil_driver_plugin
[0.182s] Invoked command in '/home/yujie/Daniel_ws/galil_test/galil-amiro/build/galil_driver' returned '0': CMAKE_PREFIX_PATH=/home/yujie/camera_ros2_ws/install/spinnaker_synchronized_camera_driver:/home/yujie/camera_ros2_ws/install/spinnaker_camera_driver:/home/yujie/camera_ros2_ws/install/flir_camera_msgs:/home/yujie/camera_ros2_ws/install/flir_camera_description:/home/yujie/ros2_ws/install/spinnaker_synchronized_camera_driver:/opt/ros/humble:/home/yujie/ros2_ws/install/spinnaker_camera_driver:/home/yujie/ros2_ws/install/flir_camera_msgs:/home/yujie/ros2_ws/install/flir_camera_description /usr/bin/cmake --build /home/yujie/Daniel_ws/galil_test/galil-amiro/build/galil_driver -- -j8 -l8
[0.184s] Invoking command in '/home/yujie/Daniel_ws/galil_test/galil-amiro/build/galil_driver': CMAKE_PREFIX_PATH=/home/yujie/camera_ros2_ws/install/spinnaker_synchronized_camera_driver:/home/yujie/camera_ros2_ws/install/spinnaker_camera_driver:/home/yujie/camera_ros2_ws/install/flir_camera_msgs:/home/yujie/camera_ros2_ws/install/flir_camera_description:/home/yujie/ros2_ws/install/spinnaker_synchronized_camera_driver:/opt/ros/humble:/home/yujie/ros2_ws/install/spinnaker_camera_driver:/home/yujie/ros2_ws/install/flir_camera_msgs:/home/yujie/ros2_ws/install/flir_camera_description /usr/bin/cmake --install /home/yujie/Daniel_ws/galil_test/galil-amiro/build/galil_driver
[0.201s] -- Install configuration: ""
[0.201s] -- Up-to-date: /home/yujie/Daniel_ws/galil_test/galil-amiro/install/galil_driver/share/galil_driver/hardware_interface_plugin.xml
[0.201s] -- Up-to-date: /home/yujie/Daniel_ws/galil_test/galil-amiro/install/galil_driver/lib/libgalil_driver_plugin.so
[0.202s] -- Up-to-date: /home/yujie/Daniel_ws/galil_test/galil-amiro/install/galil_driver/share/galil_driver/launch
[0.202s] -- Up-to-date: /home/yujie/Daniel_ws/galil_test/galil-amiro/install/galil_driver/share/galil_driver/launch/mariana_view.launch.py
[0.202s] -- Up-to-date: /home/yujie/Daniel_ws/galil_test/galil-amiro/install/galil_driver/share/galil_driver/launch/view.launch.py
[0.202s] -- Up-to-date: /home/yujie/Daniel_ws/galil_test/galil-amiro/install/galil_driver/share/galil_driver/launch/demo.launch.py
[0.202s] -- Up-to-date: /home/yujie/Daniel_ws/galil_test/galil-amiro/install/galil_driver/share/galil_driver/config
[0.202s] -- Installing: /home/yujie/Daniel_ws/galil_test/galil-amiro/install/galil_driver/share/galil_driver/config/galil_controllers.yaml
[0.202s] -- Up-to-date: /home/yujie/Daniel_ws/galil_test/galil-amiro/install/galil_driver/include/include
[0.203s] -- Up-to-date: /home/yujie/Daniel_ws/galil_test/galil-amiro/install/galil_driver/include/include/galil_driver
[0.203s] -- Up-to-date: /home/yujie/Daniel_ws/galil_test/galil-amiro/install/galil_driver/include/include/galil_driver/hardware_interface.hpp
[0.203s] -- Up-to-date: /home/yujie/Daniel_ws/galil_test/galil-amiro/install/galil_driver/share/galil_driver/environment/library_path.sh
[0.203s] -- Up-to-date: /home/yujie/Daniel_ws/galil_test/galil-amiro/install/galil_driver/share/galil_driver/environment/library_path.dsv
[0.203s] -- Up-to-date: /home/yujie/Daniel_ws/galil_test/galil-amiro/install/galil_driver/share/ament_index/resource_index/package_run_dependencies/galil_driver
[0.203s] -- Up-to-date: /home/yujie/Daniel_ws/galil_test/galil-amiro/install/galil_driver/share/ament_index/resource_index/parent_prefix_path/galil_driver
[0.203s] -- Up-to-date: /home/yujie/Daniel_ws/galil_test/galil-amiro/install/galil_driver/share/galil_driver/environment/ament_prefix_path.sh
[0.204s] -- Up-to-date: /home/yujie/Daniel_ws/galil_test/galil-amiro/install/galil_driver/share/galil_driver/environment/ament_prefix_path.dsv
[0.204s] -- Up-to-date: /home/yujie/Daniel_ws/galil_test/galil-amiro/install/galil_driver/share/galil_driver/environment/path.sh
[0.204s] -- Up-to-date: /home/yujie/Daniel_ws/galil_test/galil-amiro/install/galil_driver/share/galil_driver/environment/path.dsv
[0.204s] -- Up-to-date: /home/yujie/Daniel_ws/galil_test/galil-amiro/install/galil_driver/share/galil_driver/local_setup.bash
[0.204s] -- Up-to-date: /home/yujie/Daniel_ws/galil_test/galil-amiro/install/galil_driver/share/galil_driver/local_setup.sh
[0.204s] -- Up-to-date: /home/yujie/Daniel_ws/galil_test/galil-amiro/install/galil_driver/share/galil_driver/local_setup.zsh
[0.204s] -- Up-to-date: /home/yujie/Daniel_ws/galil_test/galil-amiro/install/galil_driver/share/galil_driver/local_setup.dsv
[0.204s] -- Installing: /home/yujie/Daniel_ws/galil_test/galil-amiro/install/galil_driver/share/galil_driver/package.dsv
[0.204s] -- Up-to-date: /home/yujie/Daniel_ws/galil_test/galil-amiro/install/galil_driver/share/ament_index/resource_index/packages/galil_driver
[0.205s] -- Up-to-date: /home/yujie/Daniel_ws/galil_test/galil-amiro/install/galil_driver/share/ament_index/resource_index/hardware_interface__pluginlib__plugin/galil_driver
[0.205s] -- Up-to-date: /home/yujie/Daniel_ws/galil_test/galil-amiro/install/galil_driver/share/galil_driver/cmake/ament_cmake_export_include_directories-extras.cmake
[0.205s] -- Up-to-date: /home/yujie/Daniel_ws/galil_test/galil-amiro/install/galil_driver/share/galil_driver/cmake/ament_cmake_export_libraries-extras.cmake
[0.205s] -- Up-to-date: /home/yujie/Daniel_ws/galil_test/galil-amiro/install/galil_driver/share/galil_driver/cmake/ament_cmake_export_dependencies-extras.cmake
[0.205s] -- Up-to-date: /home/yujie/Daniel_ws/galil_test/galil-amiro/install/galil_driver/share/galil_driver/cmake/galil_driverConfig.cmake
[0.205s] -- Up-to-date: /home/yujie/Daniel_ws/galil_test/galil-amiro/install/galil_driver/share/galil_driver/cmake/galil_driverConfig-version.cmake
[0.205s] -- Up-to-date: /home/yujie/Daniel_ws/galil_test/galil-amiro/install/galil_driver/share/galil_driver/package.xml
[0.208s] Invoked command in '/home/yujie/Daniel_ws/galil_test/galil-amiro/build/galil_driver' returned '0': CMAKE_PREFIX_PATH=/home/yujie/camera_ros2_ws/install/spinnaker_synchronized_camera_driver:/home/yujie/camera_ros2_ws/install/spinnaker_camera_driver:/home/yujie/camera_ros2_ws/install/flir_camera_msgs:/home/yujie/camera_ros2_ws/install/flir_camera_description:/home/yujie/ros2_ws/install/spinnaker_synchronized_camera_driver:/opt/ros/humble:/home/yujie/ros2_ws/install/spinnaker_camera_driver:/home/yujie/ros2_ws/install/flir_camera_msgs:/home/yujie/ros2_ws/install/flir_camera_description /usr/bin/cmake --install /home/yujie/Daniel_ws/galil_test/galil-amiro/build/galil_driver
