[0.010s] Invoking command in '/home/amiro/Daniel/galil test/galil RSP/galil-RSP/build/galil_driver': CMAKE_PREFIX_PATH=/opt/ros/humble /usr/bin/cmake --build /home/amiro/Daniel/galil test/galil RSP/galil-RSP/build/galil_driver -- -j20 -l20
[0.050s] Consolidate compiler generated dependencies of target galil_driver_plugin
[0.073s] [ 50%] Building CXX object CMakeFiles/galil_driver_plugin.dir/src/hardware_interface.cpp.o
[1.864s] /home/amiro/Daniel/galil test/galil RSP/galil-RSP/galil_driver/src/hardware_interface.cpp: In member function ‘bool galil_driver::GalilSystemHardwareInterface::send_galil_command(const string&)’:
[1.864s] /home/amiro/Daniel/galil test/galil RSP/galil-RSP/galil_driver/src/hardware_interface.cpp:42:25: warning: ‘GReturn GCommand(GCon, GCStringIn, GBufOut, GSize, GSize*)’ is deprecated [-Wdeprecated-declarations]
[1.864s]    42 |     int error = GCommand(connection, command.c_str(), buffer, BUFFER_LENGTH, &bytes_returned);
[1.864s]       |                 ~~~~~~~~^~~~~~~~~~~~~~~~~~~~~~~~~~~~~~~~~~~~~~~~~~~~~~~~~~~~~~~~~~~~~~~~~~~~~
[1.864s] In file included from /usr/include/gclib.h:16,
[1.864s]                  from /home/amiro/Daniel/galil test/galil RSP/galil-RSP/galil_driver/include/galil_driver/hardware_interface.hpp:18,
[1.864s]                  from /home/amiro/Daniel/galil test/galil RSP/galil-RSP/galil_driver/src/hardware_interface.cpp:14:
[1.864s] /usr/include/gclib_compat.h:168:26: note: declared here
[1.864s]   168 | GCLIB_DEPRECATED GReturn GCommand(GCon g, GCStringIn command, GBufOut buffer, GSize buffer_len, GSize* bytes_returned);
[1.864s]       |                          ^~~~~~~~
[1.864s] /home/amiro/Daniel/galil test/galil RSP/galil-RSP/galil_driver/src/hardware_interface.cpp:51:17: warning: ‘GReturn GCommand(GCon, GCStringIn, GBufOut, GSize, GSize*)’ is deprecated [-Wdeprecated-declarations]
[1.864s]    51 |     if( GCommand(connection, "TC1", error_buffer, BUFFER_LENGTH, &bytes_returned) == G_NO_ERROR ){
[1.864s]       |         ~~~~~~~~^~~~~~~~~~~~~~~~~~~~~~~~~~~~~~~~~~~~~~~~~~~~~~~~~~~~~~~~~~~~~~~~~
[1.864s] In file included from /usr/include/gclib.h:16,
[1.864s]                  from /home/amiro/Daniel/galil test/galil RSP/galil-RSP/galil_driver/include/galil_driver/hardware_interface.hpp:18,
[1.864s]                  from /home/amiro/Daniel/galil test/galil RSP/galil-RSP/galil_driver/src/hardware_interface.cpp:14:
[1.864s] /usr/include/gclib_compat.h:168:26: note: declared here
[1.864s]   168 | GCLIB_DEPRECATED GReturn GCommand(GCon g, GCStringIn command, GBufOut buffer, GSize buffer_len, GSize* bytes_returned);
[1.864s]       |                          ^~~~~~~~
[1.869s] /home/amiro/Daniel/galil test/galil RSP/galil-RSP/galil_driver/src/hardware_interface.cpp: In member function ‘virtual hardware_interface::CallbackReturn galil_driver::GalilSystemHardwareInterface::on_configure(const rclcpp_lifecycle::State&)’:
[1.870s] /home/amiro/Daniel/galil test/galil RSP/galil-RSP/galil_driver/src/hardware_interface.cpp:184:14: warning: ‘GReturn GOpen(GCStringIn, Context**)’ is deprecated [-Wdeprecated-declarations]
[1.870s]   184 |     if( GOpen( address.c_str(), &connection ) == G_NO_ERROR ){
[1.870s]       |         ~~~~~^~~~~~~~~~~~~~~~~~~~~~~~~~~~~~~~
[1.870s] In file included from /usr/include/gclib.h:16,
[1.870s]                  from /home/amiro/Daniel/galil test/galil RSP/galil-RSP/galil_driver/include/galil_driver/hardware_interface.hpp:18,
[1.870s]                  from /home/amiro/Daniel/galil test/galil RSP/galil-RSP/galil_driver/src/hardware_interface.cpp:14:
[1.870s] /usr/include/gclib_compat.h:106:26: note: declared here
[1.870s]   106 | GCLIB_DEPRECATED GReturn GOpen(GCStringIn connection_string, GCon* g);
[1.870s]       |                          ^~~~~
[1.870s] /home/amiro/Daniel/galil test/galil RSP/galil-RSP/galil_driver/src/hardware_interface.cpp:180:11: warning: unused variable ‘BUFFER_LENGTH’ [-Wunused-variable]
[1.870s]   180 |     GSize BUFFER_LENGTH=32;
[1.871s]       |           ^~~~~~~~~~~~~
[1.871s] /home/amiro/Daniel/galil test/galil RSP/galil-RSP/galil_driver/src/hardware_interface.cpp:181:11: warning: unused variable ‘bytes_returned’ [-Wunused-variable]
[1.871s]   181 |     GSize bytes_returned;
[1.871s]       |           ^~~~~~~~~~~~~~
[1.871s] /home/amiro/Daniel/galil test/galil RSP/galil-RSP/galil_driver/src/hardware_interface.cpp:182:10: warning: unused variable ‘buffer’ [-Wunused-variable]
[1.871s]   182 |     char buffer[32];
[1.871s]       |          ^~~~~~
[1.877s] /home/amiro/Daniel/galil test/galil RSP/galil-RSP/galil_driver/src/hardware_interface.cpp: In member function ‘virtual hardware_interface::return_type galil_driver::GalilSystemHardwareInterface::prepare_command_mode_switch(const std::vector<std::__cxx11::basic_string<char> >&, const std::vector<std::__cxx11::basic_string<char> >&)’:
[1.877s] /home/amiro/Daniel/galil test/galil RSP/galil-RSP/galil_driver/src/hardware_interface.cpp:272:31: warning: ‘GReturn GCommand(GCon, GCStringIn, GBufOut, GSize, GSize*)’ is deprecated [-Wdeprecated-declarations]
[1.877s]   272 |           int error = GCommand(connection, command, buffer, BUFFER_LENGTH, &bytes_returned );
[1.877s]       |                       ~~~~~~~~^~~~~~~~~~~~~~~~~~~~~~~~~~~~~~~~~~~~~~~~~~~~~~~~~~~~~~~~~~~~~~
[1.877s] In file included from /usr/include/gclib.h:16,
[1.877s]                  from /home/amiro/Daniel/galil test/galil RSP/galil-RSP/galil_driver/include/galil_driver/hardware_interface.hpp:18,
[1.877s]                  from /home/amiro/Daniel/galil test/galil RSP/galil-RSP/galil_driver/src/hardware_interface.cpp:14:
[1.878s] /usr/include/gclib_compat.h:168:26: note: declared here
[1.878s]   168 | GCLIB_DEPRECATED GReturn GCommand(GCon g, GCStringIn command, GBufOut buffer, GSize buffer_len, GSize* bytes_returned);
[1.878s]       |                          ^~~~~~~~
[1.878s] /home/amiro/Daniel/galil test/galil RSP/galil-RSP/galil_driver/src/hardware_interface.cpp:290:31: warning: ‘GReturn GCommand(GCon, GCStringIn, GBufOut, GSize, GSize*)’ is deprecated [-Wdeprecated-declarations]
[1.878s]   290 |           int error = GCommand(connection, command, buffer, BUFFER_LENGTH, &bytes_returned );
[1.878s]       |                       ~~~~~~~~^~~~~~~~~~~~~~~~~~~~~~~~~~~~~~~~~~~~~~~~~~~~~~~~~~~~~~~~~~~~~~
[1.878s] In file included from /usr/include/gclib.h:16,
[1.878s]                  from /home/amiro/Daniel/galil test/galil RSP/galil-RSP/galil_driver/include/galil_driver/hardware_interface.hpp:18,
[1.878s]                  from /home/amiro/Daniel/galil test/galil RSP/galil-RSP/galil_driver/src/hardware_interface.cpp:14:
[1.878s] /usr/include/gclib_compat.h:168:26: note: declared here
[1.878s]   168 | GCLIB_DEPRECATED GReturn GCommand(GCon g, GCStringIn command, GBufOut buffer, GSize buffer_len, GSize* bytes_returned);
[1.878s]       |                          ^~~~~~~~
[1.878s] /home/amiro/Daniel/galil test/galil RSP/galil-RSP/galil_driver/src/hardware_interface.cpp:285:16: warning: unused variable ‘channels’ [-Wunused-variable]
[1.878s]   285 |           char channels[] = "ABCD";
[1.878s]       |                ^~~~~~~~
[1.881s] /home/amiro/Daniel/galil test/galil RSP/galil-RSP/galil_driver/src/hardware_interface.cpp: In member function ‘virtual hardware_interface::return_type galil_driver::GalilSystemHardwareInterface::perform_command_mode_switch(const std::vector<std::__cxx11::basic_string<char> >&, const std::vector<std::__cxx11::basic_string<char> >&)’:
[1.881s] /home/amiro/Daniel/galil test/galil RSP/galil-RSP/galil_driver/src/hardware_interface.cpp:381:31: warning: ‘GReturn GCommand(GCon, GCStringIn, GBufOut, GSize, GSize*)’ is deprecated [-Wdeprecated-declarations]
[1.881s]   381 |           int error = GCommand(connection, command, buffer, BUFFER_LENGTH, &bytes_returned );
[1.881s]       |                       ~~~~~~~~^~~~~~~~~~~~~~~~~~~~~~~~~~~~~~~~~~~~~~~~~~~~~~~~~~~~~~~~~~~~~~
[1.881s] In file included from /usr/include/gclib.h:16,
[1.881s]                  from /home/amiro/Daniel/galil test/galil RSP/galil-RSP/galil_driver/include/galil_driver/hardware_interface.hpp:18,
[1.881s]                  from /home/amiro/Daniel/galil test/galil RSP/galil-RSP/galil_driver/src/hardware_interface.cpp:14:
[1.881s] /usr/include/gclib_compat.h:168:26: note: declared here
[1.881s]   168 | GCLIB_DEPRECATED GReturn GCommand(GCon g, GCStringIn command, GBufOut buffer, GSize buffer_len, GSize* bytes_returned);
[1.882s]       |                          ^~~~~~~~
[1.882s] /home/amiro/Daniel/galil test/galil RSP/galil-RSP/galil_driver/src/hardware_interface.cpp:376:16: warning: unused variable ‘channels’ [-Wunused-variable]
[1.882s]   376 |           char channels[] = "ABCD";
[1.882s]       |                ^~~~~~~~
[1.882s] /home/amiro/Daniel/galil test/galil RSP/galil-RSP/galil_driver/src/hardware_interface.cpp: In member function ‘virtual hardware_interface::return_type galil_driver::GalilSystemHardwareInterface::read(const rclcpp::Time&, const rclcpp::Duration&)’:
[1.882s] /home/amiro/Daniel/galil test/galil RSP/galil-RSP/galil_driver/src/hardware_interface.cpp:411:17: warning: ‘GReturn GCommand(GCon, GCStringIn, GBufOut, GSize, GSize*)’ is deprecated [-Wdeprecated-declarations]
[1.882s]   411 |     if( GCommand(connection, "TP", buffer, BUFFER_LENGTH, &bytes_returned ) == G_NO_ERROR ){
[1.882s]       |         ~~~~~~~~^~~~~~~~~~~~~~~~~~~~~~~~~~~~~~~~~~~~~~~~~~~~~~~~~~~~~~~~~~~
[1.882s] In file included from /usr/include/gclib.h:16,
[1.882s]                  from /home/amiro/Daniel/galil test/galil RSP/galil-RSP/galil_driver/include/galil_driver/hardware_interface.hpp:18,
[1.882s]                  from /home/amiro/Daniel/galil test/galil RSP/galil-RSP/galil_driver/src/hardware_interface.cpp:14:
[1.882s] /usr/include/gclib_compat.h:168:26: note: declared here
[1.882s]   168 | GCLIB_DEPRECATED GReturn GCommand(GCon g, GCStringIn command, GBufOut buffer, GSize buffer_len, GSize* bytes_returned);
[1.882s]       |                          ^~~~~~~~
[1.883s] /home/amiro/Daniel/galil test/galil RSP/galil-RSP/galil_driver/src/hardware_interface.cpp:423:40: warning: statement has no effect [-Wunused-value]
[1.883s]   423 |       hardware_interface::return_type::ERROR;
[1.883s]       |       ~~~~~~~~~~~~~~~~~~~~~~~~~~~~~~~~~^~~~~
[1.883s] /home/amiro/Daniel/galil test/galil RSP/galil-RSP/galil_driver/src/hardware_interface.cpp:425:17: warning: ‘GReturn GCommand(GCon, GCStringIn, GBufOut, GSize, GSize*)’ is deprecated [-Wdeprecated-declarations]
[1.883s]   425 |     if( GCommand(connection, "TV", buffer, BUFFER_LENGTH, &bytes_returned ) == G_NO_ERROR ){
[1.883s]       |         ~~~~~~~~^~~~~~~~~~~~~~~~~~~~~~~~~~~~~~~~~~~~~~~~~~~~~~~~~~~~~~~~~~~
[1.883s] In file included from /usr/include/gclib.h:16,
[1.883s]                  from /home/amiro/Daniel/galil test/galil RSP/galil-RSP/galil_driver/include/galil_driver/hardware_interface.hpp:18,
[1.883s]                  from /home/amiro/Daniel/galil test/galil RSP/galil-RSP/galil_driver/src/hardware_interface.cpp:14:
[1.883s] /usr/include/gclib_compat.h:168:26: note: declared here
[1.883s]   168 | GCLIB_DEPRECATED GReturn GCommand(GCon g, GCStringIn command, GBufOut buffer, GSize buffer_len, GSize* bytes_returned);
[1.883s]       |                          ^~~~~~~~
[1.883s] /home/amiro/Daniel/galil test/galil RSP/galil-RSP/galil_driver/src/hardware_interface.cpp:437:40: warning: statement has no effect [-Wunused-value]
[1.883s]   437 |       hardware_interface::return_type::ERROR;
[1.883s]       |       ~~~~~~~~~~~~~~~~~~~~~~~~~~~~~~~~~^~~~~
[1.884s] /home/amiro/Daniel/galil test/galil RSP/galil-RSP/galil_driver/src/hardware_interface.cpp: In member function ‘virtual hardware_interface::return_type galil_driver::GalilSystemHardwareInterface::write(const rclcpp::Time&, const rclcpp::Duration&)’:
[1.884s] /home/amiro/Daniel/galil test/galil RSP/galil-RSP/galil_driver/src/hardware_interface.cpp:528:27: warning: ‘GReturn GCommand(GCon, GCStringIn, GBufOut, GSize, GSize*)’ is deprecated [-Wdeprecated-declarations]
[1.884s]   528 |       int error = GCommand(connection, command, buffer, BUFFER_LENGTH, &bytes_returned );
[1.884s]       |                   ~~~~~~~~^~~~~~~~~~~~~~~~~~~~~~~~~~~~~~~~~~~~~~~~~~~~~~~~~~~~~~~~~~~~~~
[1.884s] In file included from /usr/include/gclib.h:16,
[1.884s]                  from /home/amiro/Daniel/galil test/galil RSP/galil-RSP/galil_driver/include/galil_driver/hardware_interface.hpp:18,
[1.884s]                  from /home/amiro/Daniel/galil test/galil RSP/galil-RSP/galil_driver/src/hardware_interface.cpp:14:
[1.884s] /usr/include/gclib_compat.h:168:26: note: declared here
[1.884s]   168 | GCLIB_DEPRECATED GReturn GCommand(GCon g, GCStringIn command, GBufOut buffer, GSize buffer_len, GSize* bytes_returned);
[1.884s]       |                          ^~~~~~~~
[1.884s] /home/amiro/Daniel/galil test/galil RSP/galil-RSP/galil_driver/src/hardware_interface.cpp:531:27: warning: ‘GReturn GCommand(GCon, GCStringIn, GBufOut, GSize, GSize*)’ is deprecated [-Wdeprecated-declarations]
[1.884s]   531 |           error = GCommand(connection, "BG", buffer, BUFFER_LENGTH, &bytes_returned );
[1.885s]       |                   ~~~~~~~~^~~~~~~~~~~~~~~~~~~~~~~~~~~~~~~~~~~~~~~~~~~~~~~~~~~~~~~~~~~
[1.885s] In file included from /usr/include/gclib.h:16,
[1.885s]                  from /home/amiro/Daniel/galil test/galil RSP/galil-RSP/galil_driver/include/galil_driver/hardware_interface.hpp:18,
[1.885s]                  from /home/amiro/Daniel/galil test/galil RSP/galil-RSP/galil_driver/src/hardware_interface.cpp:14:
[1.885s] /usr/include/gclib_compat.h:168:26: note: declared here
[1.885s]   168 | GCLIB_DEPRECATED GReturn GCommand(GCon g, GCStringIn command, GBufOut buffer, GSize buffer_len, GSize* bytes_returned);
[1.885s]       |                          ^~~~~~~~
[1.885s] /home/amiro/Daniel/galil test/galil RSP/galil-RSP/galil_driver/src/hardware_interface.cpp:536:29: warning: ‘GReturn GCommand(GCon, GCStringIn, GBufOut, GSize, GSize*)’ is deprecated [-Wdeprecated-declarations]
[1.885s]   536 |             error = GCommand(connection, "TC1", buffer, BUFFER_LENGTH, &bytes_returned );
[1.885s]       |                     ~~~~~~~~^~~~~~~~~~~~~~~~~~~~~~~~~~~~~~~~~~~~~~~~~~~~~~~~~~~~~~~~~~~~
[1.885s] In file included from /usr/include/gclib.h:16,
[1.885s]                  from /home/amiro/Daniel/galil test/galil RSP/galil-RSP/galil_driver/include/galil_driver/hardware_interface.hpp:18,
[1.885s]                  from /home/amiro/Daniel/galil test/galil RSP/galil-RSP/galil_driver/src/hardware_interface.cpp:14:
[1.885s] /usr/include/gclib_compat.h:168:26: note: declared here
[1.885s]   168 | GCLIB_DEPRECATED GReturn GCommand(GCon g, GCStringIn command, GBufOut buffer, GSize buffer_len, GSize* bytes_returned);
[1.885s]       |                          ^~~~~~~~
[1.885s] /home/amiro/Daniel/galil test/galil RSP/galil-RSP/galil_driver/src/hardware_interface.cpp:538:46: warning: statement has no effect [-Wunused-value]
[1.886s]   538 |             hardware_interface::return_type::ERROR;
[1.886s]       |             ~~~~~~~~~~~~~~~~~~~~~~~~~~~~~~~~~^~~~~
[1.886s] /home/amiro/Daniel/galil test/galil RSP/galil-RSP/galil_driver/src/hardware_interface.cpp:545:25: warning: ‘GReturn GCommand(GCon, GCStringIn, GBufOut, GSize, GSize*)’ is deprecated [-Wdeprecated-declarations]
[1.886s]   545 |         error = GCommand(connection, "TC1", buffer, BUFFER_LENGTH, &bytes_returned );
[1.886s]       |                 ~~~~~~~~^~~~~~~~~~~~~~~~~~~~~~~~~~~~~~~~~~~~~~~~~~~~~~~~~~~~~~~~~~~~
[1.886s] In file included from /usr/include/gclib.h:16,
[1.886s]                  from /home/amiro/Daniel/galil test/galil RSP/galil-RSP/galil_driver/include/galil_driver/hardware_interface.hpp:18,
[1.886s]                  from /home/amiro/Daniel/galil test/galil RSP/galil-RSP/galil_driver/src/hardware_interface.cpp:14:
[1.886s] /usr/include/gclib_compat.h:168:26: note: declared here
[1.886s]   168 | GCLIB_DEPRECATED GReturn GCommand(GCon g, GCStringIn command, GBufOut buffer, GSize buffer_len, GSize* bytes_returned);
[1.886s]       |                          ^~~~~~~~
[1.886s] /home/amiro/Daniel/galil test/galil RSP/galil-RSP/galil_driver/src/hardware_interface.cpp:547:42: warning: statement has no effect [-Wunused-value]
[1.886s]   547 |         hardware_interface::return_type::ERROR;
[1.886s]       |         ~~~~~~~~~~~~~~~~~~~~~~~~~~~~~~~~~^~~~~
[2.297s] /home/amiro/Daniel/galil test/galil RSP/galil-RSP/galil_driver/src/hardware_interface.cpp:513:36: warning: ‘%c’ directive writing 1 byte into a region of size between 0 and 1023 [-Wformat-overflow=]
[2.297s]   513 |           { sprintf( command, "%s%d%c", command, ((int)(hw_commands_position_[i]*gears_m_2_cnt[i])), separator ); }
[2.297s]       |                                    ^~
[2.297s] /home/amiro/Daniel/galil test/galil RSP/galil-RSP/galil_driver/src/hardware_interface.cpp:513:20: note: ‘sprintf’ output between 3 and 1036 bytes into a destination of size 1024
[2.297s]   513 |           { sprintf( command, "%s%d%c", command, ((int)(hw_commands_position_[i]*gears_m_2_cnt[i])), separator ); }
[2.297s]       |             ~~~~~~~^~~~~~~~~~~~~~~~~~~~~~~~~~~~~~~~~~~~~~~~~~~~~~~~~~~~~~~~~~~~~~~~~~~~~~~~~~~~~~~~~~~~~~~~~~~~~
[2.297s] /home/amiro/Daniel/galil test/galil RSP/galil-RSP/galil_driver/src/hardware_interface.cpp:513:20: warning: ‘sprintf’ argument 3 overlaps destination object ‘command’ [-Wrestrict]
[2.297s] /home/amiro/Daniel/galil test/galil RSP/galil-RSP/galil_driver/src/hardware_interface.cpp:492:10: note: destination object referenced by ‘restrict’-qualified argument 1 was declared here
[2.297s]   492 |     char command[1024]="";
[2.297s]       |          ^~~~~~~
[2.297s] /home/amiro/Daniel/galil test/galil RSP/galil-RSP/galil_driver/src/hardware_interface.cpp:519:34: warning: ‘%c’ directive writing 1 byte into a region of size between 0 and 1023 [-Wformat-overflow=]
[2.297s]   519 |           sprintf( command, "%s%d%c", command, ((int)(hw_commands_position_[i]*gears_m_2_cnt[i])), separator );
[2.298s]       |                                  ^~
[2.298s] /home/amiro/Daniel/galil test/galil RSP/galil-RSP/galil_driver/src/hardware_interface.cpp:519:18: note: ‘sprintf’ output between 3 and 1036 bytes into a destination of size 1024
[2.298s]   519 |           sprintf( command, "%s%d%c", command, ((int)(hw_commands_position_[i]*gears_m_2_cnt[i])), separator );
[2.298s]       |           ~~~~~~~^~~~~~~~~~~~~~~~~~~~~~~~~~~~~~~~~~~~~~~~~~~~~~~~~~~~~~~~~~~~~~~~~~~~~~~~~~~~~~~~~~~~~~~~~~~~~
[2.298s] /home/amiro/Daniel/galil test/galil RSP/galil-RSP/galil_driver/src/hardware_interface.cpp:519:18: warning: ‘sprintf’ argument 3 overlaps destination object ‘command’ [-Wrestrict]
[2.298s] /home/amiro/Daniel/galil test/galil RSP/galil-RSP/galil_driver/src/hardware_interface.cpp:492:10: note: destination object referenced by ‘restrict’-qualified argument 1 was declared here
[2.298s]   492 |     char command[1024]="";
[2.298s]       |          ^~~~~~~
[2.786s] [100%] Linking CXX shared library libgalil_driver_plugin.so
[3.227s] [100%] Built target galil_driver_plugin
[3.236s] Invoked command in '/home/amiro/Daniel/galil test/galil RSP/galil-RSP/build/galil_driver' returned '0': CMAKE_PREFIX_PATH=/opt/ros/humble /usr/bin/cmake --build /home/amiro/Daniel/galil test/galil RSP/galil-RSP/build/galil_driver -- -j20 -l20
[3.238s] Invoking command in '/home/amiro/Daniel/galil test/galil RSP/galil-RSP/build/galil_driver': CMAKE_PREFIX_PATH=/opt/ros/humble /usr/bin/cmake --install /home/amiro/Daniel/galil test/galil RSP/galil-RSP/build/galil_driver
[3.246s] -- Install configuration: ""
[3.246s] -- Up-to-date: /home/amiro/Daniel/galil test/galil RSP/galil-RSP/install/galil_driver/share/galil_driver/hardware_interface_plugin.xml
[3.246s] -- Installing: /home/amiro/Daniel/galil test/galil RSP/galil-RSP/install/galil_driver/lib/libgalil_driver_plugin.so
[3.247s] -- Set runtime path of "/home/amiro/Daniel/galil test/galil RSP/galil-RSP/install/galil_driver/lib/libgalil_driver_plugin.so" to ""
[3.247s] -- Up-to-date: /home/amiro/Daniel/galil test/galil RSP/galil-RSP/install/galil_driver/share/galil_driver/launch
[3.247s] -- Up-to-date: /home/amiro/Daniel/galil test/galil RSP/galil-RSP/install/galil_driver/share/galil_driver/launch/demo.launch.py
[3.247s] -- Up-to-date: /home/amiro/Daniel/galil test/galil RSP/galil-RSP/install/galil_driver/share/galil_driver/launch/view.launch.py
[3.247s] -- Installing: /home/amiro/Daniel/galil test/galil RSP/galil-RSP/install/galil_driver/share/galil_driver/launch/mariana_view.launch.py
[3.247s] -- Up-to-date: /home/amiro/Daniel/galil test/galil RSP/galil-RSP/install/galil_driver/share/galil_driver/config
[3.247s] -- Installing: /home/amiro/Daniel/galil test/galil RSP/galil-RSP/install/galil_driver/share/galil_driver/config/galil_controllers.yaml
[3.248s] -- Up-to-date: /home/amiro/Daniel/galil test/galil RSP/galil-RSP/install/galil_driver/include/include
[3.248s] -- Up-to-date: /home/amiro/Daniel/galil test/galil RSP/galil-RSP/install/galil_driver/include/include/galil_driver
[3.248s] -- Installing: /home/amiro/Daniel/galil test/galil RSP/galil-RSP/install/galil_driver/include/include/galil_driver/hardware_interface.hpp
[3.248s] -- Up-to-date: /home/amiro/Daniel/galil test/galil RSP/galil-RSP/install/galil_driver/share/galil_driver/environment/library_path.sh
[3.248s] -- Up-to-date: /home/amiro/Daniel/galil test/galil RSP/galil-RSP/install/galil_driver/share/galil_driver/environment/library_path.dsv
[3.248s] -- Up-to-date: /home/amiro/Daniel/galil test/galil RSP/galil-RSP/install/galil_driver/share/ament_index/resource_index/package_run_dependencies/galil_driver
[3.248s] -- Up-to-date: /home/amiro/Daniel/galil test/galil RSP/galil-RSP/install/galil_driver/share/ament_index/resource_index/parent_prefix_path/galil_driver
[3.248s] -- Up-to-date: /home/amiro/Daniel/galil test/galil RSP/galil-RSP/install/galil_driver/share/galil_driver/environment/ament_prefix_path.sh
[3.248s] -- Up-to-date: /home/amiro/Daniel/galil test/galil RSP/galil-RSP/install/galil_driver/share/galil_driver/environment/ament_prefix_path.dsv
[3.248s] -- Up-to-date: /home/amiro/Daniel/galil test/galil RSP/galil-RSP/install/galil_driver/share/galil_driver/environment/path.sh
[3.248s] -- Up-to-date: /home/amiro/Daniel/galil test/galil RSP/galil-RSP/install/galil_driver/share/galil_driver/environment/path.dsv
[3.248s] -- Up-to-date: /home/amiro/Daniel/galil test/galil RSP/galil-RSP/install/galil_driver/share/galil_driver/local_setup.bash
[3.248s] -- Up-to-date: /home/amiro/Daniel/galil test/galil RSP/galil-RSP/install/galil_driver/share/galil_driver/local_setup.sh
[3.248s] -- Up-to-date: /home/amiro/Daniel/galil test/galil RSP/galil-RSP/install/galil_driver/share/galil_driver/local_setup.zsh
[3.248s] -- Up-to-date: /home/amiro/Daniel/galil test/galil RSP/galil-RSP/install/galil_driver/share/galil_driver/local_setup.dsv
[3.248s] -- Installing: /home/amiro/Daniel/galil test/galil RSP/galil-RSP/install/galil_driver/share/galil_driver/package.dsv
[3.248s] -- Up-to-date: /home/amiro/Daniel/galil test/galil RSP/galil-RSP/install/galil_driver/share/ament_index/resource_index/packages/galil_driver
[3.249s] -- Up-to-date: /home/amiro/Daniel/galil test/galil RSP/galil-RSP/install/galil_driver/share/ament_index/resource_index/hardware_interface__pluginlib__plugin/galil_driver
[3.249s] -- Up-to-date: /home/amiro/Daniel/galil test/galil RSP/galil-RSP/install/galil_driver/share/galil_driver/cmake/ament_cmake_export_include_directories-extras.cmake
[3.249s] -- Up-to-date: /home/amiro/Daniel/galil test/galil RSP/galil-RSP/install/galil_driver/share/galil_driver/cmake/ament_cmake_export_libraries-extras.cmake
[3.249s] -- Up-to-date: /home/amiro/Daniel/galil test/galil RSP/galil-RSP/install/galil_driver/share/galil_driver/cmake/ament_cmake_export_dependencies-extras.cmake
[3.249s] -- Up-to-date: /home/amiro/Daniel/galil test/galil RSP/galil-RSP/install/galil_driver/share/galil_driver/cmake/galil_driverConfig.cmake
[3.249s] -- Up-to-date: /home/amiro/Daniel/galil test/galil RSP/galil-RSP/install/galil_driver/share/galil_driver/cmake/galil_driverConfig-version.cmake
[3.249s] -- Up-to-date: /home/amiro/Daniel/galil test/galil RSP/galil-RSP/install/galil_driver/share/galil_driver/package.xml
[3.251s] Invoked command in '/home/amiro/Daniel/galil test/galil RSP/galil-RSP/build/galil_driver' returned '0': CMAKE_PREFIX_PATH=/opt/ros/humble /usr/bin/cmake --install /home/amiro/Daniel/galil test/galil RSP/galil-RSP/build/galil_driver
